"EventRecordID\":32597,\"Execution\":{\"@ProcessID\":0,\"@ThreadID\":0},\"Keywords\":\"0x80000000000000\",\"Level\":2,\"Opcode\":0,\"Provider\":{\"@EventSourceName\":\"Software Protection Platform Service\",\"@Guid\":\"{E23B33B0-C8C9-472C-A5F9-F2BDFEA0F156}\",\"@Name\":\"Microsoft-Windows-Security-SPP\"},\"Security\":{},\"Task\":0,\"TimeCreated\":{\"@SystemTime\":\"2020-11-01T11:52:55.5240598Z\"},\"Version\":0}}}", "{\"Event\":{\"EventData\":{\"Data\":[{},0,\"StoreAgentScanForUpdatesFailure0\",\"Not available\",0,\"Update;\",80070422,19042,546,\"Windows.Desktop\",{},{},{},{},{},\"\\\\\\\\?\\\\C:\\\\ProgramData\\\\Microsoft\\\\Windows\\\\WER\\\\Temp\\\\WER52A2.tmp.WERInternalMetadata.xml\\r\\n\\\\\\\\?\\\\C:\\\\ProgramData\\\\Microsoft\\\\Windows\\\\WER\\\\Temp\\\\WER52C2.tmp.xml\\r\\n\\\\\\\\?\\\\C:\\\\ProgramData\\\\Microsoft\\\\Windows\\\\WER\\\\Temp\\\\WER53C9.tmp.csv\\r\\n\\\\\\\\?\\\\C:\\\\ProgramData\\\\Microsoft\\\\Windows\\\\WER\\\\Temp\\\\WER5475.tmp.txt\",\"\\\\\\\\?\\\\C:\\\\ProgramData\\\\Microsoft\\\\Windows\\\\WER\\\\ReportQueue\\\\NonCritical_Update;_69777754c80df81cdefa65a228dcb2bcf791e_00000000_cab_23b0174b-5255-46c9-86ed-dadf4968fb37\",{},0,\"23b0174b-5255-46c9-86ed-dadf4968fb37\",4,{},0]},\"System\":{\"Channel\":\"Application\",\"Computer\":\"Chotu\",\"Correlation\":{},\"EventID\":{\"#text\":1001,\"@Qualifiers\":0},\"EventRecordID\":32598,\"Execution\":{\"@ProcessID\":0,\"@ThreadID\":0},\"Keywords\":\"0x80000000000000\",\"Level\":4,\"Opcode\":0,\"Provider\":{\"@Name\":\"Windows Error Reporting\"},\"Security\":{},\"Task\":0,\"TimeCreated\":{\"@SystemTime\":\"2020-11-01T11:53:17.7278121Z\"},\"Version\":0}}}", "{\"Event\":{\"EventData\":{\"Data\":[1344458220180681440,5,\"StoreAgentScanForUpdatesFailure0\",\"Not available\",0,\"Update;\",80070422,19042,546,\"Windows.Desktop\",{},{},{},{},{},\"\\\\\\\\?\\\\C:\\\\ProgramData\\\\Microsoft\\\\Windows\\\\WER\\\\Temp\\\\WER52A2.tmp.WERInternalMetadata.xml\\r\\n\\\\\\\\?\\\\C:\\\\ProgramData\\\\Microsoft\\\\Windows\\\\WER\\\\Temp\\\\WER52C2.tmp.xml\\r\\n\\\\\\\\?\\\\C:\\\\ProgramData\\\\Microsoft\\\\Windows\\\\WER\\\\Temp\\\\WER53C9.tmp.csv\\r\\n\\\\\\\\?\\\\C:\\\\ProgramData\\\\Microsoft\\\\Windows\\\\WER\\\\Temp\\\\WER5475.tmp.txt\",\"\\\\\\\\?\\\\C:\\\\ProgramData\\\\Microsoft\\\\Windows\\\\WER\\\\ReportArchive\\\\NonCritical_Update;_69777754c80df81cdefa65a228dcb2bcf791e_00000000_23b0174b-5255-46c9-86ed-dadf4968fb37\",{},0,\"23b0174b-5255-46c9-86ed-dadf4968fb37\",268435456,\"65987502591e892b32a879a0c53932e0\",0]},\"System\":{\"Channel\":\"Application\",\"Computer\":\"Chotu\",\"Correlation\":{},\"EventID\":{\"#text\":1001,\"@Qualifiers\":0},\"EventRecordID\":32599,\"Execution\":{\"@ProcessID\":0,\"@ThreadID\":0},\"Keywords\":\"0x80000000000000\",\"Level\":4,\"Opcode\":0,\"Provider\":{\"@Name\":\"Windows Error Reporting\"},\"Security\":{},\"Task\":0,\"TimeCreated\":{\"@SystemTime\":\"2020-11-01T11:53:40.2914615Z\"},\"Version\":0}}}", "{\"Event\":{\"EventData\":{\"Data\":[\"2020-11-01T13:51:46Z\",\"RulesEngine\"]},\"System\":{\"Channel\":\"Application\",\"Computer\":\"Chotu\",\"Correlation\":{},\"EventID\":{\"#text\":16384,\"@Qualifiers\":16384},\"EventRecordID\":32600,\"Execution\":{\"@ProcessID\":0,\"@ThreadID\":0},\"Keywords\":\"0x80000000000000\",\"Level\":4,\"Opcode\":0,\"Provider\":{\"@EventSourceName\":\"Software Protection Platform Service\",\"@Guid\":\"{E23B33B0-C8C9-472C-A5F9-F2BDFEA0F156}\",\"@Name\":\"Microsoft-Windows-Security-SPP\"},\"Security\":{},\"Task\":0,\"TimeCreated\":{\"@SystemTime\":\"2020-11-01T11:53:46.4318748Z\"},\"Version\":0}}}", "{\"Event\":{\"EventData\":{},\"System\":{\"Channel\":\"Application\",\"Computer\":\"Chotu\",\"Correlation\":{},\"EventID\":{\"#text\":16394,\"@Qualifiers\":49152},\"EventRecordID\":32601,\"Execution\":{\"@ProcessID\":0,\"@ThreadID\":0},\"Keywords\":\"0x80000000000000\",\"Level\":4,\"Opcode\":0,\"Provider\":{\"@EventSourceName\":\"Software Protection Platform Service\",\"@Guid\":\"{E23B33B0-C8C9-472C-A5F9-F2BDFEA0F156}\",\"@Name\":\"Microsoft-Windows-Security-SPP\"},\"Security\":{},\"Task\":0,\"TimeCreated\":{\"@SystemTime\":\"2020-11-01T11:54:07.3234052Z\"},\"Version\":0}}}", "{\"Event\":{\"EventData\":{\"Data\":[\"2020-11-01T13:51:59Z\",\"RulesEngine\"]},\"System\":{\"Channel\":\"Application\",\"Computer\":\"Chotu\",\"Correlation\":{},\"EventID\":{\"#text\":16384,\"@Qualifiers\":16384},\"EventRecordID\":32602,\"Execution\":{\"@ProcessID\":0,\"@ThreadID\":0},\"Keywords\":\"0x80000000000000\",\"Level\":4,\"Opcode\":0,\"Provider\":{\"@EventSourceName\":\"Software Protection Platform Service\",\"@Guid\":\"{E23B33B0-C8C9-472C-A5F9-F2BDFEA0F156}\",\"@Name\":\"Microsoft-Windows-Security-SPP\"},\"Security\":{},\"Task\":0,\"TimeCreated\":{\"@SystemTime\":\"2020-11-01T11:55:00.0481589Z\"},\"Version\":0}}}", "{\"Event\":{\"EventData\":{\"Data\":[\"Video.UI\",\"7600,P,98\",\"{B4DCE1CD-7634-4BDA-B673-01C8EA18B6D3}:\",0,10,0,19042,0]},\"System\":{\"Channel\":\"Application\",\"Computer\":\"Chotu\",\"Correlation\":{},\"EventID\":{\"#text\":102,\"@Qualifiers\":0},\"EventRecordID\":32603,\"Execution\":{\"@ProcessID\":0,\"@ThreadID\":0},\"Keywords\":\"0x80000000000000\",\"Level\":4,\"Opcode\":0,\"Provider\":{\"@Name\":\"ESENT\"},\"Security\":{},\"Task\":1,\"TimeCreated\":{\"@SystemTime\":\"2020-11-01T11:55:52.6104219Z\"},\"Version\":0}}}", "{\"Event\":{\"EventData\":{\"Data\":[\"Video.UI\",\"7600,R,98\",\"{B4DCE1CD-7634-4BDA-B673-01C8EA18B6D3}:\"]},\"System\":{\"Channel\":\"Application\",\"Computer\":\"Chotu\",\"Correlation\":{},\"EventID\":{\"#text\":300,\"@Qualifiers\":0},\"EventRecordID\":32604,\"Execution\":{\"@ProcessID\":0,\"@ThreadID\":0},\"Keywords\":\"0x80000000000000\",\"Level\":4,\"Opcode\":0,\"Provider\":{\"@Name\":\"ESENT\"},\"Security\":{},\"Task\":3,\"TimeCreated\":{\"@SystemTime\":\"2020-11-01T11:55:52.8291675Z\"},\"Version\":0}}}", "{\"Event\":{\"EventData\":{\"Data\":[\"Video.UI\",\"7600,R,98\",\"{B4DCE1CD-7634-4BDA-B673-01C8EA18B6D3}:\",\"0x410022D8 (8920 | JET_efvAllowHigherPersistedFormat)\",\"9180 (0x23dc)\",\"1568.20.0\"]},\"System\":{\"Channel\":\"Application\",\"Computer\":\"Chotu\",\"Correlation\":{},\"EventID\":{\"#text\":642,\"@Qualifiers\":0},\"EventRecordID\":32605,\"Execution\":{\"@ProcessID\":0,\"@ThreadID\":0},\"Keywords\":\"0x80000000000000\",\"Level\":3,\"Opcode\":0,\"Provider\":{\"@Name\":\"ESENT\"},\"Security\":{},\"Task\":1,\"TimeCreated\":{\"@SystemTime\":\"2020-11-01T11:55:52.9541649Z\"},\"Version\":0}}}", "{\"Event\":{\"EventData\":{\"Data\":[\"Video.UI\",\"7600,R,98\",\"{B4DCE1CD-7634-4BDA-B673-01C8EA18B6D3}:\",\"C:\\\\Users\\\\huzail\\\\AppData\\\\Local\\\\Packages\\\\Microsoft.ZuneVideo_8wekyb3d8bbwe\\\\LocalState\\\\Database\\\\2e76e513a7eaf3b4\\\\EntClientDb.edb\",\"0x410022D8 (8920 | JET_efvAllowHigherPersistedFormat)\",\"8920 (0x22d8)\",\"9180 (0x23dc)\"]},\"System\":{\"Channel\":\"Application\",\"Computer\":\"Chotu\",\"Correlation\":{},\"EventID\":{\"#text\":330,\"@Qualifiers\":0},\"EventRecordID\":32606,\"Execution\":{\"@ProcessID\":0,\"@ThreadID\":0},\"Keywords\":\"0x80000000000000\",\"Level\":4,\"Opcode\":0,\"Provider\":{\"@Name\":\"ESENT\"},\"Security\":{},\"Task\":1,\"TimeCreated\":{\"@SystemTime\":\"2020-11-01T11:55:52.9541649Z\"},\"Version\":0}}}", "{\"Event\":{\"EventData\":{\"Data\":[\"Video.UI\",\"7600,R,98\",\"{B4DCE1CD-7634-4BDA-B673-01C8EA18B6D3}:\",\"C:\\\\Users\\\\huzail\\\\AppData\\\\Local\\\\Packages\\\\Microsoft.ZuneVideo_8wekyb3d8bbwe\\\\LocalState\\\\Database\\\\2e76e513a7eaf3b4\\\\edb.log\",\"[1] 0.120700 -0.013147 (59) WT +J(CM:0, PgRf:0, Rd:0/0, Dy:0/0, Lg:600314/388) +M(C:0K, Fs:3920, WS:1284K # 1236K, PF:300K # 232K, P:300K).\",\"AttachDB\",46]},\"System\":{\"Channel\":\"Application\",\"Computer\":\"Chotu\",\"Correlation\":{},\"EventID\":{\"#text\":301,\"@Qualifiers\":0},\"EventRecordID\":32607,\"Execution\":{\"@ProcessID\":0,\"@ThreadID\":0},\"Keywords\":\"0x80000000000000\",\"Level\":4,\"Opcode\":0,\"Provider\":{\"@Name\":\"ESENT\"},\"Security\":{},\"Task\":3,\"TimeCreated\":{\"@SystemTime\":\"2020-11-01T11:55:52.9854091Z\"},\"Version\":0}}}", "{\"Event\":{\"EventData\":{\"Data\":[\"Video.UI\",\"7600,U,98\",\"{B4DCE1CD-7634-4BDA-B673-01C8EA18B6D3}:\"]},\"System\":{\"Channel\":\"Application\",\"Computer\":\"Chotu\",\"Correlation\":{},\"EventID\":{\"#text\":302,\"@Qualifiers\":0},\"EventRecordID\":32608,\"Execution\":{\"@ProcessID\":0,\"@ThreadID\":0},\"Keywords\":\"0x80000000000000\",\"Level\":4,\"Opcode\":0,\"Provider\":{\"@Name\":\"ESENT\"},\"Security\":{},\"Task\":3,\"TimeCreated\":{\"@SystemTime\":\"2020-11-01T11:55:53.0166595Z\"},\"Version\":0}}}", "{\"Event\":{\"EventData\":{\"Data\":[\"Video.UI\",\"7600,D,0\",\"{B4DCE1CD-7634-4BDA-B673-01C8EA18B6D3}:\",0,0,\"[1] 0.001976 +J(0) +M(C:0K, Fs:169, WS:656K # 656K, PF:2524K # 2524K, P:2524K)\\n[2] 0.000629 +J(0) +M(C:0K, Fs:103, WS:404K # 408K, PF:332K # 332K, P:332K)\\n[3] 0.000041 +J(0) +M(C:0K, Fs:5, WS:20K # 16K, PF:64K # 64K, P:64K)\\n[4] 0.000437 +J(0) +M(C:0K, Fs:36, WS:144K # 144K, PF:160K # 160K, P:160K)\\n[5] 0.005179 +J(0) +M(C:0K, Fs:14, WS:56K # 56K, PF:20K # 20K, P:20K)\\n[6] 0.004087 +J(0) +M(C:0K, Fs:26, WS:104K # 104K, PF:12K # 12K, P:12K)\\n[7] 0.202294 -0.198405 (9) WT +J(0) +M(C:0K, Fs:603, WS:2380K # 2380K, PF:2012K # 2092K, P:2012K)\\n[8] 0.165390 -0.050923 (63) WT +J(CM:0, PgRf:0, Rd:0/0, Dy:0/0, Lg:600314/388) +M(C:0K, Fs:4042, WS:1688K # 1692K, PF:620K # 548K, P:620K)\\n[9] 0.000795 +J(0) +M(C:0K, Fs:6, WS:24K # 20K, PF:0K # 0K, P:0K)\\n[10] 0.003007 -0.000008 (8) WT +J(0) +M(C:0K, Fs:1, WS:-2044K # 0K, PF:-2044K # 0K, P:-2044K)\\n[11] 0.000043 +J(CM:0, PgRf:0, Rd:0/0, Dy:0/0, Lg:49/1) +M(C:0K, Fs:2, WS:8K # 0K, PF:0K # 0K, P:0K)\\n[12] 0.011713 -0.011572 (2) WT +J(0) +M(C:0K, Fs:2, WS:8K # 0K, PF:0K # 0K, P:0K)\\n[13] 0.034447 -0.000689 (2) CM -0.013215 (28) WT +J(CM:2, PgRf:2, Rd:0/2, Dy:0/0, Lg:8759/5) +M(C:0K, Fs:610, WS:56K # 76K, PF:-80K # 0K, P:-80K)\\n[14] 0.000021 +J(0)\\n[15] 0.000014 +J(0)\\n[16] 0.000882 -0.000001 (1) WT +J(0) +M(C:0K, Fs:2, WS:0K # 0K, PF:0K # 0K, P:0K).\",\"lgposV2[] = 00000002:0001:0000 - 00000002:0095:002B - 00000002:0096:0000 - 00000002:0096:0000 (00000000:0000:0000)\\ncReInits = 46\"]},\"System\":{\"Channel\":\"Application\",\"Computer\":\"Chotu\",\"Correlation\":{},\"EventID\":{\"#text\":105,\"@Qualifiers\":0},\"EventRecordID\":32609,\"Execution\":{\"@ProcessID\":0,\"@ThreadID\":0},\"Keywords\":\"0x80000000000000\",\"Level\":4,\"Opcode\":0,\"Provider\":{\"@Name\":\"ESENT\"},\"Security\":{},\"Task\":1,\"TimeCreated\":{\"@SystemTime\":\"2020-11-01T11:55:53.0322832Z\"},\"Version\":0}}}", "{\"Event\":{\"EventData\":{\"Data\":[\"Video.UI\",\"7600,D,50\",\"{B4DCE1CD-7634-4BDA-B673-01C8EA18B6D3}:\",\"0x410022D8 (8920 | JET_efvAllowHigherPersistedFormat)\",\"9180 (0x23dc)\",\"1568.20.0\"]},\"System\":{\"Channel\":\"Application\",\"Computer\":\"Chotu\",\"Correlation\":{},\"EventID\":{\"#text\":642,\"@Qualifiers\":0},\"EventRecordID\":32610,\"Execution\":{\"@ProcessID\":0,\"@ThreadID\":0},\"Keywords\":\"0x80000000000000\",\"Level\":3,\"Opcode\":0,\"Provider\":{\"@Name\":\"ESENT\"},\"Security\":{},\"Task\":1,\"TimeCreated\":{\"@SystemTime\":\"2020-11-01T11:55:53.0322832Z\"},\"Version\":0}}}", "{\"Event\":{\"EventData\":{\"Data\":[\"Video.UI\",\"7600,D,50\",\"{B4DCE1CD-7634-4BDA-B673-01C8EA18B6D3}:\",\"C:\\\\Users\\\\huzail\\\\AppData\\\\Local\\\\Packages\\\\Microsoft.ZuneVideo_8wekyb3d8bbwe\\\\LocalState\\\\Database\\\\2e76e513a7eaf3b4\\\\EntClientDb.edb\",\"0x410022D8 (8920 | JET_efvAllowHigherPersistedFormat)\",\"8920 (0x22d8)\",\"9180 (0x23dc)\"]},\"System\":{\"Channel\":\"Application\",\"Computer\":\"Chotu\",\"Correlation\":{},\"EventID\":{\"#text\":330,\"@Qualifiers\":0},\"EventRecordID\":32611,\"Execution\":{\"@ProcessID\":0,\"@ThreadID\":0},\"Keywords\":\"0x80000000000000\",\"Level\":4,\"Opcode\":0,\"Provider\":{\"@Name\":\"ESENT\"},\"Security\":{},\"Task\":1,\"TimeCreated\":{\"@SystemTime\":\"2020-11-01T11:55:53.0479075Z\"},\"Version\":0}}}", "{\"Event\":{\"EventData\":{\"Data\":[\"Video.UI\",\"7600,D,50\",\"{B4DCE1CD-7634-4BDA-B673-01C8EA18B6D3}:\",\"0x410022D8 (8920 | JET_efvAllowHigherPersistedFormat)\",\"8940 (0x22ec - 8.6.20)\",\"8.5.16\"]},\"System\":{\"Channel\":\"Application\",\"Computer\":\"Chotu\",\"Correlation\":{},\"EventID\":{\"#text\":641,\"@Qualifiers\":0},\"EventRecordID\":32612,\"Execution\":{\"@ProcessID\":0,\"@ThreadID\":0},\"Keywords\":\"0x80000000000000\",\"Level\":4,\"Opcode\":0,\"Provider\":{\"@Name\":\"ESENT\"},\"Security\":{},\"Task\":1,\"TimeCreated\":{\"@SystemTime\":\"2020-11-01T11:55:53.0479075Z\"},\"Version\":0}}}", "{\"Event\":{\"EventData\":{\"Data\":[\"Video.UI\",\"7600,D,50\",\"{B4DCE1CD-7634-4BDA-B673-01C8EA18B6D3}:\",1,\"C:\\\\Users\\\\huzail\\\\AppData\\\\Local\\\\Packages\\\\Microsoft.ZuneVideo_8wekyb3d8bbwe\\\\LocalState\\\\Database\\\\2e76e513a7eaf3b4\\\\EntClientDb.edb\",0,\"[1] 0.000004 +J(0)\\n[2] 0.001301 -0.000001 (1) WT +J(0) +M(C:0K, Fs:18, WS:8K # 0K, PF:8K # 0K, P:8K)\\n[3] 0.008559 -0.001486 (6) WT +J(CM:0, PgRf:0, Rd:0/0, Dy:0/0, Lg:3480/2) +M(C:0K, Fs:11, WS:36K # 0K, PF:36K # 0K, P:36K)\\n[4] 0.000551 +J(0)\\n[5] -\\n[6] -\\n[7] -\\n[8] 0.002140 -0.000412 (2) CM +J(CM:2, PgRf:2, Rd:14/2, Dy:0/0, Lg:0/0) +M(C:0K, Fs:8, WS:24K # 0K, PF:120K # 0K, P:120K)\\n[9] 0.027523 -0.001053 (5) CM -0.025959 (2) WT +J(CM:5, PgRf:23, Rd:0/5, Dy:0/0, Lg:0/0) +M(C:0K, Fs:35, WS:132K # 0K, PF:200K # 0K, P:200K)\\n[10] 0.000204 -0.000012 (2) CM +J(CM:2, PgRf:40, Rd:0/2, Dy:0/0, Lg:0/0) +M(C:0K, Fs:6, WS:24K # 0K, PF:64K # 0K, P:64K)\\n[11] 0.000017 +J(CM:0, PgRf:1, Rd:0/0, Dy:0/0, Lg:0/0) +M(C:0K, Fs:1, WS:4K # 0K, PF:0K # 0K, P:0K)\\n[12] 0.000062 +J(CM:0, PgRf:42, Rd:0/0, Dy:0/0, Lg:0/0) +M(C:0K, Fs:3, WS:12K # 0K, PF:0K # 0K, P:0K)\\n[13] 0.000001 +J(0)\\n[14] 0.000001 +J(0)\\n[15] 0.000009 +J(CM:0, PgRf:1, Rd:0/0, Dy:0/0, Lg:0/0).\",\"0 0\",\"lgposAttach = 00000002:0098:0268,\\ndbv = 1568.20.0\"]},\"System\":{\"Channel\":\"Application\",\"Computer\":\"Chotu\",\"Correlation\":{},\"EventID\":{\"#text\":326,\"@Qualifiers\":0},\"EventRecordID\":32613,\"Execution\":{\"@ProcessID\":0,\"@ThreadID\":0},\"Keywords\":\"0x80000000000000\",\"Level\":4,\"Opcode\":0,\"Provider\":{\"@Name\":\"ESENT\"},\"Security\":{},\"Task\":1,\"TimeCreated\":{\"@SystemTime\":\"2020-11-01T11:55:53.0791590Z\"},\"Version\":0}}}", "{\"Event\":{\"EventData\":{\"Data\":[\"Video.UI\",\"7600,D,12\",\"{B4DCE1CD-7634-4BDA-B673-01C8EA18B6D3}:\",\"0x410022D8 (8920 | JET_efvAllowHigherPersistedFormat)\",\"9080 (0x2378)\",\"1568.20.0\"]},\"System\":{\"Channel\":\"Application\",\"Computer\":\"Chotu\",\"Correlation\":{},\"EventID\":{\"#text\":642,\"@Qualifiers\":0},\"EventRecordID\":32614,\"Execution\":{\"@ProcessID\":0,\"@ThreadID\":0},\"Keywords\":\"0x80000000000000\",\"Level\":3,\"Opcode\":0,\"Provider\":{\"@Name\":\"ESENT\"},\"Security\":{},\"Task\":1,\"TimeCreated\":{\"@SystemTime\":\"2020-11-01T11:55:53.1729070Z\"},\"Version\":0}}}", "{\"Event\":{\"EventData\":{\"Data\":[\"Video.UI\",\"7600,D,2\",\"{B4DCE1CD-7634-4BDA-B673-01C8EA18B6D3}:\",\"C:\\\\Users\\\\huzail\\\\AppData\\\\Local\\\\Packages\\\\Microsoft.ZuneVideo_8wekyb3d8bbwe\\\\LocalState\\\\Database\\\\2e76e513a7eaf3b4\\\\tmp.edb\",\"0x410022D8 (8920 | JET_efvAllowHigherPersistedFormat)\",\"8920 (0x22d8)\",\"9180 (0x23dc)\"]},\"System\":{\"Channel\":\"Application\",\"Computer\":\"Chotu\",\"Correlation\":{},\"EventID\":{\"#text\":330,\"@Qualifiers\":0},\"EventRecordID\":32615,\"Execution\":{\"@ProcessID\":0,\"@ThreadID\":0},\"Keywords\":\"0x80000000000000\",\"Level\":4,\"Opcode\":0,\"Provider\":{\"@Name\":\"ESENT\"},\"Security\":{},\"Task\":1,\"TimeCreated\":{\"@SystemTime\":\"2020-11-01T11:55:53.2041606Z\"},\"Version\":0}}}", "{\"Event\":{\"EventData\":{\"Data\":[\"Video.UI\",\"7600,D,2\",\"{B4DCE1CD-7634-4BDA-B673-01C8EA18B6D3}:\",\"0x410022D8 (8920 | JET_efvAllowHigherPersistedFormat)\",\"9180 (0x23dc)\",\"1568.20.0\"]},\"System\":{\"Channel\":\"Application\",\"Computer\":\"Chotu\",\"Correlation\":{},\"EventID\":{\"#text\":642,\"@Qualifiers\":0},\"EventRecordID\":32616,\"Execution\":{\"@ProcessID\":0,\"@ThreadID\":0},\"Keywords\":\"0x80000000000000\",\"Level\":3,\"Opcode\":0,\"Provider\":{\"@Name\":\"ESENT\"},\"Security\":{},\"Task\":1,\"TimeCreated\":{\"@SystemTime\":\"2020-11-01T11:55:53.2041606Z\"},\"Version\":0}}}", "{\"Event\":{\"EventData\":{\"Data\":[\"Video.UI\",\"7600,D,2\",\"{B4DCE1CD-7634-4BDA-B673-01C8EA18B6D3}:\",\"0x410022D8 (8920 | JET_efvAllowHigherPersistedFormat)\",\"9080 (0x2378)\",\"1568.20.0\"]},\"System\":{\"Channel\":\"Application\",\"Computer\":\"Chotu\",\"Correlation\":{},\"EventID\":{\"#text\":642,\"@Qualifiers\":0},\"EventRecordID\":32617,\"Execution\":{\"@ProcessID\":0,\"@ThreadID\":0},\"Keywords\":\"0x80000000000000\",\"Level\":3,\"Opcode\":0,\"Provider\":{\"@Name\":\"ESENT\"},\"Security\":{},\"Task\":1,\"TimeCreated\":{\"@SystemTime\":\"2020-11-01T11:55:53.2041606Z\"},\"Version\":0}}}", "{\"Event\":{\"EventData\":{},\"System\":{\"Channel\":\"Application\",\"Computer\":\"Chotu\",\"Correlation\":{},\"EventID\":{\"#text\":16394,\"@Qualifiers\":49152},\"EventRecordID\":32618,\"Execution\":{\"@ProcessID\":0,\"@ThreadID\":0},\"Keywords\":\"0x80000000000000\",\"Level\":4,\"Opcode\":0,\"Provider\":{\"@EventSourceName\":\"Software Protection Platform Service\",\"@Guid\":\"{E23B33B0-C8C9-472C-A5F9-F2BDFEA0F156}\",\"@Name\":\"Microsoft-Windows-Security-SPP\"},\"Security\":{},\"Task\":0,\"TimeCreated\":{\"@SystemTime\":\"2020-11-01T11:56:44.4981406Z\"},\"Version\":0}}}", "{\"Event\":{\"EventData\":{\"Data\":[\"2020-11-01T13:52:15Z\",\"RulesEngine\"]},\"System\":{\"Channel\":\"Application\",\"Computer\":\"Chotu\",\"Correlation\":{},\"EventID\":{\"#text\":16384,\"@Qualifiers\":16384},\"EventRecordID\":32619,\"Execution\":{\"@ProcessID\":0,\"@ThreadID\":0},\"Keywords\":\"0x80000000000000\",\"Level\":4,\"Opcode\":0,\"Provider\":{\"@EventSourceName\":\"Software Protection Platform Service\",\"@Guid\":\"{E23B33B0-C8C9-472C-A5F9-F2BDFEA0F156}\",\"@Name\":\"Microsoft-Windows-Security-SPP\"},\"Security\":{},\"Task\":0,\"TimeCreated\":{\"@SystemTime\":\"2020-11-01T11:57:15.5426340Z\"},\"Version\":0}}}", "{\"Event\":{\"EventData\":{\"Data\":[\"Windows Defender\",\"SECURITY_PRODUCT_STATE_ON\"]},\"System\":{\"Channel\":\"Application\",\"Computer\":\"Chotu\",\"Correlation\":{},\"EventID\":{\"#text\":15,\"@Qualifiers\":0},\"EventRecordID\":32620,\"Execution\":{\"@ProcessID\":0,\"@ThreadID\":0},\"Keywords\":\"0x80000000000000\",\"Level\":4,\"Opcode\":0,\"Provider\":{\"@Name\":\"SecurityCenter\"},\"Security\":{},\"Task\":0,\"TimeCreated\":{\"@SystemTime\":\"2020-11-01T12:00:18.3366868Z\"},\"Version\":0}}}", "{\"Event\":{\"EventData\":{\"Data\":[\"Windows Defender\",\"SECURITY_PRODUCT_STATE_ON\"]},\"System\":{\"Channel\":\"Application\",\"Computer\":\"Chotu\",\"Correlation\":{},\"EventID\":{\"#text\":15,\"@Qualifiers\":0},\"EventRecordID\":32621,\"Execution\":{\"@ProcessID\":0,\"@ThreadID\":0},\"Keywords\":\"0x80000000000000\",\"Level\":4,\"Opcode\":0,\"Provider\":{\"@Name\":\"SecurityCenter\"},\"Security\":{},\"Task\":0,\"TimeCreated\":{\"@SystemTime\":\"2020-11-01T12:01:32.4635433Z\"},\"Version\":0}}}", "{\"Event\":{\"EventData\":{\"Data\":\"Service stopped\"},\"System\":{\"Channel\":\"Application\",\"Computer\":\"Chotu\",\"Correlation\":{},\"EventID\":{\"#text\":0,\"@Qualifiers\":0},\"EventRecordID\":32622,\"Execution\":{\"@ProcessID\":0,\"@ThreadID\":0},\"Keywords\":\"0x80000000000000\",\"Level\":4,\"Opcode\":0,\"Provider\":{\"@Name\":\"edgeupdate\"},\"Security\":{},\"Task\":0,\"TimeCreated\":{\"@SystemTime\":\"2020-11-01T12:17:21.4080488Z\"},\"Version\":0}}}", "{\"Event\":{\"EventData\":{},\"System\":{\"Channel\":\"Application\",\"Computer\":\"Chotu\",\"Correlation\":{},\"EventID\":{\"#text\":16394,\"@Qualifiers\":49152},\"EventRecordID\":32623,\"Execution\":{\"@ProcessID\":0,\"@ThreadID\":0},\"Keywords\":\"0x80000000000000\",\"Level\":4,\"Opcode\":0,\"Provider\":{\"@EventSourceName\":\"Software Protection Platform Service\",\"@Guid\":\"{E23B33B0-C8C9-472C-A5F9-F2BDFEA0F156}\",\"@Name\":\"Microsoft-Windows-Security-SPP\"},\"Security\":{},\"Task\":0,\"TimeCreated\":{\"@SystemTime\":\"2020-11-01T12:21:44.0603008Z\"},\"Version\":0}}}", "{\"Event\":{\"EventData\":{\"Data\":[\"2020-11-01T13:52:14Z\",\"RulesEngine\"]},\"System\":{\"Channel\":\"Application\",\"Computer\":\"Chotu\",\"Correlation\":{},\"EventID\":{\"#text\":16384,\"@Qualifiers\":16384},\"EventRecordID\":32624,\"Execution\":{\"@ProcessID\":0,\"@ThreadID\":0},\"Keywords\":\"0x80000000000000\",\"Level\":4,\"Opcode\":0,\"Provider\":{\"@EventSourceName\":\"Software Protection Platform Service\",\"@Guid\":\"{E23B33B0-C8C9-472C-A5F9-F2BDFEA0F156}\",\"@Name\":\"Microsoft-Windows-Security-SPP\"},\"Security\":{},\"Task\":0,\"TimeCreated\":{\"@SystemTime\":\"2020-11-01T12:22:15.2388751Z\"},\"Version\":0}}}", "{\"Event\":{\"EventData\":{},\"System\":{\"Channel\":\"Application\",\"Computer\":\"Chotu\",\"Correlation\":{},\"EventID\":{\"#text\":16394,\"@Qualifiers\":49152},\"EventRecordID\":32625,\"Execution\":{\"@ProcessID\":0,\"@ThreadID\":0},\"Keywords\":\"0x80000000000000\",\"Level\":4,\"Opcode\":0,\"Provider\":{\"@EventSourceName\":\"Software Protection Platform Service\",\"@Guid\":\"{E23B33B0-C8C9-472C-A5F9-F2BDFEA0F156}\",\"@Name\":\"Microsoft-Windows-Security-SPP\"},\"Security\":{},\"Task\":0,\"TimeCreated\":{\"@SystemTime\":\"2020-11-01T12:51:16.7012235Z\"},\"Version\":0}}}", "{\"Event\":{\"EventData\":{\"Data\":[\"0x8007007B\",\"0ff1ce15-a989-479d-af46-f275c6370663\",\"d450596f-894d-49e0-966a-fd39ed4c4c64\",\"NetworkAvailable\"]},\"System\":{\"Channel\":\"Application\",\"Computer\":\"Chotu\",\"Correlation\":{},\"EventID\":{\"#text\":8233,\"@Qualifiers\":16384},\"EventRecordID\":32626,\"Execution\":{\"@ProcessID\":0,\"@ThreadID\":0},\"Keywords\":\"0x80000000000000\",\"Level\":3,\"Opcode\":0,\"Provider\":{\"@EventSourceName\":\"Software Protection Platform Service\",\"@Guid\":\"{E23B33B0-C8C9-472C-A5F9-F2BDFEA0F156}\",\"@Name\":\"Microsoft-Windows-Security-SPP\"},\"Security\":{},\"Task\":0,\"TimeCreated\":{\"@SystemTime\":\"2020-11-01T12:51:22.9563808Z\"},\"Version\":0}}}", "{\"Event\":{\"EventData\":{\"Data\":[\"55c92734-d682-4d71-983e-d6ec3f16059f\",\"1: 040fa323-92b1-4baf-97a2-5b67feaefddb, 1, 0 [(0 [0xC004F014, 0, 0], [(?)(?)(?)(?)(?)(?)(?)(?)])(1 )(2 )(3 )]\\n2: 0724cb7d-3437-4cb7-93cb-830375d0079d, 1, 0 [(0 [0xC004F014, 0, 0], [(?)(?)(?)(?)(?)(?)(?)(?)])(1 )(2 )(3 )]\\n3: 0ad2ac98-7bb9-4201-8d92-312299201369, 1, 0 [(0 [0xC004F014, 0, 0], [(?)(?)(?)(?)(?)(?)(?)(?)])(1 )(2 )(3 )]\\n4: 1a9a717a-cf13-4ba5-83c3-0fe25fa868d5, 1, 0 [(0 [0xC004F014, 0, 0], [(?)(?)(?)(?)(?)(?)(?)(?)])(1 )(2 )(3 )]\\n5: 221a02da-e2a1-4b75-864c-0a4410a33fdf, 1, 0 [(0 [0xC004F014, 0, 0], [(?)(?)(?)(?)(?)(?)(?)(?)])(1 )(2 )(3 )]\\n6: 291ece0e-9c38-40ca-a9e1-32cc7ec19507, 1, 0 [(0 [0xC004F014, 0, 0], [(?)(?)(?)(?)(?)(?)(?)(?)])(1 )(2 )(3 )]\\n7: 2936d1d2-913a-4542-b54e-ce5a602a2a38, 1, 0 [(0 [0xC004F014, 0, 0], [(?)(?)(?)(?)(?)(?)(?)(?)])(1 )(2 )(3 )]\\n8: 2c293c26-a45a-4a2a-a350-c69a67097529, 1, 0 [(0 [0xC004F014, 0, 0], [(?)(?)(?)(?)(?)(?)(?)(?)])(1 )(2 )(3 )]\\n9: 2de67392-b7a7-462a-b1ca-108dd189f588, 1, 1 [(0 [0xC004E003, 0, 0], [( 2 0xC004F056 0 0 msft:rm/algorithm/volume/1.0 0x00000000 0)( 1 0x00000000)(?)( 2 0xC004F056 0 0 msft:rm/algorithm/volume/1.0 0x00000000 0)(?)(?)(?)(?)])(1 )(2 )(3 [0x00000000, 0, 0], [( 6 0xC004F009 0 0)( 1 0x00000000)( 6 0xC004F009 0 0)(?)(?)(?)( 10 0x00000000 msft:rm/algorithm/flags/1.0)( 11 0x00000000 0xC004F056)])]\\n10: 2ffd8952-423e-4903-b993-72a1aa44cf82, 1, 0 [(0 [0xC004F014, 0, 0], [(?)(?)(?)(?)(?)(?)(?)(?)])(1 )(2 )(3 )]\\n11: 30a42c86-b7a0-4a34-8c90-ff177cb2acb7, 1, 0 [(0 [0xC004F014, 0, 0], [(?)(?)(?)(?)(?)(?)(?)(?)])(1 )(2 )(3 )]\\n12: 345a5db0-d94f-4e3b-a0c0-7c42f7bc3ebf, 1, 0 [(0 [0xC004F014, 0, 0], [(?)(?)(?)(?)(?)(?)(?)(?)])(1 )(2 )(3 )]\\n13: 3502365a-f88a-4ba4-822a-5769d3073b65, 1, 0 [(0 [0xC004F014, 0, 0], [(?)(?)(?)(?)(?)(?)(?)(?)])(1 )(2 )(3 )]\\n14: 377333b1-8b5d-48d6-9679-1225c872d37c, 1, 0 [(0 [0xC004F014, 0, 0], [(?)(?)(?)(?)(?)(?)(?)(?)])(1 )(2 )(3 )]\\n15: 3df374ef-d444-4494-a5a1-4b0d9fd0e203, 1, 0 [(0 [0xC004F014, 0, 0], [(?)(?)(?)(?)(?)(?)(?)(?)])(1 )(2 )(3 )]\\n16: 3f1afc82-f8ac-4f6c-8005-1d233e606eee, 1, 0 [(0 [0xC004F014, 0, 0], [(?)(?)(?)(?)(?)(?)(?)(?)])(1 )(2 )(3 )]\\n17: 49cd895b-53b2-4dc4-a5f7-b18aa019ad37, 1, 0 [(0 [0xC004F014, 0, 0], [(?)(?)(?)(?)(?)(?)(?)(?)])(1 )(2 )(3 )]\\n18: 4de7cb65-cdf1-4de9-8ae8-e3cce27b9f2c, 1, 0 [(0 [0xC004F014, 0, 0], [(?)(?)(?)(?)(?)(?)(?)(?)])(1 )(2 )(3 )]\\n19: 4f3da0d2-271d-4508-ae81-626b60809a38, 1, 0 [(0 [0xC004F014, 0, 0], [(?)(?)(?)(?)(?)(?)(?)(?)])(1 )(2 )(3 )]\\n20: 60b3ec1b-9545-4921-821f-311b129dd6f6, 1, 0 [(0 [0xC004F014, 0, 0], [(?)(?)(?)(?)(?)(?)(?)(?)])(1 )(2 )(3 )]\\n21: 613d217f-7f13-4268-9907-1662339531cd, 1, 0 [(0 [0xC004F014, 0, 0], [(?)(?)(?)(?)(?)(?)(?)(?)])(1 )(2 )(3 )]\\n22: 62f0c100-9c53-4e02-b886-a3528ddfe7f6, 1, 0 [(0 [0xC004F014, 0, 0], [(?)(?)(?)(?)(?)(?)(?)(?)])(1 )(2 )(3 )]\\n23: 6365275e-368d-46ca-a0ef-fc0404119333, 1, 0 [(0 [0xC004F014, 0, 0], [(?)(?)(?)(?)(?)(?)(?)(?)])(1 )(2 )(3 )]\\n24: 721f9237-9341-4453-a661-09e8baa6cca5, 1, 0 [(0 [0xC004F014, 0, 0], [(?)(?)(?)(?)(?)(?)(?)(?)])(1 )(2 )(3 )]\\n25: 73111121-5638-40f6-bc11-f1d7b0d64300, 1, 0 [(0 [0xC004F014, 0, 0], [(?)(?)(?)(?)(?)(?)(?)(?)])(1 )(2 )(3 )]\\n26: 7a802526-4c94-4bd1-ba14-835a1aca2120, 1, 0 [(0 [0xC004F014, 0, 0], [(?)(?)(?)(?)(?)(?)(?)(?)])(1 )(2 )(3 )]\\n27: 7cb546c0-c7d5-44d8-9a5c-69ecdd782b69, 1, 0 [(0 [0xC004F014, 0, 0], [(?)(?)(?)(?)(?)(?)(?)(?)])(1 )(2 )(3 )]\\n28: 82bbc092-bc50-4e16-8e18-b74fc486aec3, 1, 0 [(0 [0xC004F014, 0, 0], [(?)(?)(?)(?)(?)(?)(?)(?)])(1 )(2 )(3 )]\\n29: 8ab9bdd1-1f67-4997-82d9-8878520837d9, 1, 0 [(0 [0xC004F014, 0, 0], [(?)(?)(?)(?)(?)(?)(?)(?)])(1 )(2 )(3 )]\\n30: 8b351c9c-f398-4515-9900-09df49427262, 1, 0 [(0 [0xC004F014, 0, 0], [(?)(?)(?)(?)(?)(?)(?)(?)])(1 )(2 )(3 )]\\n31: 90da7373-1c51-430b-bf26-c97e9c5cdc31, 1, 0 [(0 [0xC004F014, 0, 0], [(?)(?)(?)(?)(?)(?)(?)(?)])(1 )(2 )(3 )]\\n32: 95dca82f-385d-4d39-b85b-5c73fa285d6f, 1, 0 [(0 [0xC004F014, 0, 0], [(?)(?)(?)(?)(?)(?)(?)(?)])(1 )(2 )(3 )]\\n33: a48938aa-62fa-4966-9d44-9f04da3f72f2, 1, 0 [(0 [0xC004F014, 0, 0], [(?)(?)(?)(?)(?)(?)(?)(?)])(1 )(2 )(3 )]\\n34: b0773a15-df3a-4312-9ad2-83d69648e356, 1, 0 [(0 [0xC004F014, 0, 0], [(?)(?)(?)(?)(?)(?)(?)(?)])(1 )(2 )(3 )]\\n35: b4bfe195-541e-4e64-ad23-6177f19e395e, 1, 0 [(0 [0xC004F014, 0, 0], [(?)(?)(?)(?)(?)(?)(?)(?)])(1 )(2 )(3 )]\\n36: b68e61d2-68ca-4757-be45-0cc2f3e68eee, 1, 0 [(0 [0xC004F014, 0, 0], [(?)(?)(?)(?)(?)(?)(?)(?)])(1 )(2 )(3 )]\\n37: bd3762d7-270d-4760-8fb3-d829ca45278a, 1, 0 [(0 [0xC004F014, 0, 0], [(?)(?)(?)(?)(?)(?)(?)(?)])(1 )(2 )(3 )]\\n38: c86d5194-4840-4dae-9c1c-0301003a5ab0, 1, 0 [(0 [0xC004F014, 0, 0], [(?)(?)(?)(?)(?)(?)(?)(?)])(1 )(2 )(3 )]\\n39: d552befb-48cc-4327-8f39-47d2d94f987c, 1, 0 [(0 [0xC004F014, 0, 0], [(?)(?)(?)(?)(?)(?)(?)(?)])(1 )(2 )(3 )]\\n40: d6eadb3b-5ca8-4a6b-986e-35b550756111, 1, 0 [(0 [0xC004F014, 0, 0], [(?)(?)(?)(?)(?)(?)(?)(?)])(1 )(2 )(3 )]\\n41: df96023b-dcd9-4be2-afa0-c6c871159ebe, 1, 0 [(0 [0xC004F014, 0, 0], [(?)(?)(?)(?)(?)(?)(?)(?)])(1 )(2 )(3 )]\\n42: e0c42288-980c-4788-a014-c080d2e1926e, 1, 0 [(0 [0xC004F014, 0, 0], [(?)(?)(?)(?)(?)(?)(?)(?)])(1 )(2 )(3 )]\\n43: e4db50ea-bda1-4566-b047-0ca50abc6f07, 1, 0 [(0 [0xC004F014, 0, 0], [(?)(?)(?)(?)(?)(?)(?)(?)])(1 )(2 )(3 )]\\n44: e558417a-5123-4f6f-91e7-385c1c7ca9d4, 1, 0 [(0 [0xC004F014, 0, 0], [(?)(?)(?)(?)(?)(?)(?)(?)])(1 )(2 )(3 )]\\n45: e7a950a2-e548-4f10-bf16-02ec848e0643, 1, 0 [(0 [0xC004F014, 0, 0], [(?)(?)(?)(?)(?)(?)(?)(?)])(1 )(2 )(3 )]\\n46: eb6d346f-1c60-4643-b960-40ec31596c45, 1, 0 [(0 [0xC004F014, 0, 0], [(?)(?)(?)(?)(?)(?)(?)(?)])(1 )(2 )(3 )]\\n47: ec868e65-fadf-4759-b23e-93fe37f2cc29, 1, 0 [(0 [0xC004F014, 0, 0], [(?)(?)(?)(?)(?)(?)(?)(?)])(1 )(2 )(3 )]\\n48: ef51e000-2659-4f25-8345-3de70a9cf4c4, 1, 0 [(0 [0xC004F014, 0, 0], [(?)(?)(?)(?)(?)(?)(?)(?)])(1 )(2 )(3 )]\\n49: f7af7d09-40e4-419c-a49b-eae366689ebd, 1, 0 [(0 [0xC004F014, 0, 0], [(?)(?)(?)(?)(?)(?)(?)(?)])(1 )(2 )(3 )]\\n50: fa755fe6-6739-40b9-8d84-6d0ea3b6d1ab, 1, 0 [(0 [0xC004F014, 0, 0], [(?)(?)(?)(?)(?)(?)(?)(?)])(1 )(2 )(3 )]\\n51: fe74f55b-0338-41d6-b267-4a201abe7285, 1, 0 [(0 [0xC004F014, 0, 0], [(?)(?)(?)(?)(?)(?)(?)(?)])(1 )(2 )(3 )]\"]},\"System\":{\"Channel\":\"Application\",\"Computer\":\"Chotu\",\"Correlation\":{},\"EventID\":{\"#text\":1003,\"@Qualifiers\":16384},\"EventRecordID\":32627,\"Execution\":{\"@ProcessID\":0,\"@ThreadID\":0},\"Keywords\":\"0x80000000000000\",\"Level\":4,\"Opcode\":0,\"Provider\":{\"@EventSourceName\":\"Software Protection Platform Service\",\"@Guid\":\"{E23B33B0-C8C9-472C-A5F9-F2BDFEA0F156}\",\"@Name\":\"Microsoft-Windows-Security-SPP\"},\"Security\":{},\"Task\":0,\"TimeCreated\":{\"@SystemTime\":\"2020-11-01T12:51:36.3740244Z\"},\"Version\":0}}}", "{\"Event\":{\"EventData\":{\"Data\":[\"55c92734-d682-4d71-983e-d6ec3f16059f\",\"1: 040fa323-92b1-4baf-97a2-5b67feaefddb, 1, 0 [(0 [0xC004F014, 0, 0], [(?)(?)(?)(?)(?)(?)(?)(?)])(1 )(2 )(3 )]\\n2: 0724cb7d-3437-4cb7-93cb-830375d0079d, 1, 0 [(0 [0xC004F014, 0, 0], [(?)(?)(?)(?)(?)(?)(?)(?)])(1 )(2 )(3 )]\\n3: 0ad2ac98-7bb9-4201-8d92-312299201369, 1, 0 [(0 [0xC004F014, 0, 0], [(?)(?)(?)(?)(?)(?)(?)(?)])(1 )(2 )(3 )]\\n4: 1a9a717a-cf13-4ba5-83c3-0fe25fa868d5, 1, 0 [(0 [0xC004F014, 0, 0], [(?)(?)(?)(?)(?)(?)(?)(?)])(1 )(2 )(3 )]\\n5: 221a02da-e2a1-4b75-864c-0a4410a33fdf, 1, 0 [(0 [0xC004F014, 0, 0], [(?)(?)(?)(?)(?)(?)(?)(?)])(1 )(2 )(3 )]\\n6: 291ece0e-9c38-40ca-a9e1-32cc7ec19507, 1, 0 [(0 [0xC004F014, 0, 0], [(?)(?)(?)(?)(?)(?)(?)(?)])(1 )(2 )(3 )]\\n7: 2936d1d2-913a-4542-b54e-ce5a602a2a38, 1, 0 [(0 [0xC004F014, 0, 0], [(?)(?)(?)(?)(?)(?)(?)(?)])(1 )(2 )(3 )]\\n8: 2c293c26-a45a-4a2a-a350-c69a67097529, 1, 0 [(0 [0xC004F014, 0, 0], [(?)(?)(?)(?)(?)(?)(?)(?)])(1 )(2 )(3 )]\\n9: 2de67392-b7a7-462a-b1ca-108dd189f588, 1, 1 [(0 [0xC004E003, 0, 0], [( 2 0xC004F056 0 0 msft:rm/algorithm/volume/1.0 0x00000000 0)( 1 0x00000000)(?)( 2 0xC004F056 0 0 msft:rm/algorithm/volume/1.0 0x00000000 0)(?)(?)(?)(?)])(1 )(2 )(3 [0x00000000, 0, 0], [( 6 0xC004F009 0 0)( 1 0x00000000)( 6 0xC004F009 0 0)(?)(?)(?)( 10 0x00000000 msft:rm/algorithm/flags/1.0)( 11 0x00000000 0xC004F056)])]\\n10: 2ffd8952-423e-4903-b993-72a1aa44cf82, 1, 0 [(0 [0xC004F014, 0, 0], [(?)(?)(?)(?)(?)(?)(?)(?)])(1 )(2 )(3 )]\\n11: 30a42c86-b7a0-4a34-8c90-ff177cb2acb7, 1, 0 [(0 [0xC004F014, 0, 0], [(?)(?)(?)(?)(?)(?)(?)(?)])(1 )(2 )(3 )]\\n12: 345a5db0-d94f-4e3b-a0c0-7c42f7bc3ebf, 1, 0 [(0 [0xC004F014, 0, 0], [(?)(?)(?)(?)(?)(?)(?)(?)])(1 )(2 )(3 )]\\n13: 3502365a-f88a-4ba4-822a-5769d3073b65, 1, 0 [(0 [0xC004F014, 0, 0], [(?)(?)(?)(?)(?)(?)(?)(?)])(1 )(2 )(3 )]\\n14: 377333b1-8b5d-48d6-9679-1225c872d37c, 1, 0 [(0 [0xC004F014, 0, 0], [(?)(?)(?)(?)(?)(?)(?)(?)])(1 )(2 )(3 )]\\n15: 3df374ef-d444-4494-a5a1-4b0d9fd0e203, 1, 0 [(0 [0xC004F014, 0, 0], [(?)(?)(?)(?)(?)(?)(?)(?)])(1 )(2 )(3 )]\\n16: 3f1afc82-f8ac-4f6c-8005-1d233e606eee, 1, 0 [(0 [0xC004F014, 0, 0], [(?)(?)(?)(?)(?)(?)(?)(?)])(1 )(2 )(3 )]\\n17: 49cd895b-53b2-4dc4-a5f7-b18aa019ad37, 1, 0 [(0 [0xC004F014, 0, 0], [(?)(?)(?)(?)(?)(?)(?)(?)])(1 )(2 )(3 )]\\n18: 4de7cb65-cdf1-4de9-8ae8-e3cce27b9f2c, 1, 0 [(0 [0xC004F014, 0, 0], [(?)(?)(?)(?)(?)(?)(?)(?)])(1 )(2 )(3 )]\\n19: 4f3da0d2-271d-4508-ae81-626b60809a38, 1, 0 [(0 [0xC004F014, 0, 0], [(?)(?)(?)(?)(?)(?)(?)(?)])(1 )(2 )(3 )]\\n20: 60b3ec1b-9545-4921-821f-311b129dd6f6, 1, 0 [(0 [0xC004F014, 0, 0], [(?)(?)(?)(?)(?)(?)(?)(?)])(1 )(2 )(3 )]\\n21: 613d217f-7f13-4268-9907-1662339531cd, 1, 0 [(0 [0xC004F014, 0, 0], [(?)(?)(?)(?)(?)(?)(?)(?)])(1 )(2 )(3 )]\\n22: 62f0c100-9c53-4e02-b886-a3528ddfe7f6, 1, 0 [(0 [0xC004F014, 0, 0], [(?)(?)(?)(?)(?)(?)(?)(?)])(1 )(2 )(3 )]\\n23: 6365275e-368d-46ca-a0ef-fc0404119333, 1, 0 [(0 [0xC004F014, 0, 0], [(?)(?)(?)(?)(?)(?)(?)(?)])(1 )(2 )(3 )]\\n24: 721f9237-9341-4453-a661-09e8baa6cca5, 1, 0 [(0 [0xC004F014, 0, 0], [(?)(?)(?)(?)(?)(?)(?)(?)])(1 )(2 )(3 )]\\n25: 73111121-5638-40f6-bc11-f1d7b0d64300, 1, 0 [(0 [0xC004F014, 0, 0], [(?)(?)(?)(?)(?)(?)(?)(?)])(1 )(2 )(3 )]\\n26: 7a802526-4c94-4bd1-ba14-835a1aca2120, 1, 0 [(0 [0xC004F014, 0, 0], [(?)(?)(?)(?)(?)(?)(?)(?)])(1 )(2 )(3 )]\\n27: 7cb546c0-c7d5-44d8-9a5c-69ecdd782b69, 1, 0 [(0 [0xC004F014, 0, 0], [(?)(?)(?)(?)(?)(?)(?)(?)])(1 )(2 )(3 )]\\n28: 82bbc092-bc50-4e16-8e18-b74fc486aec3, 1, 0 [(0 [0xC004F014, 0, 0], [(?)(?)(?)(?)(?)(?)(?)(?)])(1 )(2 )(3 )]\\n29: 8ab9bdd1-1f67-4997-82d9-8878520837d9, 1, 0 [(0 [0xC004F014, 0, 0], [(?)(?)(?)(?)(?)(?)(?)(?)])(1 )(2 )(3 )]\\n30: 8b351c9c-f398-4515-9900-09df49427262, 1, 0 [(0 [0xC004F014, 0, 0], [(?)(?)(?)(?)(?)(?)(?)(?)])(1 )(2 )(3 )]\\n31: 90da7373-1c51-430b-bf26-c97e9c5cdc31, 1, 0 [(0 [0xC004F014, 0, 0], [(?)(?)(?)(?)(?)(?)(?)(?)])(1 )(2 )(3 )]\\n32: 95dca82f-385d-4d39-b85b-5c73fa285d6f, 1, 0 [(0 [0xC004F014, 0, 0], [(?)(?)(?)(?)(?)(?)(?)(?)])(1 )(2 )(3 )]\\n33: a48938aa-62fa-4966-9d44-9f04da3f72f2, 1, 0 [(0 [0xC004F014, 0, 0], [(?)(?)(?)(?)(?)(?)(?)(?)])(1 )(2 )(3 )]\\n34: b0773a15-df3a-4312-9ad2-83d69648e356, 1, 0 [(0 [0xC004F014, 0, 0], [(?)(?)(?)(?)(?)(?)(?)(?)])(1 )(2 )(3 )]\\n35: b4bfe195-541e-4e64-ad23-6177f19e395e, 1, 0 [(0 [0xC004F014, 0, 0], [(?)(?)(?)(?)(?)(?)(?)(?)])(1 )(2 )(3 )]\\n36: b68e61d2-68ca-4757-be45-0cc2f3e68eee, 1, 0 [(0 [0xC004F014, 0, 0], [(?)(?)(?)(?)(?)(?)(?)(?)])(1 )(2 )(3 )]\\n37: bd3762d7-270d-4760-8fb3-d829ca45278a, 1, 0 [(0 [0xC004F014, 0, 0], [(?)(?)(?)(?)(?)(?)(?)(?)])(1 )(2 )(3 )]\\n38: c86d5194-4840-4dae-9c1c-0301003a5ab0, 1, 0 [(0 [0xC004F014, 0, 0], [(?)(?)(?)(?)(?)(?)(?)(?)])(1 )(2 )(3 )]\\n39: d552befb-48cc-4327-8f39-47d2d94f987c, 1, 0 [(0 [0xC004F014, 0, 0], [(?)(?)(?)(?)(?)(?)(?)(?)])(1 )(2 )(3 )]\\n40: d6eadb3b-5ca8-4a6b-986e-35b550756111, 1, 0 [(0 [0xC004F014, 0, 0], [(?)(?)(?)(?)(?)(?)(?)(?)])(1 )(2 )(3 )]\\n41: df96023b-dcd9-4be2-afa0-c6c871159ebe, 1, 0 [(0 [0xC004F014, 0, 0], [(?)(?)(?)(?)(?)(?)(?)(?)])(1 )(2 )(3 )]\\n42: e0c42288-980c-4788-a014-c080d2e1926e, 1, 0 [(0 [0xC004F014, 0, 0], [(?)(?)(?)(?)(?)(?)(?)(?)])(1 )(2 )(3 )]\\n43: e4db50ea-bda1-4566-b047-0ca50abc6f07, 1, 0 [(0 [0xC004F014, 0, 0], [(?)(?)(?)(?)(?)(?)(?)(?)])(1 )(2 )(3 )]\\n44: e558417a-5123-4f6f-91e7-385c1c7ca9d4, 1, 0 [(0 [0xC004F014, 0, 0], [(?)(?)(?)(?)(?)(?)(?)(?)])(1 )(2 )(3 )]\\n45: e7a950a2-e548-4f10-bf16-02ec848e0643, 1, 0 [(0 [0xC004F014, 0, 0], [(?)(?)(?)(?)(?)(?)(?)(?)])(1 )(2 )(3 )]\\n46: eb6d346f-1c60-4643-b960-40ec31596c45, 1, 0 [(0 [0xC004F014, 0, 0], [(?)(?)(?)(?)(?)(?)(?)(?)])(1 )(2 )(3 )]\\n47: ec868e65-fadf-4759-b23e-93fe37f2cc29, 1, 0 [(0 [0xC004F014, 0, 0], [(?)(?)(?)(?)(?)(?)(?)(?)])(1 )(2 )(3 )]\\n48: ef51e000-2659-4f25-8345-3de70a9cf4c4, 1, 0 [(0 [0xC004F014, 0, 0], [(?)(?)(?)(?)(?)(?)(?)(?)])(1 )(2 )(3 )]\\n49: f7af7d09-40e4-419c-a49b-eae366689ebd, 1, 0 [(0 [0xC004F014, 0, 0], [(?)(?)(?)(?)(?)(?)(?)(?)])(1 )(2 )(3 )]\\n50: fa755fe6-6739-40b9-8d84-6d0ea3b6d1ab, 1, 0 [(0 [0xC004F014, 0, 0], [(?)(?)(?)(?)(?)(?)(?)(?)])(1 )(2 )(3 )]\\n51: fe74f55b-0338-41d6-b267-4a201abe7285, 1, 0 [(0 [0xC004F014, 0, 0], [(?)(?)(?)(?)(?)(?)(?)(?)])(1 )(2 )(3 )]\"]},\"System\":{\"Channel\":\"Application\",\"Computer\":\"Chotu\",\"Correlation\":{},\"EventID\":{\"#text\":1003,\"@Qualifiers\":16384},\"EventRecordID\":32628,\"Execution\":{\"@ProcessID\":0,\"@ThreadID\":0},\"Keywords\":\"0x80000000000000\",\"Level\":4,\"Opcode\":0,\"Provider\":{\"@EventSourceName\":\"Software Protection Platform Service\",\"@Guid\":\"{E23B33B0-C8C9-472C-A5F9-F2BDFEA0F156}\",\"@Name\":\"Microsoft-Windows-Security-SPP\"},\"Security\":{},\"Task\":0,\"TimeCreated\":{\"@SystemTime\":\"2020-11-01T12:51:37.5876878Z\"},\"Version\":0}}}", "{\"Event\":{\"EventData\":{\"Data\":[\"hr=0x8007007B\",\"RuleId=eeba1977-569e-4571-b639-7623d8bfecc0;Action=AutoActivate;AppId=55c92734-d682-4d71-983e-d6ec3f16059f;SkuId=2de67392-b7a7-462a-b1ca-108dd189f588;NotificationInterval=1440;Trigger=NetworkAvailable\"]},\"System\":{\"Channel\":\"Application\",\"Computer\":\"Chotu\",\"Correlation\":{},\"EventID\":{\"#text\":8198,\"@Qualifiers\":49152},\"EventRecordID\":32629,\"Execution\":{\"@ProcessID\":0,\"@ThreadID\":0},\"Keywords\":\"0x80000000000000\",\"Level\":2,\"Opcode\":0,\"Provider\":{\"@EventSourceName\":\"Software Protection Platform Service\",\"@Guid\":\"{E23B33B0-C8C9-472C-A5F9-F2BDFEA0F156}\",\"@Name\":\"Microsoft-Windows-Security-SPP\"},\"Security\":{},\"Task\":0,\"TimeCreated\":{\"@SystemTime\":\"2020-11-01T12:51:37.7651293Z\"},\"Version\":0}}}", "{\"Event\":{\"EventData\":{\"Data\":[\"2020-11-01T14:51:07Z\",\"RulesEngine\"]},\"System\":{\"Channel\":\"Application\",\"Computer\":\"Chotu\",\"Correlation\":{},\"EventID\":{\"#text\":16384,\"@Qualifiers\":16384},\"EventRecordID\":32630,\"Execution\":{\"@ProcessID\":0,\"@ThreadID\":0},\"Keywords\":\"0x80000000000000\",\"Level\":4,\"Opcode\":0,\"Provider\":{\"@EventSourceName\":\"Software Protection Platform Service\",\"@Guid\":\"{E23B33B0-C8C9-472C-A5F9-F2BDFEA0F156}\",\"@Name\":\"Microsoft-Windows-Security-SPP\"},\"Security\":{},\"Task\":0,\"TimeCreated\":{\"@SystemTime\":\"2020-11-01T12:52:08.1697208Z\"},\"Version\":0}}}", "{\"Event\":{\"EventData\":{},\"System\":{\"Channel\":\"Application\",\"Computer\":\"Chotu\",\"Correlation\":{},\"EventID\":{\"#text\":16394,\"@Qualifiers\":49152},\"EventRecordID\":32631,\"Execution\":{\"@ProcessID\":0,\"@ThreadID\":0},\"Keywords\":\"0x80000000000000\",\"Level\":4,\"Opcode\":0,\"Provider\":{\"@EventSourceName\":\"Software Protection Platform Service\",\"@Guid\":\"{E23B33B0-C8C9-472C-A5F9-F2BDFEA0F156}\",\"@Name\":\"Microsoft-Windows-Security-SPP\"},\"Security\":{},\"Task\":0,\"TimeCreated\":{\"@SystemTime\":\"2020-11-01T12:53:21.6448045Z\"},\"Version\":0}}}", "{\"Event\":{\"EventData\":{\"Data\":[\"0x8007007B\",\"0ff1ce15-a989-479d-af46-f275c6370663\",\"d450596f-894d-49e0-966a-fd39ed4c4c64\",\"NetworkAvailable\"]},\"System\":{\"Channel\":\"Application\",\"Computer\":\"Chotu\",\"Correlation\":{},\"EventID\":{\"#text\":8233,\"@Qualifiers\":16384},\"EventRecordID\":32632,\"Execution\":{\"@ProcessID\":0,\"@ThreadID\":0},\"Keywords\":\"0x80000000000000\",\"Level\":3,\"Opcode\":0,\"Provider\":{\"@EventSourceName\":\"Software Protection Platform Service\",\"@Guid\":\"{E23B33B0-C8C9-472C-A5F9-F2BDFEA0F156}\",\"@Name\":\"Microsoft-Windows-Security-SPP\"},\"Security\":{},\"Task\":0,\"TimeCreated\":{\"@SystemTime\":\"2020-11-01T12:53:28.1922171Z\"},\"Version\":0}}}", "{\"Event\":{\"EventData\":{\"Data\":[\"55c92734-d682-4d71-983e-d6ec3f16059f\",\"1: 040fa323-92b1-4baf-97a2-5b67feaefddb, 1, 0 [(0 [0xC004F014, 0, 0], [(?)(?)(?)(?)(?)(?)(?)(?)])(1 )(2 )(3 )]\\n2: 0724cb7d-3437-4cb7-93cb-830375d0079d, 1, 0 [(0 [0xC004F014, 0, 0], [(?)(?)(?)(?)(?)(?)(?)(?)])(1 )(2 )(3 )]\\n3: 0ad2ac98-7bb9-4201-8d92-312299201369, 1, 0 [(0 [0xC004F014, 0, 0], [(?)(?)(?)(?)(?)(?)(?)(?)])(1 )(2 )(3 )]\\n4: 1a9a717a-cf13-4ba5-83c3-0fe25fa868d5, 1, 0 [(0 [0xC004F014, 0, 0], [(?)(?)(?)(?)(?)(?)(?)(?)])(1 )(2 )(3 )]\\n5: 221a02da-e2a1-4b75-864c-0a4410a33fdf, 1, 0 [(0 [0xC004F014, 0, 0], [(?)(?)(?)(?)(?)(?)(?)(?)])(1 )(2 )(3 )]\\n6: 291ece0e-9c38-40ca-a9e1-32cc7ec19507, 1, 0 [(0 [0xC004F014, 0, 0], [(?)(?)(?)(?)(?)(?)(?)(?)])(1 )(2 )(3 )]\\n7: 2936d1d2-913a-4542-b54e-ce5a602a2a38, 1, 0 [(0 [0xC004F014, 0, 0], [(?)(?)(?)(?)(?)(?)(?)(?)])(1 )(2 )(3 )]\\n8: 2c293c26-a45a-4a2a-a350-c69a67097529, 1, 0 [(0 [0xC004F014, 0, 0], [(?)(?)(?)(?)(?)(?)(?)(?)])(1 )(2 )(3 )]\\n9: 2de67392-b7a7-462a-b1ca-108dd189f588, 1, 1 [(0 [0xC004E003, 0, 0], [( 2 0xC004F056 0 0 msft:rm/algorithm/volume/1.0 0x00000000 0)( 1 0x00000000)(?)( 2 0xC004F056 0 0 msft:rm/algorithm/volume/1.0 0x00000000 0)(?)(?)(?)(?)])(1 )(2 )(3 [0x00000000, 0, 0], [( 6 0xC004F009 0 0)( 1 0x00000000)( 6 0xC004F009 0 0)(?)(?)(?)( 10 0x00000000 msft:rm/algorithm/flags/1.0)( 11 0x00000000 0xC004F056)])]\\n10: 2ffd8952-423e-4903-b993-72a1aa44cf82, 1, 0 [(0 [0xC004F014, 0, 0], [(?)(?)(?)(?)(?)(?)(?)(?)])(1 )(2 )(3 )]\\n11: 30a42c86-b7a0-4a34-8c90-ff177cb2acb7, 1, 0 [(0 [0xC004F014, 0, 0], [(?)(?)(?)(?)(?)(?)(?)(?)])(1 )(2 )(3 )]\\n12: 345a5db0-d94f-4e3b-a0c0-7c42f7bc3ebf, 1, 0 [(0 [0xC004F014, 0, 0], [(?)(?)(?)(?)(?)(?)(?)(?)])(1 )(2 )(3 )]\\n13: 3502365a-f88a-4ba4-822a-5769d3073b65, 1, 0 [(0 [0xC004F014, 0, 0], [(?)(?)(?)(?)(?)(?)(?)(?)])(1 )(2 )(3 )]\\n14: 377333b1-8b5d-48d6-9679-1225c872d37c, 1, 0 [(0 [0xC004F014, 0, 0], [(?)(?)(?)(?)(?)(?)(?)(?)])(1 )(2 )(3 )]\\n15: 3df374ef-d444-4494-a5a1-4b0d9fd0e203, 1, 0 [(0 [0xC004F014, 0, 0], [(?)(?)(?)(?)(?)(?)(?)(?)])(1 )(2 )(3 )]\\n16: 3f1afc82-f8ac-4f6c-8005-1d233e606eee, 1, 0 [(0 [0xC004F014, 0, 0], [(?)(?)(?)(?)(?)(?)(?)(?)])(1 )(2 )(3 )]\\n17: 49cd895b-53b2-4dc4-a5f7-b18aa019ad37, 1, 0 [(0 [0xC004F014, 0, 0], [(?)(?)(?)(?)(?)(?)(?)(?)])(1 )(2 )(3 )]\\n18: 4de7cb65-cdf1-4de9-8ae8-e3cce27b9f2c, 1, 0 [(0 [0xC004F014, 0, 0], [(?)(?)(?)(?)(?)(?)(?)(?)])(1 )(2 )(3 )]\\n19: 4f3da0d2-271d-4508-ae81-626b60809a38, 1, 0 [(0 [0xC004F014, 0, 0], [(?)(?)(?)(?)(?)(?)(?)(?)])(1 )(2 )(3 )]\\n20: 60b3ec1b-9545-4921-821f-311b129dd6f6, 1, 0 [(0 [0xC004F014, 0, 0], [(?)(?)(?)(?)(?)(?)(?)(?)])(1 )(2 )(3 )]\\n21: 613d217f-7f13-4268-9907-1662339531cd, 1, 0 [(0 [0xC004F014, 0, 0], [(?)(?)(?)(?)(?)(?)(?)(?)])(1 )(2 )(3 )]\\n22: 62f0c100-9c53-4e02-b886-a3528ddfe7f6, 1, 0 [(0 [0xC004F014, 0, 0], [(?)(?)(?)(?)(?)(?)(?)(?)])(1 )(2 )(3 )]\\n23: 6365275e-368d-46ca-a0ef-fc0404119333, 1, 0 [(0 [0xC004F014, 0, 0], [(?)(?)(?)(?)(?)(?)(?)(?)])(1 )(2 )(3 )]\\n24: 721f9237-9341-4453-a661-09e8baa6cca5, 1, 0 [(0 [0xC004F014, 0, 0], [(?)(?)(?)(?)(?)(?)(?)(?)])(1 )(2 )(3 )]\\n25: 73111121-5638-40f6-bc11-f1d7b0d64300, 1, 0 [(0 [0xC004F014, 0, 0], [(?)(?)(?)(?)(?)(?)(?)(?)])(1 )(2 )(3 )]\\n26: 7a802526-4c94-4bd1-ba14-835a1aca2120, 1, 0 [(0 [0xC004F014, 0, 0], [(?)(?)(?)(?)(?)(?)(?)(?)])(1 )(2 )(3 )]\\n27: 7cb546c0-c7d5-44d8-9a5c-69ecdd782b69, 1, 0 [(0 [0xC004F014, 0, 0], [(?)(?)(?)(?)(?)(?)(?)(?)])(1 )(2 )(3 )]\\n28: 82bbc092-bc50-4e16-8e18-b74fc486aec3, 1, 0 [(0 [0xC004F014, 0, 0], [(?)(?)(?)(?)(?)(?)(?)(?)])(1 )(2 )(3 )]\\n29: 8ab9bdd1-1f67-4997-82d9-8878520837d9, 1, 0 [(0 [0xC004F014, 0, 0], [(?)(?)(?)(?)(?)(?)(?)(?)])(1 )(2 )(3 )]\\n30: 8b351c9c-f398-4515-9900-09df49427262, 1, 0 [(0 [0xC004F014, 0, 0], [(?)(?)(?)(?)(?)(?)(?)(?)])(1 )(2 )(3 )]\\n31: 90da7373-1c51-430b-bf26-c97e9c5cdc31, 1, 0 [(0 [0xC004F014, 0, 0], [(?)(?)(?)(?)(?)(?)(?)(?)])(1 )(2 )(3 )]\\n32: 95dca82f-385d-4d39-b85b-5c73fa285d6f, 1, 0 [(0 [0xC004F014, 0, 0], [(?)(?)(?)(?)(?)(?)(?)(?)])(1 )(2 )(3 )]\\n33: a48938aa-62fa-4966-9d44-9f04da3f72f2, 1, 0 [(0 [0xC004F014, 0, 0], [(?)(?)(?)(?)(?)(?)(?)(?)])(1 )(2 )(3 )]\\n34: b0773a15-df3a-4312-9ad2-83d69648e356, 1, 0 [(0 [0xC004F014, 0, 0], [(?)(?)(?)(?)(?)(?)(?)(?)])(1 )(2 )(3 )]\\n35: b4bfe195-541e-4e64-ad23-6177f19e395e, 1, 0 [(0 [0xC004F014, 0, 0], [(?)(?)(?)(?)(?)(?)(?)(?)])(1 )(2 )(3 )]\\n36: b68e61d2-68ca-4757-be45-0cc2f3e68eee, 1, 0 [(0 [0xC004F014, 0, 0], [(?)(?)(?)(?)(?)(?)(?)(?)])(1 )(2 )(3 )]\\n37: bd3762d7-270d-4760-8fb3-d829ca45278a, 1, 0 [(0 [0xC004F014, 0, 0], [(?)(?)(?)(?)(?)(?)(?)(?)])(1 )(2 )(3 )]\\n38: c86d5194-4840-4dae-9c1c-0301003a5ab0, 1, 0 [(0 [0xC004F014, 0, 0], [(?)(?)(?)(?)(?)(?)(?)(?)])(1 )(2 )(3 )]\\n39: d552befb-48cc-4327-8f39-47d2d94f987c, 1, 0 [(0 [0xC004F014, 0, 0], [(?)(?)(?)(?)(?)(?)(?)(?)])(1 )(2 )(3 )]\\n40: d6eadb3b-5ca8-4a6b-986e-35b550756111, 1, 0 [(0 [0xC004F014, 0, 0], [(?)(?)(?)(?)(?)(?)(?)(?)])(1 )(2 )(3 )]\\n41: df96023b-dcd9-4be2-afa0-c6c871159ebe, 1, 0 [(0 [0xC004F014, 0, 0], [(?)(?)(?)(?)(?)(?)(?)(?)])(1 )(2 )(3 )]\\n42: e0c42288-980c-4788-a014-c080d2e1926e, 1, 0 [(0 [0xC004F014, 0, 0], [(?)(?)(?)(?)(?)(?)(?)(?)])(1 )(2 )(3 )]\\n43: e4db50ea-bda1-4566-b047-0ca50abc6f07, 1, 0 [(0 [0xC004F014, 0, 0], [(?)(?)(?)(?)(?)(?)(?)(?)])(1 )(2 )(3 )]\\n44: e558417a-5123-4f6f-91e7-385c1c7ca9d4, 1, 0 [(0 [0xC004F014, 0, 0], [(?)(?)(?)(?)(?)(?)(?)(?)])(1 )(2 )(3 )]\\n45: e7a950a2-e548-4f10-bf16-02ec848e0643, 1, 0 [(0 [0xC004F014, 0, 0], [(?)(?)(?)(?)(?)(?)(?)(?)])(1 )(2 )(3 )]\\n46: eb6d346f-1c60-4643-b960-40ec31596c45, 1, 0 [(0 [0xC004F014, 0, 0], [(?)(?)(?)(?)(?)(?)(?)(?)])(1 )(2 )(3 )]\\n47: ec868e65-fadf-4759-b23e-93fe37f2cc29, 1, 0 [(0 [0xC004F014, 0, 0], [(?)(?)(?)(?)(?)(?)(?)(?)])(1 )(2 )(3 )]\\n48: ef51e000-2659-4f25-8345-3de70a9cf4c4, 1, 0 [(0 [0xC004F014, 0, 0], [(?)(?)(?)(?)(?)(?)(?)(?)])(1 )(2 )(3 )]\\n49: f7af7d09-40e4-419c-a49b-eae366689ebd, 1, 0 [(0 [0xC004F014, 0, 0], [(?)(?)(?)(?)(?)(?)(?)(?)])(1 )(2 )(3 )]\\n50: fa755fe6-6739-40b9-8d84-6d0ea3b6d1ab, 1, 0 [(0 [0xC004F014, 0, 0], [(?)(?)(?)(?)(?)(?)(?)(?)])(1 )(2 )(3 )]\\n51: fe74f55b-0338-41d6-b267-4a201abe7285, 1, 0 [(0 [0xC004F014, 0, 0], [(?)(?)(?)(?)(?)(?)(?)(?)])(1 )(2 )(3 )]\"]},\"System\":{\"Channel\":\"Application\",\"Computer\":\"Chotu\",\"Correlation\":{},\"EventID\":{\"#text\":1003,\"@Qualifiers\":16384},\