"EventRecordID\":32793,\"Execution\":{\"@ProcessID\":0,\"@ThreadID\":0},\"Keywords\":\"0x80000000000000\",\"Level\":2,\"Opcode\":0,\"Provider\":{\"@EventSourceName\":\"Software Protection Platform Service\",\"@Guid\":\"{E23B33B0-C8C9-472C-A5F9-F2BDFEA0F156}\",\"@Name\":\"Microsoft-Windows-Security-SPP\"},\"Security\":{},\"Task\":0,\"TimeCreated\":{\"@SystemTime\":\"2020-11-06T14:29:50.2142130Z\"},\"Version\":0}}}", "{\"Event\":{\"EventData\":{\"Data\":[\"55c92734-d682-4d71-983e-d6ec3f16059f\",\"1: 040fa323-92b1-4baf-97a2-5b67feaefddb, 1, 0 [(0 [0xC004F014, 0, 0], [(?)(?)(?)(?)(?)(?)(?)(?)])(1 )(2 )(3 )]\\n2: 0724cb7d-3437-4cb7-93cb-830375d0079d, 1, 0 [(0 [0xC004F014, 0, 0], [(?)(?)(?)(?)(?)(?)(?)(?)])(1 )(2 )(3 )]\\n3: 0ad2ac98-7bb9-4201-8d92-312299201369, 1, 0 [(0 [0xC004F014, 0, 0], [(?)(?)(?)(?)(?)(?)(?)(?)])(1 )(2 )(3 )]\\n4: 1a9a717a-cf13-4ba5-83c3-0fe25fa868d5, 1, 0 [(0 [0xC004F014, 0, 0], [(?)(?)(?)(?)(?)(?)(?)(?)])(1 )(2 )(3 )]\\n5: 221a02da-e2a1-4b75-864c-0a4410a33fdf, 1, 0 [(0 [0xC004F014, 0, 0], [(?)(?)(?)(?)(?)(?)(?)(?)])(1 )(2 )(3 )]\\n6: 291ece0e-9c38-40ca-a9e1-32cc7ec19507, 1, 0 [(0 [0xC004F014, 0, 0], [(?)(?)(?)(?)(?)(?)(?)(?)])(1 )(2 )(3 )]\\n7: 2936d1d2-913a-4542-b54e-ce5a602a2a38, 1, 0 [(0 [0xC004F014, 0, 0], [(?)(?)(?)(?)(?)(?)(?)(?)])(1 )(2 )(3 )]\\n8: 2c293c26-a45a-4a2a-a350-c69a67097529, 1, 0 [(0 [0xC004F014, 0, 0], [(?)(?)(?)(?)(?)(?)(?)(?)])(1 )(2 )(3 )]\\n9: 2de67392-b7a7-462a-b1ca-108dd189f588, 1, 1 [(0 [0xC004E003, 0, 0], [( 2 0xC004F056 0 0 msft:rm/algorithm/volume/1.0 0x00000000 0)( 1 0x00000000)(?)( 2 0xC004F056 0 0 msft:rm/algorithm/volume/1.0 0x00000000 0)(?)(?)(?)(?)])(1 )(2 )(3 [0x00000000, 0, 0], [( 6 0xC004F009 0 0)( 1 0x00000000)( 6 0xC004F009 0 0)(?)(?)(?)( 10 0x00000000 msft:rm/algorithm/flags/1.0)( 11 0x00000000 0xC004F056)])]\\n10: 2ffd8952-423e-4903-b993-72a1aa44cf82, 1, 0 [(0 [0xC004F014, 0, 0], [(?)(?)(?)(?)(?)(?)(?)(?)])(1 )(2 )(3 )]\\n11: 30a42c86-b7a0-4a34-8c90-ff177cb2acb7, 1, 0 [(0 [0xC004F014, 0, 0], [(?)(?)(?)(?)(?)(?)(?)(?)])(1 )(2 )(3 )]\\n12: 345a5db0-d94f-4e3b-a0c0-7c42f7bc3ebf, 1, 0 [(0 [0xC004F014, 0, 0], [(?)(?)(?)(?)(?)(?)(?)(?)])(1 )(2 )(3 )]\\n13: 3502365a-f88a-4ba4-822a-5769d3073b65, 1, 0 [(0 [0xC004F014, 0, 0], [(?)(?)(?)(?)(?)(?)(?)(?)])(1 )(2 )(3 )]\\n14: 377333b1-8b5d-48d6-9679-1225c872d37c, 1, 0 [(0 [0xC004F014, 0, 0], [(?)(?)(?)(?)(?)(?)(?)(?)])(1 )(2 )(3 )]\\n15: 3df374ef-d444-4494-a5a1-4b0d9fd0e203, 1, 0 [(0 [0xC004F014, 0, 0], [(?)(?)(?)(?)(?)(?)(?)(?)])(1 )(2 )(3 )]\\n16: 3f1afc82-f8ac-4f6c-8005-1d233e606eee, 1, 0 [(0 [0xC004F014, 0, 0], [(?)(?)(?)(?)(?)(?)(?)(?)])(1 )(2 )(3 )]\\n17: 49cd895b-53b2-4dc4-a5f7-b18aa019ad37, 1, 0 [(0 [0xC004F014, 0, 0], [(?)(?)(?)(?)(?)(?)(?)(?)])(1 )(2 )(3 )]\\n18: 4de7cb65-cdf1-4de9-8ae8-e3cce27b9f2c, 1, 0 [(0 [0xC004F014, 0, 0], [(?)(?)(?)(?)(?)(?)(?)(?)])(1 )(2 )(3 )]\\n19: 4f3da0d2-271d-4508-ae81-626b60809a38, 1, 0 [(0 [0xC004F014, 0, 0], [(?)(?)(?)(?)(?)(?)(?)(?)])(1 )(2 )(3 )]\\n20: 60b3ec1b-9545-4921-821f-311b129dd6f6, 1, 0 [(0 [0xC004F014, 0, 0], [(?)(?)(?)(?)(?)(?)(?)(?)])(1 )(2 )(3 )]\\n21: 613d217f-7f13-4268-9907-1662339531cd, 1, 0 [(0 [0xC004F014, 0, 0], [(?)(?)(?)(?)(?)(?)(?)(?)])(1 )(2 )(3 )]\\n22: 62f0c100-9c53-4e02-b886-a3528ddfe7f6, 1, 0 [(0 [0xC004F014, 0, 0], [(?)(?)(?)(?)(?)(?)(?)(?)])(1 )(2 )(3 )]\\n23: 6365275e-368d-46ca-a0ef-fc0404119333, 1, 0 [(0 [0xC004F014, 0, 0], [(?)(?)(?)(?)(?)(?)(?)(?)])(1 )(2 )(3 )]\\n24: 721f9237-9341-4453-a661-09e8baa6cca5, 1, 0 [(0 [0xC004F014, 0, 0], [(?)(?)(?)(?)(?)(?)(?)(?)])(1 )(2 )(3 )]\\n25: 73111121-5638-40f6-bc11-f1d7b0d64300, 1, 0 [(0 [0xC004F014, 0, 0], [(?)(?)(?)(?)(?)(?)(?)(?)])(1 )(2 )(3 )]\\n26: 7a802526-4c94-4bd1-ba14-835a1aca2120, 1, 0 [(0 [0xC004F014, 0, 0], [(?)(?)(?)(?)(?)(?)(?)(?)])(1 )(2 )(3 )]\\n27: 7cb546c0-c7d5-44d8-9a5c-69ecdd782b69, 1, 0 [(0 [0xC004F014, 0, 0], [(?)(?)(?)(?)(?)(?)(?)(?)])(1 )(2 )(3 )]\\n28: 82bbc092-bc50-4e16-8e18-b74fc486aec3, 1, 0 [(0 [0xC004F014, 0, 0], [(?)(?)(?)(?)(?)(?)(?)(?)])(1 )(2 )(3 )]\\n29: 8ab9bdd1-1f67-4997-82d9-8878520837d9, 1, 0 [(0 [0xC004F014, 0, 0], [(?)(?)(?)(?)(?)(?)(?)(?)])(1 )(2 )(3 )]\\n30: 8b351c9c-f398-4515-9900-09df49427262, 1, 0 [(0 [0xC004F014, 0, 0], [(?)(?)(?)(?)(?)(?)(?)(?)])(1 )(2 )(3 )]\\n31: 90da7373-1c51-430b-bf26-c97e9c5cdc31, 1, 0 [(0 [0xC004F014, 0, 0], [(?)(?)(?)(?)(?)(?)(?)(?)])(1 )(2 )(3 )]\\n32: 95dca82f-385d-4d39-b85b-5c73fa285d6f, 1, 0 [(0 [0xC004F014, 0, 0], [(?)(?)(?)(?)(?)(?)(?)(?)])(1 )(2 )(3 )]\\n33: a48938aa-62fa-4966-9d44-9f04da3f72f2, 1, 0 [(0 [0xC004F014, 0, 0], [(?)(?)(?)(?)(?)(?)(?)(?)])(1 )(2 )(3 )]\\n34: b0773a15-df3a-4312-9ad2-83d69648e356, 1, 0 [(0 [0xC004F014, 0, 0], [(?)(?)(?)(?)(?)(?)(?)(?)])(1 )(2 )(3 )]\\n35: b4bfe195-541e-4e64-ad23-6177f19e395e, 1, 0 [(0 [0xC004F014, 0, 0], [(?)(?)(?)(?)(?)(?)(?)(?)])(1 )(2 )(3 )]\\n36: b68e61d2-68ca-4757-be45-0cc2f3e68eee, 1, 0 [(0 [0xC004F014, 0, 0], [(?)(?)(?)(?)(?)(?)(?)(?)])(1 )(2 )(3 )]\\n37: bd3762d7-270d-4760-8fb3-d829ca45278a, 1, 0 [(0 [0xC004F014, 0, 0], [(?)(?)(?)(?)(?)(?)(?)(?)])(1 )(2 )(3 )]\\n38: c86d5194-4840-4dae-9c1c-0301003a5ab0, 1, 0 [(0 [0xC004F014, 0, 0], [(?)(?)(?)(?)(?)(?)(?)(?)])(1 )(2 )(3 )]\\n39: d552befb-48cc-4327-8f39-47d2d94f987c, 1, 0 [(0 [0xC004F014, 0, 0], [(?)(?)(?)(?)(?)(?)(?)(?)])(1 )(2 )(3 )]\\n40: d6eadb3b-5ca8-4a6b-986e-35b550756111, 1, 0 [(0 [0xC004F014, 0, 0], [(?)(?)(?)(?)(?)(?)(?)(?)])(1 )(2 )(3 )]\\n41: df96023b-dcd9-4be2-afa0-c6c871159ebe, 1, 0 [(0 [0xC004F014, 0, 0], [(?)(?)(?)(?)(?)(?)(?)(?)])(1 )(2 )(3 )]\\n42: e0c42288-980c-4788-a014-c080d2e1926e, 1, 0 [(0 [0xC004F014, 0, 0], [(?)(?)(?)(?)(?)(?)(?)(?)])(1 )(2 )(3 )]\\n43: e4db50ea-bda1-4566-b047-0ca50abc6f07, 1, 0 [(0 [0xC004F014, 0, 0], [(?)(?)(?)(?)(?)(?)(?)(?)])(1 )(2 )(3 )]\\n44: e558417a-5123-4f6f-91e7-385c1c7ca9d4, 1, 0 [(0 [0xC004F014, 0, 0], [(?)(?)(?)(?)(?)(?)(?)(?)])(1 )(2 )(3 )]\\n45: e7a950a2-e548-4f10-bf16-02ec848e0643, 1, 0 [(0 [0xC004F014, 0, 0], [(?)(?)(?)(?)(?)(?)(?)(?)])(1 )(2 )(3 )]\\n46: eb6d346f-1c60-4643-b960-40ec31596c45, 1, 0 [(0 [0xC004F014, 0, 0], [(?)(?)(?)(?)(?)(?)(?)(?)])(1 )(2 )(3 )]\\n47: ec868e65-fadf-4759-b23e-93fe37f2cc29, 1, 0 [(0 [0xC004F014, 0, 0], [(?)(?)(?)(?)(?)(?)(?)(?)])(1 )(2 )(3 )]\\n48: ef51e000-2659-4f25-8345-3de70a9cf4c4, 1, 0 [(0 [0xC004F014, 0, 0], [(?)(?)(?)(?)(?)(?)(?)(?)])(1 )(2 )(3 )]\\n49: f7af7d09-40e4-419c-a49b-eae366689ebd, 1, 0 [(0 [0xC004F014, 0, 0], [(?)(?)(?)(?)(?)(?)(?)(?)])(1 )(2 )(3 )]\\n50: fa755fe6-6739-40b9-8d84-6d0ea3b6d1ab, 1, 0 [(0 [0xC004F014, 0, 0], [(?)(?)(?)(?)(?)(?)(?)(?)])(1 )(2 )(3 )]\\n51: fe74f55b-0338-41d6-b267-4a201abe7285, 1, 0 [(0 [0xC004F014, 0, 0], [(?)(?)(?)(?)(?)(?)(?)(?)])(1 )(2 )(3 )]\"]},\"System\":{\"Channel\":\"Application\",\"Computer\":\"Chotu\",\"Correlation\":{},\"EventID\":{\"#text\":1003,\"@Qualifiers\":16384},\"EventRecordID\":32794,\"Execution\":{\"@ProcessID\":0,\"@ThreadID\":0},\"Keywords\":\"0x80000000000000\",\"Level\":4,\"Opcode\":0,\"Provider\":{\"@EventSourceName\":\"Software Protection Platform Service\",\"@Guid\":\"{E23B33B0-C8C9-472C-A5F9-F2BDFEA0F156}\",\"@Name\":\"Microsoft-Windows-Security-SPP\"},\"Security\":{},\"Task\":0,\"TimeCreated\":{\"@SystemTime\":\"2020-11-06T14:29:52.0266582Z\"},\"Version\":0}}}", "{\"Event\":{\"EventData\":{\"Data\":[\"hr=0x8007139F\",\"RuleId=eeba1977-569e-4571-b639-7623d8bfecc0;Action=AutoActivate;AppId=55c92734-d682-4d71-983e-d6ec3f16059f;SkuId=2de67392-b7a7-462a-b1ca-108dd189f588;NotificationInterval=1440;Trigger=NetworkAvailable\"]},\"System\":{\"Channel\":\"Application\",\"Computer\":\"Chotu\",\"Correlation\":{},\"EventID\":{\"#text\":8198,\"@Qualifiers\":49152},\"EventRecordID\":32795,\"Execution\":{\"@ProcessID\":0,\"@ThreadID\":0},\"Keywords\":\"0x80000000000000\",\"Level\":2,\"Opcode\":0,\"Provider\":{\"@EventSourceName\":\"Software Protection Platform Service\",\"@Guid\":\"{E23B33B0-C8C9-472C-A5F9-F2BDFEA0F156}\",\"@Name\":\"Microsoft-Windows-Security-SPP\"},\"Security\":{},\"Task\":0,\"TimeCreated\":{\"@SystemTime\":\"2020-11-06T14:29:52.0891557Z\"},\"Version\":0}}}", "{\"Event\":{\"EventData\":{\"Data\":[\"Catalog Database\",\"3096,D,12\",\"Catalog Database:\",\"0x410022D8 (8920 | JET_efvAllowHigherPersistedFormat)\",\"9080 (0x2378)\",\"1568.20.0\"]},\"System\":{\"Channel\":\"Application\",\"Computer\":\"Chotu\",\"Correlation\":{},\"EventID\":{\"#text\":642,\"@Qualifiers\":0},\"EventRecordID\":32796,\"Execution\":{\"@ProcessID\":0,\"@ThreadID\":0},\"Keywords\":\"0x80000000000000\",\"Level\":3,\"Opcode\":0,\"Provider\":{\"@Name\":\"ESENT\"},\"Security\":{},\"Task\":1,\"TimeCreated\":{\"@SystemTime\":\"2020-11-06T14:30:00.8076429Z\"},\"Version\":0}}}", "{\"Event\":{\"EventData\":{\"Data\":[\"Catalog Database\",\"3096,D,12\",\"Catalog Database:\",\"0x410022D8 (8920 | JET_efvAllowHigherPersistedFormat)\",\"9080 (0x2378)\",\"1568.20.0\"]},\"System\":{\"Channel\":\"Application\",\"Computer\":\"Chotu\",\"Correlation\":{},\"EventID\":{\"#text\":642,\"@Qualifiers\":0},\"EventRecordID\":32797,\"Execution\":{\"@ProcessID\":0,\"@ThreadID\":0},\"Keywords\":\"0x80000000000000\",\"Level\":3,\"Opcode\":0,\"Provider\":{\"@Name\":\"ESENT\"},\"Security\":{},\"Task\":1,\"TimeCreated\":{\"@SystemTime\":\"2020-11-06T14:30:00.8545202Z\"},\"Version\":0}}}", "{\"Event\":{\"EventData\":{\"Data\":[\"SynTPEnhService\",\"Session Changed User Log on\"]},\"System\":{\"Channel\":\"Application\",\"Computer\":\"Chotu\",\"Correlation\":{},\"EventID\":{\"#text\":0,\"@Qualifiers\":0},\"EventRecordID\":32798,\"Execution\":{\"@ProcessID\":0,\"@ThreadID\":0},\"Keywords\":\"0x80000000000000\",\"Level\":4,\"Opcode\":0,\"Provider\":{\"@Name\":\"SynTPEnhService\"},\"Security\":{},\"Task\":0,\"TimeCreated\":{\"@SystemTime\":\"2020-11-06T14:30:04.9950135Z\"},\"Version\":0}}}", "{\"Event\":{\"EventData\":{\"Data\":[\"SynTPEnhService\",\"Log on New Session:1 Launch Enh\"]},\"System\":{\"Channel\":\"Application\",\"Computer\":\"Chotu\",\"Correlation\":{},\"EventID\":{\"#text\":0,\"@Qualifiers\":0},\"EventRecordID\":32799,\"Execution\":{\"@ProcessID\":0,\"@ThreadID\":0},\"Keywords\":\"0x80000000000000\",\"Level\":4,\"Opcode\":0,\"Provider\":{\"@Name\":\"SynTPEnhService\"},\"Security\":{},\"Task\":0,\"TimeCreated\":{\"@SystemTime\":\"2020-11-06T14:30:04.9950135Z\"},\"Version\":0}}}", "{\"Event\":{\"EventData\":{\"Binary\":\"D9060000\",\"Data\":\"SessionEnv\"},\"System\":{\"Channel\":\"Application\",\"Computer\":\"Chotu\",\"Correlation\":{},\"EventID\":{\"#text\":6000,\"@Qualifiers\":32768},\"EventRecordID\":32800,\"Execution\":{\"@ProcessID\":0,\"@ThreadID\":0},\"Keywords\":\"0x80000000000000\",\"Level\":4,\"Opcode\":0,\"Provider\":{\"@EventSourceName\":\"Wlclntfy\",\"@Guid\":\"{DBE9B383-7CF3-4331-91CC-A3CB16A3B538}\",\"@Name\":\"Microsoft-Windows-Winlogon\"},\"Security\":{},\"Task\":0,\"TimeCreated\":{\"@SystemTime\":\"2020-11-06T14:30:05.1200091Z\"},\"Version\":0}}}", "{\"Event\":{\"EventData\":{\"Data\":[\"0x8007007B\",\"0ff1ce15-a989-479d-af46-f275c6370663\",\"d450596f-894d-49e0-966a-fd39ed4c4c64\",\"UserLogon(1)\"]},\"System\":{\"Channel\":\"Application\",\"Computer\":\"Chotu\",\"Correlation\":{},\"EventID\":{\"#text\":8233,\"@Qualifiers\":16384},\"EventRecordID\":32801,\"Execution\":{\"@ProcessID\":0,\"@ThreadID\":0},\"Keywords\":\"0x80000000000000\",\"Level\":3,\"Opcode\":0,\"Provider\":{\"@EventSourceName\":\"Software Protection Platform Service\",\"@Guid\":\"{E23B33B0-C8C9-472C-A5F9-F2BDFEA0F156}\",\"@Name\":\"Microsoft-Windows-Security-SPP\"},\"Security\":{},\"Task\":0,\"TimeCreated\":{\"@SystemTime\":\"2020-11-06T14:30:08.2605427Z\"},\"Version\":0}}}", "{\"Event\":{\"EventData\":{\"Data\":[\"SynTPEnhService\",\"CEnhanceCallerService::Update: Message1: 26, Message2:28\"]},\"System\":{\"Channel\":\"Application\",\"Computer\":\"Chotu\",\"Correlation\":{},\"EventID\":{\"#text\":0,\"@Qualifiers\":0},\"EventRecordID\":32802,\"Execution\":{\"@ProcessID\":0,\"@ThreadID\":0},\"Keywords\":\"0x80000000000000\",\"Level\":4,\"Opcode\":0,\"Provider\":{\"@Name\":\"SynTPEnhService\"},\"Security\":{},\"Task\":0,\"TimeCreated\":{\"@SystemTime\":\"2020-11-06T14:30:12.1152642Z\"},\"Version\":0}}}", "{\"Event\":{\"EventData\":{\"Data\":[\"SynTPEnhService\",\"CEnhanceCallerService::Update: SessionID: 1\"]},\"System\":{\"Channel\":\"Application\",\"Computer\":\"Chotu\",\"Correlation\":{},\"EventID\":{\"#text\":0,\"@Qualifiers\":0},\"EventRecordID\":32803,\"Execution\":{\"@ProcessID\":0,\"@ThreadID\":0},\"Keywords\":\"0x80000000000000\",\"Level\":4,\"Opcode\":0,\"Provider\":{\"@Name\":\"SynTPEnhService\"},\"Security\":{},\"Task\":0,\"TimeCreated\":{\"@SystemTime\":\"2020-11-06T14:30:12.1152642Z\"},\"Version\":0}}}", "{\"Event\":{\"EventData\":{\"Data\":[\"55c92734-d682-4d71-983e-d6ec3f16059f\",\"1: 040fa323-92b1-4baf-97a2-5b67feaefddb, 1, 0 [(0 [0xC004F014, 0, 0], [(?)(?)(?)(?)(?)(?)(?)(?)])(1 )(2 )(3 )]\\n2: 0724cb7d-3437-4cb7-93cb-830375d0079d, 1, 0 [(0 [0xC004F014, 0, 0], [(?)(?)(?)(?)(?)(?)(?)(?)])(1 )(2 )(3 )]\\n3: 0ad2ac98-7bb9-4201-8d92-312299201369, 1, 0 [(0 [0xC004F014, 0, 0], [(?)(?)(?)(?)(?)(?)(?)(?)])(1 )(2 )(3 )]\\n4: 1a9a717a-cf13-4ba5-83c3-0fe25fa868d5, 1, 0 [(0 [0xC004F014, 0, 0], [(?)(?)(?)(?)(?)(?)(?)(?)])(1 )(2 )(3 )]\\n5: 221a02da-e2a1-4b75-864c-0a4410a33fdf, 1, 0 [(0 [0xC004F014, 0, 0], [(?)(?)(?)(?)(?)(?)(?)(?)])(1 )(2 )(3 )]\\n6: 291ece0e-9c38-40ca-a9e1-32cc7ec19507, 1, 0 [(0 [0xC004F014, 0, 0], [(?)(?)(?)(?)(?)(?)(?)(?)])(1 )(2 )(3 )]\\n7: 2936d1d2-913a-4542-b54e-ce5a602a2a38, 1, 0 [(0 [0xC004F014, 0, 0], [(?)(?)(?)(?)(?)(?)(?)(?)])(1 )(2 )(3 )]\\n8: 2c293c26-a45a-4a2a-a350-c69a67097529, 1, 0 [(0 [0xC004F014, 0, 0], [(?)(?)(?)(?)(?)(?)(?)(?)])(1 )(2 )(3 )]\\n9: 2de67392-b7a7-462a-b1ca-108dd189f588, 1, 1 [(0 [0xC004E003, 0, 0], [( 2 0xC004F056 0 0 msft:rm/algorithm/volume/1.0 0x00000000 0)( 1 0x00000000)(?)( 2 0xC004F056 0 0 msft:rm/algorithm/volume/1.0 0x00000000 0)(?)(?)(?)(?)])(1 )(2 )(3 [0x00000000, 0, 0], [( 6 0xC004F009 0 0)( 1 0x00000000)( 6 0xC004F009 0 0)(?)(?)(?)( 10 0x00000000 msft:rm/algorithm/flags/1.0)( 11 0x00000000 0xC004F056)])]\\n10: 2ffd8952-423e-4903-b993-72a1aa44cf82, 1, 0 [(0 [0xC004F014, 0, 0], [(?)(?)(?)(?)(?)(?)(?)(?)])(1 )(2 )(3 )]\\n11: 30a42c86-b7a0-4a34-8c90-ff177cb2acb7, 1, 0 [(0 [0xC004F014, 0, 0], [(?)(?)(?)(?)(?)(?)(?)(?)])(1 )(2 )(3 )]\\n12: 345a5db0-d94f-4e3b-a0c0-7c42f7bc3ebf, 1, 0 [(0 [0xC004F014, 0, 0], [(?)(?)(?)(?)(?)(?)(?)(?)])(1 )(2 )(3 )]\\n13: 3502365a-f88a-4ba4-822a-5769d3073b65, 1, 0 [(0 [0xC004F014, 0, 0], [(?)(?)(?)(?)(?)(?)(?)(?)])(1 )(2 )(3 )]\\n14: 377333b1-8b5d-48d6-9679-1225c872d37c, 1, 0 [(0 [0xC004F014, 0, 0], [(?)(?)(?)(?)(?)(?)(?)(?)])(1 )(2 )(3 )]\\n15: 3df374ef-d444-4494-a5a1-4b0d9fd0e203, 1, 0 [(0 [0xC004F014, 0, 0], [(?)(?)(?)(?)(?)(?)(?)(?)])(1 )(2 )(3 )]\\n16: 3f1afc82-f8ac-4f6c-8005-1d233e606eee, 1, 0 [(0 [0xC004F014, 0, 0], [(?)(?)(?)(?)(?)(?)(?)(?)])(1 )(2 )(3 )]\\n17: 49cd895b-53b2-4dc4-a5f7-b18aa019ad37, 1, 0 [(0 [0xC004F014, 0, 0], [(?)(?)(?)(?)(?)(?)(?)(?)])(1 )(2 )(3 )]\\n18: 4de7cb65-cdf1-4de9-8ae8-e3cce27b9f2c, 1, 0 [(0 [0xC004F014, 0, 0], [(?)(?)(?)(?)(?)(?)(?)(?)])(1 )(2 )(3 )]\\n19: 4f3da0d2-271d-4508-ae81-626b60809a38, 1, 0 [(0 [0xC004F014, 0, 0], [(?)(?)(?)(?)(?)(?)(?)(?)])(1 )(2 )(3 )]\\n20: 60b3ec1b-9545-4921-821f-311b129dd6f6, 1, 0 [(0 [0xC004F014, 0, 0], [(?)(?)(?)(?)(?)(?)(?)(?)])(1 )(2 )(3 )]\\n21: 613d217f-7f13-4268-9907-1662339531cd, 1, 0 [(0 [0xC004F014, 0, 0], [(?)(?)(?)(?)(?)(?)(?)(?)])(1 )(2 )(3 )]\\n22: 62f0c100-9c53-4e02-b886-a3528ddfe7f6, 1, 0 [(0 [0xC004F014, 0, 0], [(?)(?)(?)(?)(?)(?)(?)(?)])(1 )(2 )(3 )]\\n23: 6365275e-368d-46ca-a0ef-fc0404119333, 1, 0 [(0 [0xC004F014, 0, 0], [(?)(?)(?)(?)(?)(?)(?)(?)])(1 )(2 )(3 )]\\n24: 721f9237-9341-4453-a661-09e8baa6cca5, 1, 0 [(0 [0xC004F014, 0, 0], [(?)(?)(?)(?)(?)(?)(?)(?)])(1 )(2 )(3 )]\\n25: 73111121-5638-40f6-bc11-f1d7b0d64300, 1, 0 [(0 [0xC004F014, 0, 0], [(?)(?)(?)(?)(?)(?)(?)(?)])(1 )(2 )(3 )]\\n26: 7a802526-4c94-4bd1-ba14-835a1aca2120, 1, 0 [(0 [0xC004F014, 0, 0], [(?)(?)(?)(?)(?)(?)(?)(?)])(1 )(2 )(3 )]\\n27: 7cb546c0-c7d5-44d8-9a5c-69ecdd782b69, 1, 0 [(0 [0xC004F014, 0, 0], [(?)(?)(?)(?)(?)(?)(?)(?)])(1 )(2 )(3 )]\\n28: 82bbc092-bc50-4e16-8e18-b74fc486aec3, 1, 0 [(0 [0xC004F014, 0, 0], [(?)(?)(?)(?)(?)(?)(?)(?)])(1 )(2 )(3 )]\\n29: 8ab9bdd1-1f67-4997-82d9-8878520837d9, 1, 0 [(0 [0xC004F014, 0, 0], [(?)(?)(?)(?)(?)(?)(?)(?)])(1 )(2 )(3 )]\\n30: 8b351c9c-f398-4515-9900-09df49427262, 1, 0 [(0 [0xC004F014, 0, 0], [(?)(?)(?)(?)(?)(?)(?)(?)])(1 )(2 )(3 )]\\n31: 90da7373-1c51-430b-bf26-c97e9c5cdc31, 1, 0 [(0 [0xC004F014, 0, 0], [(?)(?)(?)(?)(?)(?)(?)(?)])(1 )(2 )(3 )]\\n32: 95dca82f-385d-4d39-b85b-5c73fa285d6f, 1, 0 [(0 [0xC004F014, 0, 0], [(?)(?)(?)(?)(?)(?)(?)(?)])(1 )(2 )(3 )]\\n33: a48938aa-62fa-4966-9d44-9f04da3f72f2, 1, 0 [(0 [0xC004F014, 0, 0], [(?)(?)(?)(?)(?)(?)(?)(?)])(1 )(2 )(3 )]\\n34: b0773a15-df3a-4312-9ad2-83d69648e356, 1, 0 [(0 [0xC004F014, 0, 0], [(?)(?)(?)(?)(?)(?)(?)(?)])(1 )(2 )(3 )]\\n35: b4bfe195-541e-4e64-ad23-6177f19e395e, 1, 0 [(0 [0xC004F014, 0, 0], [(?)(?)(?)(?)(?)(?)(?)(?)])(1 )(2 )(3 )]\\n36: b68e61d2-68ca-4757-be45-0cc2f3e68eee, 1, 0 [(0 [0xC004F014, 0, 0], [(?)(?)(?)(?)(?)(?)(?)(?)])(1 )(2 )(3 )]\\n37: bd3762d7-270d-4760-8fb3-d829ca45278a, 1, 0 [(0 [0xC004F014, 0, 0], [(?)(?)(?)(?)(?)(?)(?)(?)])(1 )(2 )(3 )]\\n38: c86d5194-4840-4dae-9c1c-0301003a5ab0, 1, 0 [(0 [0xC004F014, 0, 0], [(?)(?)(?)(?)(?)(?)(?)(?)])(1 )(2 )(3 )]\\n39: d552befb-48cc-4327-8f39-47d2d94f987c, 1, 0 [(0 [0xC004F014, 0, 0], [(?)(?)(?)(?)(?)(?)(?)(?)])(1 )(2 )(3 )]\\n40: d6eadb3b-5ca8-4a6b-986e-35b550756111, 1, 0 [(0 [0xC004F014, 0, 0], [(?)(?)(?)(?)(?)(?)(?)(?)])(1 )(2 )(3 )]\\n41: df96023b-dcd9-4be2-afa0-c6c871159ebe, 1, 0 [(0 [0xC004F014, 0, 0], [(?)(?)(?)(?)(?)(?)(?)(?)])(1 )(2 )(3 )]\\n42: e0c42288-980c-4788-a014-c080d2e1926e, 1, 0 [(0 [0xC004F014, 0, 0], [(?)(?)(?)(?)(?)(?)(?)(?)])(1 )(2 )(3 )]\\n43: e4db50ea-bda1-4566-b047-0ca50abc6f07, 1, 0 [(0 [0xC004F014, 0, 0], [(?)(?)(?)(?)(?)(?)(?)(?)])(1 )(2 )(3 )]\\n44: e558417a-5123-4f6f-91e7-385c1c7ca9d4, 1, 0 [(0 [0xC004F014, 0, 0], [(?)(?)(?)(?)(?)(?)(?)(?)])(1 )(2 )(3 )]\\n45: e7a950a2-e548-4f10-bf16-02ec848e0643, 1, 0 [(0 [0xC004F014, 0, 0], [(?)(?)(?)(?)(?)(?)(?)(?)])(1 )(2 )(3 )]\\n46: eb6d346f-1c60-4643-b960-40ec31596c45, 1, 0 [(0 [0xC004F014, 0, 0], [(?)(?)(?)(?)(?)(?)(?)(?)])(1 )(2 )(3 )]\\n47: ec868e65-fadf-4759-b23e-93fe37f2cc29, 1, 0 [(0 [0xC004F014, 0, 0], [(?)(?)(?)(?)(?)(?)(?)(?)])(1 )(2 )(3 )]\\n48: ef51e000-2659-4f25-8345-3de70a9cf4c4, 1, 0 [(0 [0xC004F014, 0, 0], [(?)(?)(?)(?)(?)(?)(?)(?)])(1 )(2 )(3 )]\\n49: f7af7d09-40e4-419c-a49b-eae366689ebd, 1, 0 [(0 [0xC004F014, 0, 0], [(?)(?)(?)(?)(?)(?)(?)(?)])(1 )(2 )(3 )]\\n50: fa755fe6-6739-40b9-8d84-6d0ea3b6d1ab, 1, 0 [(0 [0xC004F014, 0, 0], [(?)(?)(?)(?)(?)(?)(?)(?)])(1 )(2 )(3 )]\\n51: fe74f55b-0338-41d6-b267-4a201abe7285, 1, 0 [(0 [0xC004F014, 0, 0], [(?)(?)(?)(?)(?)(?)(?)(?)])(1 )(2 )(3 )]\"]},\"System\":{\"Channel\":\"Application\",\"Computer\":\"Chotu\",\"Correlation\":{},\"EventID\":{\"#text\":1003,\"@Qualifiers\":16384},\"EventRecordID\":32804,\"Execution\":{\"@ProcessID\":0,\"@ThreadID\":0},\"Keywords\":\"0x80000000000000\",\"Level\":4,\"Opcode\":0,\"Provider\":{\"@EventSourceName\":\"Software Protection Platform Service\",\"@Guid\":\"{E23B33B0-C8C9-472C-A5F9-F2BDFEA0F156}\",\"@Name\":\"Microsoft-Windows-Security-SPP\"},\"Security\":{},\"Task\":0,\"TimeCreated\":{\"@SystemTime\":\"2020-11-06T14:30:18.5369433Z\"},\"Version\":0}}}", "{\"Event\":{\"EventData\":{\"Data\":[\"55c92734-d682-4d71-983e-d6ec3f16059f\",\"1: 040fa323-92b1-4baf-97a2-5b67feaefddb, 1, 0 [(0 [0xC004F014, 0, 0], [(?)(?)(?)(?)(?)(?)(?)(?)])(1 )(2 )(3 )]\\n2: 0724cb7d-3437-4cb7-93cb-830375d0079d, 1, 0 [(0 [0xC004F014, 0, 0], [(?)(?)(?)(?)(?)(?)(?)(?)])(1 )(2 )(3 )]\\n3: 0ad2ac98-7bb9-4201-8d92-312299201369, 1, 0 [(0 [0xC004F014, 0, 0], [(?)(?)(?)(?)(?)(?)(?)(?)])(1 )(2 )(3 )]\\n4: 1a9a717a-cf13-4ba5-83c3-0fe25fa868d5, 1, 0 [(0 [0xC004F014, 0, 0], [(?)(?)(?)(?)(?)(?)(?)(?)])(1 )(2 )(3 )]\\n5: 221a02da-e2a1-4b75-864c-0a4410a33fdf, 1, 0 [(0 [0xC004F014, 0, 0], [(?)(?)(?)(?)(?)(?)(?)(?)])(1 )(2 )(3 )]\\n6: 291ece0e-9c38-40ca-a9e1-32cc7ec19507, 1, 0 [(0 [0xC004F014, 0, 0], [(?)(?)(?)(?)(?)(?)(?)(?)])(1 )(2 )(3 )]\\n7: 2936d1d2-913a-4542-b54e-ce5a602a2a38, 1, 0 [(0 [0xC004F014, 0, 0], [(?)(?)(?)(?)(?)(?)(?)(?)])(1 )(2 )(3 )]\\n8: 2c293c26-a45a-4a2a-a350-c69a67097529, 1, 0 [(0 [0xC004F014, 0, 0], [(?)(?)(?)(?)(?)(?)(?)(?)])(1 )(2 )(3 )]\\n9: 2de67392-b7a7-462a-b1ca-108dd189f588, 1, 1 [(0 [0xC004E003, 0, 0], [( 2 0xC004F056 0 0 msft:rm/algorithm/volume/1.0 0x00000000 0)( 1 0x00000000)(?)( 2 0xC004F056 0 0 msft:rm/algorithm/volume/1.0 0x00000000 0)(?)(?)(?)(?)])(1 )(2 )(3 [0x00000000, 0, 0], [( 6 0xC004F009 0 0)( 1 0x00000000)( 6 0xC004F009 0 0)(?)(?)(?)( 10 0x00000000 msft:rm/algorithm/flags/1.0)( 11 0x00000000 0xC004F056)])]\\n10: 2ffd8952-423e-4903-b993-72a1aa44cf82, 1, 0 [(0 [0xC004F014, 0, 0], [(?)(?)(?)(?)(?)(?)(?)(?)])(1 )(2 )(3 )]\\n11: 30a42c86-b7a0-4a34-8c90-ff177cb2acb7, 1, 0 [(0 [0xC004F014, 0, 0], [(?)(?)(?)(?)(?)(?)(?)(?)])(1 )(2 )(3 )]\\n12: 345a5db0-d94f-4e3b-a0c0-7c42f7bc3ebf, 1, 0 [(0 [0xC004F014, 0, 0], [(?)(?)(?)(?)(?)(?)(?)(?)])(1 )(2 )(3 )]\\n13: 3502365a-f88a-4ba4-822a-5769d3073b65, 1, 0 [(0 [0xC004F014, 0, 0], [(?)(?)(?)(?)(?)(?)(?)(?)])(1 )(2 )(3 )]\\n14: 377333b1-8b5d-48d6-9679-1225c872d37c, 1, 0 [(0 [0xC004F014, 0, 0], [(?)(?)(?)(?)(?)(?)(?)(?)])(1 )(2 )(3 )]\\n15: 3df374ef-d444-4494-a5a1-4b0d9fd0e203, 1, 0 [(0 [0xC004F014, 0, 0], [(?)(?)(?)(?)(?)(?)(?)(?)])(1 )(2 )(3 )]\\n16: 3f1afc82-f8ac-4f6c-8005-1d233e606eee, 1, 0 [(0 [0xC004F014, 0, 0], [(?)(?)(?)(?)(?)(?)(?)(?)])(1 )(2 )(3 )]\\n17: 49cd895b-53b2-4dc4-a5f7-b18aa019ad37, 1, 0 [(0 [0xC004F014, 0, 0], [(?)(?)(?)(?)(?)(?)(?)(?)])(1 )(2 )(3 )]\\n18: 4de7cb65-cdf1-4de9-8ae8-e3cce27b9f2c, 1, 0 [(0 [0xC004F014, 0, 0], [(?)(?)(?)(?)(?)(?)(?)(?)])(1 )(2 )(3 )]\\n19: 4f3da0d2-271d-4508-ae81-626b60809a38, 1, 0 [(0 [0xC004F014, 0, 0], [(?)(?)(?)(?)(?)(?)(?)(?)])(1 )(2 )(3 )]\\n20: 60b3ec1b-9545-4921-821f-311b129dd6f6, 1, 0 [(0 [0xC004F014, 0, 0], [(?)(?)(?)(?)(?)(?)(?)(?)])(1 )(2 )(3 )]\\n21: 613d217f-7f13-4268-9907-1662339531cd, 1, 0 [(0 [0xC004F014, 0, 0], [(?)(?)(?)(?)(?)(?)(?)(?)])(1 )(2 )(3 )]\\n22: 62f0c100-9c53-4e02-b886-a3528ddfe7f6, 1, 0 [(0 [0xC004F014, 0, 0], [(?)(?)(?)(?)(?)(?)(?)(?)])(1 )(2 )(3 )]\\n23: 6365275e-368d-46ca-a0ef-fc0404119333, 1, 0 [(0 [0xC004F014, 0, 0], [(?)(?)(?)(?)(?)(?)(?)(?)])(1 )(2 )(3 )]\\n24: 721f9237-9341-4453-a661-09e8baa6cca5, 1, 0 [(0 [0xC004F014, 0, 0], [(?)(?)(?)(?)(?)(?)(?)(?)])(1 )(2 )(3 )]\\n25: 73111121-5638-40f6-bc11-f1d7b0d64300, 1, 0 [(0 [0xC004F014, 0, 0], [(?)(?)(?)(?)(?)(?)(?)(?)])(1 )(2 )(3 )]\\n26: 7a802526-4c94-4bd1-ba14-835a1aca2120, 1, 0 [(0 [0xC004F014, 0, 0], [(?)(?)(?)(?)(?)(?)(?)(?)])(1 )(2 )(3 )]\\n27: 7cb546c0-c7d5-44d8-9a5c-69ecdd782b69, 1, 0 [(0 [0xC004F014, 0, 0], [(?)(?)(?)(?)(?)(?)(?)(?)])(1 )(2 )(3 )]\\n28: 82bbc092-bc50-4e16-8e18-b74fc486aec3, 1, 0 [(0 [0xC004F014, 0, 0], [(?)(?)(?)(?)(?)(?)(?)(?)])(1 )(2 )(3 )]\\n29: 8ab9bdd1-1f67-4997-82d9-8878520837d9, 1, 0 [(0 [0xC004F014, 0, 0], [(?)(?)(?)(?)(?)(?)(?)(?)])(1 )(2 )(3 )]\\n30: 8b351c9c-f398-4515-9900-09df49427262, 1, 0 [(0 [0xC004F014, 0, 0], [(?)(?)(?)(?)(?)(?)(?)(?)])(1 )(2 )(3 )]\\n31: 90da7373-1c51-430b-bf26-c97e9c5cdc31, 1, 0 [(0 [0xC004F014, 0, 0], [(?)(?)(?)(?)(?)(?)(?)(?)])(1 )(2 )(3 )]\\n32: 95dca82f-385d-4d39-b85b-5c73fa285d6f, 1, 0 [(0 [0xC004F014, 0, 0], [(?)(?)(?)(?)(?)(?)(?)(?)])(1 )(2 )(3 )]\\n33: a48938aa-62fa-4966-9d44-9f04da3f72f2, 1, 0 [(0 [0xC004F014, 0, 0], [(?)(?)(?)(?)(?)(?)(?)(?)])(1 )(2 )(3 )]\\n34: b0773a15-df3a-4312-9ad2-83d69648e356, 1, 0 [(0 [0xC004F014, 0, 0], [(?)(?)(?)(?)(?)(?)(?)(?)])(1 )(2 )(3 )]\\n35: b4bfe195-541e-4e64-ad23-6177f19e395e, 1, 0 [(0 [0xC004F014, 0, 0], [(?)(?)(?)(?)(?)(?)(?)(?)])(1 )(2 )(3 )]\\n36: b68e61d2-68ca-4757-be45-0cc2f3e68eee, 1, 0 [(0 [0xC004F014, 0, 0], [(?)(?)(?)(?)(?)(?)(?)(?)])(1 )(2 )(3 )]\\n37: bd3762d7-270d-4760-8fb3-d829ca45278a, 1, 0 [(0 [0xC004F014, 0, 0], [(?)(?)(?)(?)(?)(?)(?)(?)])(1 )(2 )(3 )]\\n38: c86d5194-4840-4dae-9c1c-0301003a5ab0, 1, 0 [(0 [0xC004F014, 0, 0], [(?)(?)(?)(?)(?)(?)(?)(?)])(1 )(2 )(3 )]\\n39: d552befb-48cc-4327-8f39-47d2d94f987c, 1, 0 [(0 [0xC004F014, 0, 0], [(?)(?)(?)(?)(?)(?)(?)(?)])(1 )(2 )(3 )]\\n40: d6eadb3b-5ca8-4a6b-986e-35b550756111, 1, 0 [(0 [0xC004F014, 0, 0], [(?)(?)(?)(?)(?)(?)(?)(?)])(1 )(2 )(3 )]\\n41: df96023b-dcd9-4be2-afa0-c6c871159ebe, 1, 0 [(0 [0xC004F014, 0, 0], [(?)(?)(?)(?)(?)(?)(?)(?)])(1 )(2 )(3 )]\\n42: e0c42288-980c-4788-a014-c080d2e1926e, 1, 0 [(0 [0xC004F014, 0, 0], [(?)(?)(?)(?)(?)(?)(?)(?)])(1 )(2 )(3 )]\\n43: e4db50ea-bda1-4566-b047-0ca50abc6f07, 1, 0 [(0 [0xC004F014, 0, 0], [(?)(?)(?)(?)(?)(?)(?)(?)])(1 )(2 )(3 )]\\n44: e558417a-5123-4f6f-91e7-385c1c7ca9d4, 1, 0 [(0 [0xC004F014, 0, 0], [(?)(?)(?)(?)(?)(?)(?)(?)])(1 )(2 )(3 )]\\n45: e7a950a2-e548-4f10-bf16-02ec848e0643, 1, 0 [(0 [0xC004F014, 0, 0], [(?)(?)(?)(?)(?)(?)(?)(?)])(1 )(2 )(3 )]\\n46: eb6d346f-1c60-4643-b960-40ec31596c45, 1, 0 [(0 [0xC004F014, 0, 0], [(?)(?)(?)(?)(?)(?)(?)(?)])(1 )(2 )(3 )]\\n47: ec868e65-fadf-4759-b23e-93fe37f2cc29, 1, 0 [(0 [0xC004F014, 0, 0], [(?)(?)(?)(?)(?)(?)(?)(?)])(1 )(2 )(3 )]\\n48: ef51e000-2659-4f25-8345-3de70a9cf4c4, 1, 0 [(0 [0xC004F014, 0, 0], [(?)(?)(?)(?)(?)(?)(?)(?)])(1 )(2 )(3 )]\\n49: f7af7d09-40e4-419c-a49b-eae366689ebd, 1, 0 [(0 [0xC004F014, 0, 0], [(?)(?)(?)(?)(?)(?)(?)(?)])(1 )(2 )(3 )]\\n50: fa755fe6-6739-40b9-8d84-6d0ea3b6d1ab, 1, 0 [(0 [0xC004F014, 0, 0], [(?)(?)(?)(?)(?)(?)(?)(?)])(1 )(2 )(3 )]\\n51: fe74f55b-0338-41d6-b267-4a201abe7285, 1, 0 [(0 [0xC004F014, 0, 0], [(?)(?)(?)(?)(?)(?)(?)(?)])(1 )(2 )(3 )]\"]},\"System\":{\"Channel\":\"Application\",\"Computer\":\"Chotu\",\"Correlation\":{},\"EventID\":{\"#text\":1003,\"@Qualifiers\":16384},\"EventRecordID\":32805,\"Execution\":{\"@ProcessID\":0,\"@ThreadID\":0},\"Keywords\":\"0x80000000000000\",\"Level\":4,\"Opcode\":0,\"Provider\":{\"@EventSourceName\":\"Software Protection Platform Service\",\"@Guid\":\"{E23B33B0-C8C9-472C-A5F9-F2BDFEA0F156}\",\"@Name\":\"Microsoft-Windows-Security-SPP\"},\"Security\":{},\"Task\":0,\"TimeCreated\":{\"@SystemTime\":\"2020-11-06T14:30:18.8181887Z\"},\"Version\":0}}}", "{\"Event\":{\"EventData\":{\"Data\":[\"hr=0x8007007B\",\"RuleId=eeba1977-569e-4571-b639-7623d8bfecc0;Action=AutoActivate;AppId=55c92734-d682-4d71-983e-d6ec3f16059f;SkuId=2de67392-b7a7-462a-b1ca-108dd189f588;NotificationInterval=1440;Trigger=UserLogon;SessionId=1\"]},\"System\":{\"Channel\":\"Application\",\"Computer\":\"Chotu\",\"Correlation\":{},\"EventID\":{\"#text\":8198,\"@Qualifiers\":49152},\"EventRecordID\":32806,\"Execution\":{\"@ProcessID\":0,\"@ThreadID\":0},\"Keywords\":\"0x80000000000000\",\"Level\":2,\"Opcode\":0,\"Provider\":{\"@EventSourceName\":\"Software Protection Platform Service\",\"@Guid\":\"{E23B33B0-C8C9-472C-A5F9-F2BDFEA0F156}\",\"@Name\":\"Microsoft-Windows-Security-SPP\"},\"Security\":{},\"Task\":0,\"TimeCreated\":{\"@SystemTime\":\"2020-11-06T14:30:18.8806868Z\"},\"Version\":0}}}", "{\"Event\":{\"EventData\":{\"Data\":[\"SearchIndexer\",\"3104,P,98\",\"Windows:\",0,10,0,19042,0]},\"System\":{\"Channel\":\"Application\",\"Computer\":\"Chotu\",\"Correlation\":{},\"EventID\":{\"#text\":102,\"@Qualifiers\":0},\"EventRecordID\":32807,\"Execution\":{\"@ProcessID\":0,\"@ThreadID\":0},\"Keywords\":\"0x80000000000000\",\"Level\":4,\"Opcode\":0,\"Provider\":{\"@Name\":\"ESENT\"},\"Security\":{},\"Task\":1,\"TimeCreated\":{\"@SystemTime\":\"2020-11-06T14:30:51.5845212Z\"},\"Version\":0}}}", "{\"Event\":{\"EventData\":{\"Data\":[\"SearchIndexer\",\"3104,R,98\",\"Windows:\"]},\"System\":{\"Channel\":\"Application\",\"Computer\":\"Chotu\",\"Correlation\":{},\"EventID\":{\"#text\":300,\"@Qualifiers\":0},\"EventRecordID\":32808,\"Execution\":{\"@ProcessID\":0,\"@ThreadID\":0},\"Keywords\":\"0x80000000000000\",\"Level\":4,\"Opcode\":0,\"Provider\":{\"@Name\":\"ESENT\"},\"Security\":{},\"Task\":3,\"TimeCreated\":{\"@SystemTime\":\"2020-11-06T14:30:52.5688939Z\"},\"Version\":0}}}", "{\"Event\":{\"EventData\":{\"Data\":[\"SearchIndexer\",\"3104,R,98\",\"Windows:\",\"C:\\\\ProgramData\\\\Microsoft\\\\Search\\\\Data\\\\Applications\\\\Windows\\\\edb00A7B.jtx\",\"[1] 2.153426 -0.001750 (112) CM -1.933706 (7) WT +J(CM:112, PgRf:11892, Rd:111/111, Dy:18/6835, Lg:1028072/28617) +M(C:0K, Fs:1144, WS:4404K # 4404K, PF:4460K # 4456K, P:4460K).\",\"Commit\",7602]},\"System\":{\"Channel\":\"Application\",\"Computer\":\"Chotu\",\"Correlation\":{},\"EventID\":{\"#text\":301,\"@Qualifiers\":0},\"EventRecordID\":32809,\"Execution\":{\"@ProcessID\":0,\"@ThreadID\":0},\"Keywords\":\"0x80000000000000\",\"Level\":4,\"Opcode\":0,\"Provider\":{\"@Name\":\"ESENT\"},\"Security\":{},\"Task\":3,\"TimeCreated\":{\"@SystemTime\":\"2020-11-06T14:30:54.8969210Z\"},\"Version\":0}}}", "{\"Event\":{\"EventData\":{\"Data\":[\"SearchIndexer\",\"3104,R,98\",\"Windows:\",\"C:\\\\ProgramData\\\\Microsoft\\\\Search\\\\Data\\\\Applications\\\\Windows\\\\edb.jtx\",\"[1] 0.029264 -0.000867 (2) WT +J(CM:0, PgRf:3314, Rd:0/0, Dy:4/7817, Lg:271020/7586) +M(C:0K, Fs:8, WS:0K # 4K, PF:0K # 0K, P:0K).\",\"Commit\",2088]},\"System\":{\"Channel\":\"Application\",\"Computer\":\"Chotu\",\"Correlation\":{},\"EventID\":{\"#text\":301,\"@Qualifiers\":0},\"EventRecordID\":32810,\"Execution\":{\"@ProcessID\":0,\"@ThreadID\":0},\"Keywords\":\"0x80000000000000\",\"Level\":4,\"Opcode\":0,\"Provider\":{\"@Name\":\"ESENT\"},\"Security\":{},\"Task\":3,\"TimeCreated\":{\"@SystemTime\":\"2020-11-06T14:30:54.9281701Z\"},\"Version\":0}}}", "{\"Event\":{\"EventData\":{\"Data\":[\"SearchIndexer\",\"3104,U,98\",\"Windows:\"]},\"System\":{\"Channel\":\"Application\",\"Computer\":\"Chotu\",\"Correlation\":{},\"EventID\":{\"#text\":302,\"@Qualifiers\":0},\"EventRecordID\":32811,\"Execution\":{\"@ProcessID\":0,\"@ThreadID\":0},\"Keywords\":\"0x80000000000000\",\"Level\":4,\"Opcode\":0,\"Provider\":{\"@Name\":\"ESENT\"},\"Security\":{},\"Task\":3,\"TimeCreated\":{\"@SystemTime\":\"2020-11-06T14:30:55.2562905Z\"},\"Version\":0}}}", "{\"Event\":{\"EventData\":{\"Data\":[\"SearchIndexer\",\"3104,D,0\",\"Windows:\",0,3,\"[1] 0.001325 +J(0) +M(C:0K, Fs:181, WS:704K # 704K, PF:4560K # 4560K, P:4560K)\\n[2] 0.000563 +J(0) +M(C:0K, Fs:170, WS:676K # 676K, PF:940K # 940K, P:940K)\\n[3] 0.000039 +J(0) +M(C:0K, Fs:5, WS:16K # 16K, PF:68K # 68K, P:68K)\\n[4] 0.000202 +J(0) +M(C:0K, Fs:26, WS:104K # 104K, PF:352K # 352K, P:352K)\\n[5] 0.002679 +J(0) +M(C:0K, Fs:48, WS:192K # 192K, PF:68K # 68K, P:68K)\\n[6] 0.149099 +J(0) +M(C:0K, Fs:35, WS:140K # 140K, PF:24K # 24K, P:24K)\\n[7] 0.184546 -0.000007 (2) WT +J(0) +M(C:0K, Fs:275, WS:1096K # 1096K, PF:1032K # 1032K, P:1032K)\\n[8] 2.961428 -0.001750 (112) CM -2.097998 (14) WT +J(CM:112, PgRf:11892, Rd:111/111, Dy:18/6835, Lg:1028072/28617) +M(C:0K, Fs:1480, WS:5672K # 5672K, PF:5472K # 5472K, P:5472K)\\n[9] 0.053103 -0.002076 (9) WT +J(CM:0, PgRf:3314, Rd:0/0, Dy:4/7817, Lg:271020/7586) +M(C:0K, Fs:27, WS:40K # 72K, PF:0K # 36K, P:0K) + 1 lgens\\n[10] 0.000828 -0.000001 (1) WT +J(0) +M(C:0K, Fs:0, WS:-1020K # 0K, PF:-1020K # 0K, P:-1020K)\\n[11] 0.000095 +J(CM:0, PgRf:0, Rd:0/0, Dy:0/0, Lg:49/1) +M(C:0K, Fs:2, WS:-144K # 0K, PF:-156K # 0K, P:-156K)\\n[12] 0.017490 -0.016460 (4) WT +J(CM:22, PgRf:0, Rd:0/22, Dy:0/0, Lg:0/0) +M(C:0K, Fs:183, WS:28K # 0K, PF:12K # 0K, P:12K)\\n[13] 0.546353 -0.087497 (2) CM -0.200538 (22) WT +J(CM:2, PgRf:2, Rd:0/2, Dy:0/0, Lg:8759/5) +M(C:0K, Fs:321, WS:-4292K # 0K, PF:-3652K # 0K, P:-3652K)\\n[14] 0.000024 +J(0)\\n[15] 0.000038 +J(0)\\n[16] 0.000299 -0.000001 (1) WT +J(0) +M(C:0K, Fs:2, WS:0K # 0K, PF:0K # 0K, P:0K).\",\"lgposV2[] = 00000A7B:0001:0000 - 00000A7B:00FE:0FC7 - 00000A7C:0044:0000 - 00000A7C:0044:0000 (00000000:0000:0000)\"]},\"System\":{\"Channel\":\"Application\",\"Computer\":\"Chotu\",\"Correlation\":{},\"EventID\":{\"#text\":105,\"@Qualifiers\":0},\"EventRecordID\":32812,\"Execution\":{\"@ProcessID\":0,\"@ThreadID\":0},\"Keywords\":\"0x80000000000000\",\"Level\":4,\"Opcode\":0,\"Provider\":{\"@Name\":\"ESENT\"},\"Security\":{},\"Task\":1,\"TimeCreated\":{\"@SystemTime\":\"2020-11-06T14:30:55.5062785Z\"},\"Version\":0}}}", "{\"Event\":{\"EventData\":{\"Data\":[\"SearchIndexer\",\"3104,D,50\",\"Windows:\",1,\"C:\\\\ProgramData\\\\Microsoft\\\\Search\\\\Data\\\\Applications\\\\Windows\\\\Windows.edb\",0,\"[1] 0.000004 +J(0)\\n[2] 0.001023 -0.000001 (1) WT +J(0) +M(C:0K, Fs:24, WS:32K # 0K, PF:32K # 0K, P:32K)\\n[3] 0.086852 -0.081239 (6) WT +J(CM:0, PgRf:0, Rd:0/0, Dy:0/0, Lg:3480/2) +M(C:0K, Fs:16, WS:32K # 0K, PF:32K # 0K, P:32K)\\n[4] 0.000372 +J(0)\\n[5] -\\n[6] -\\n[7] -\\n[8] 0.025659 -0.022740 (2) CM +J(CM:2, PgRf:2, Rd:14/2, Dy:0/0, Lg:54/1) +M(C:0K, Fs:37, WS:144K # 0K, PF:536K # 0K, P:536K)\\n[9] 0.096417 -0.072191 (5) CM -0.022884 (1) WT +J(CM:5, PgRf:23, Rd:0/5, Dy:0/0, Lg:0/0) +M(C:0K, Fs:56, WS:224K # 0K, PF:256K # 0K, P:256K)\\n[10] 0.001739 -0.001199 (1) CM +J(CM:1, PgRf:40, Rd:0/1, Dy:0/0, Lg:0/0) +M(C:0K, Fs:9, WS:36K # 0K, PF:32K # 0K, P:32K)\\n[11] 0.000052 +J(CM:0, PgRf:1, Rd:0/0, Dy:0/0, Lg:0/0) +M(C:0K, Fs:1, WS:4K # 0K, PF:0K # 0K, P:0K)\\n[12] 0.000153 +J(CM:0, PgRf:42, Rd:0/0, Dy:0/0, Lg:0/0) +M(C:0K, Fs:3, WS:12K # 0K, PF:0K # 0K, P:0K)\\n[13] 0.000003 +J(0)\\n[14] 0.000001 +J(0)\\n[15] 0.000021 +J(CM:0, PgRf:1, Rd:0/0, Dy:0/0, Lg:0/0).\",\"0 0\",\"lgposAttach = 00000A7C:0046:0268,\\ndbv = 1568.110.240\"]},\"System\":{\"Channel\":\"Application\",\"Computer\":\"Chotu\",\"Correlation\":{},\"EventID\":{\"#text\":326,\"@Qualifiers\":0},\"EventRecordID\":32813,\"Execution\":{\"@ProcessID\":0,\"@ThreadID\":0},\"Keywords\":\"0x80000000000000\",\"Level\":4,\"Opcode\":0,\"Provider\":{\"@Name\":\"ESENT\"},\"Security\":{},\"Task\":1,\"TimeCreated\":{\"@SystemTime\":\"2020-11-06T14:30:55.8187965Z\"},\"Version\":0}}}", "{\"Event\":{\"EventData\":{\"Data\":[\"2020-11-06T16:29:56Z\",\"RulesEngine\"]},\"System\":{\"Channel\":\"Application\",\"Computer\":\"Chotu\",\"Correlation\":{},\"EventID\":{\"#text\":16384,\"@Qualifiers\":16384},\"EventRecordID\":32814,\"Execution\":{\"@ProcessID\":0,\"@ThreadID\":0},\"Keywords\":\"0x80000000000000\",\"Level\":4,\"Opcode\":0,\"Provider\":{\"@EventSourceName\":\"Software Protection Platform Service\",\"@Guid\":\"{E23B33B0-C8C9-472C-A5F9-F2BDFEA0F156}\",\"@Name\":\"Microsoft-Windows-Security-SPP\"},\"Security\":{},\"Task\":0,\"TimeCreated\":{\"@SystemTime\":\"2020-11-06T14:30:58.1624485Z\"},\"Version\":0}}}", "{\"Event\":{\"EventData\":{},\"System\":{\"Channel\":\"Application\",\"Computer\":\"Chotu\",\"Correlation\":{},\"EventID\":{\"#text\":903,\"@Qualifiers\":16384},\"EventRecordID\":32815,\"Execution\":{\"@ProcessID\":0,\"@ThreadID\":0},\"Keywords\":\"0x80000000000000\",\"Level\":0,\"Opcode\":0,\"Provider\":{\"@EventSourceName\":\"Software Protection Platform Service\",\"@Guid\":\"{E23B33B0-C8C9-472C-A5F9-F2BDFEA0F156}\",\"@Name\":\"Microsoft-Windows-Security-SPP\"},\"Security\":{},\"Task\":0,\"TimeCreated\":{\"@SystemTime\":\"2020-11-06T14:30:58.2874456Z\"},\"Version\":0}}}", "{\"Event\":{\"EventData\":{\"Data\":{\"@Name\":\"ExtraInfo\"}},\"System\":{\"Channel\":\"Application\",\"Computer\":\"Chotu\",\"Correlation\":{},\"EventID\":{\"#text\":1003,\"@Qualifiers\":16384},\"EventRecordID\":32816,\"Execution\":{\"@ProcessID\":0,\"@ThreadID\":0},\"Keywords\":\"0x80000000000000\",\"Level\":4,\"Opcode\":0,\"Provider\":{\"@EventSourceName\":\"Windows Search Service\",\"@Guid\":\"{CA4E628D-8567-4896-AB6B-835B221F373F}\",\"@Name\":\"Microsoft-Windows-Search\"},\"Security\":{},\"Task\":1,\"TimeCreated\":{\"@SystemTime\":\"2020-11-06T14:31:04.8184949Z\"},\"Version\":0}}}", "{\"Event\":{\"EventData\":{\"Data\":\"Service stopped\"},\"System\":{\"Channel\":\"Application\",\"Computer\":\"Chotu\",\"Correlation\":{},\"EventID\":{\"#text\":0,\"@Qualifiers\":0},\"EventRecordID\":32817,\"Execution\":{\"@ProcessID\":0,\"@ThreadID\":0},\"Keywords\":\"0x80000000000000\",\"Level\":4,\"Opcode\":0,\"Provider\":{\"@Name\":\"edgeupdate\"},\"Security\":{},\"Task\":0,\"TimeCreated\":{\"@SystemTime\":\"2020-11-06T14:31:24.7124520Z\"},\"Version\":0}}}", "{\"Event\":{\"EventData\":{\"Data\":\"<explicit>\"},\"System\":{\"Channel\":\"Application\",\"Computer\":\"Chotu\",\"Correlation\":{},\"EventID\":{\"#text\":900,\"@Qualifiers\":16384},\"EventRecordID\":32818,\"Execution\":{\"@ProcessID\":0,\"@ThreadID\":0},\"Keywords\":\"0x80000000000000\",\"Level\":4,\"Opcode\":0,\"Provider\":{\"@EventSourceName\":\"Software Protection Platform Service\",\"@Guid\":\"{E23B33B0-C8C9-472C-A5F9-F2BDFEA0F156}\",\"@Name\":\"Microsoft-Windows-Security-SPP\"},\"Security\":{},\"Task\":0,\"TimeCreated\":{\"@SystemTime\":\"2020-11-06T14:32:34.0516298Z\"},\"Version\":0}}}", "{\"Event\":{\"EventData\":{},\"System\":{\"Channel\":\"Application\",\"Computer\":\"Chotu\",\"Correlation\":{},\"EventID\":{\"#text\":16394,\"@Qualifiers\":49152},\"EventRecordID\":32819,\"Execution\":{\"@ProcessID\":0,\"@ThreadID\":0},\"Keywords\":\"0x80000000000000\",\"Level\":4,\"Opcode\":0,\"Provider\":{\"@EventSourceName\":\"Software Protection Platform Service\",\"@Guid\":\"{E23B33B0-C8C9-472C-A5F9-F2BDFEA0F156}\",\"@Name\":\"Microsoft-Windows-Security-SPP\"},\"Security\":{},\"Task\":0,\"TimeCreated\":{\"@SystemTime\":\"2020-11-06T14:32:34.9890993Z\"},\"Version\":0}}}", "{\"Event\":{\"EventData\":{},\"System\":{\"Channel\":\"Application\",\"Computer\":\"Chotu\",\"Correlation\":{},\"EventID\":{\"#text\":1,\"@Qualifiers\":0},\"EventRecordID\":32820,\"Execution\":{\"@ProcessID\":0,\"@ThreadID\":0},\"Keywords\":\"0x80000000000000\",\"Level\":4,\"Opcode\":0,\"Provider\":{\"@Name\":\"SecurityCenter\"},\"Security\":{},\"Task\":0,\"TimeCreated\":{\"@SystemTime\":\"2020-11-06T14:32:46.1294175Z\"},\"Version\":0}}}", "{\"Event\":{\"EventData\":{\"Data\":[{},0,\"StoreAgentScanForUpdatesFailure0\",\"Not available\",0,\"Update;\",80070422,19042,546,\"Windows.Desktop\",{},{},{},{},{},\"\\\\\\\\?\\\\C:\\\\ProgramData\\\\Microsoft\\\\Windows\\\\WER\\\\Temp\\\\WERD945.tmp.WERInternalMetadata.xml\\r\\n\\\\\\\\?\\\\C:\\\\ProgramData\\\\Microsoft\\\\Windows\\\\WER\\\\Temp\\\\WERD994.tmp.xml\\r\\n\\\\\\\\?\\\\C:\\\\ProgramData\\\\Microsoft\\\\Windows\\\\WER\\\\Temp\\\\WERDA4F.tmp.csv\\r\\n\\\\\\\\?\\\\C:\\\\ProgramData\\\\Microsoft\\\\Windows\\\\WER\\\\Temp\\\\WERDA7F.tmp.txt\",\"\\\\\\\\?\\\\C:\\\\ProgramData\\\\Microsoft\\\\Windows\\\\WER\\\\ReportQueue\\\\NonCritical_Update;_69777754c80df81cdefa65a228dcb2bcf791e_00000000_cab_801e5193-d72e-41ac-9050-2f2c142cdb20\",{},0,\"801e5193-d72e-41ac-9050-2f2c142cdb20\",4,{},0]},\"System\":{\"Channel\":\"Application\",\"Computer\":\"Chotu\",\"Correlation\":{},\"EventID\":{\"#text\":1001,\"@Qualifiers\":0},\"EventRecordID\":32821,\"Execution\":{\"@ProcessID\":0,\"@ThreadID\":0},\"Keywords\":\"0x80000000000000\",\"Level\":4,\"Opcode\":0,\"Provider\":{\"@Name\":\"Windows Error Reporting\"},\"Security\":{},\"Task\":0,\"TimeCreated\":{\"@SystemTime\":\"2020-11-06T14:33:17.9596741Z\"},\"Version\":0}}}", "{\"Event\":{\"EventData\":{\"Data\":[{},0,\"StoreAgentScanForUpdatesFailure0\",\"Not available\",0,\"Update;\",80070422,19042,546,\"Windows.Desktop\",{},{},{},{},{},{},\"\\\\\\\\?\\\\C:\\\\ProgramData\\\\Microsoft\\\\Windows\\\\WER\\\\ReportQueue\\\\NonCritical_Update;_69777754c80df81cdefa65a228dcb2bcf791e_00000000_c535106e-8da8-447e-b7ba-a0e78566655b\",{},0,\"c535106e-8da8-447e-b7ba-a0e78566655b\",4100,{},0]},\"System\":{\"Channel\":\"Application\",\"Computer\":\"Chotu\",\"Correlation\":{},\"EventID\":{\"#text\":1001,\"@Qualifiers\":0},\"EventRecordID\":32822,\"Execution\":{\"@ProcessID\":0,\"@ThreadID\":0},\"Keywords\":\"0x80000000000000\",\"Level\":4,\"Opcode\":0,\"Provider\":{\"@Name\":\"Windows Error Reporting\"},\"Security\":{},\"Task\":0,\"TimeCreated\":{\"@SystemTime\":\"2020-11-06T14:33:19.2565034Z\"},\"Version\":0}}}", "{\"Event\":{\"EventData\":{\"Data\":[\"2020-11-06T16:29:35Z\",\"RulesEngine\"]},\"System\":{\"Channel\":\"Application\",\"Computer\":\"Chotu\",\"Correlation\":{},\"EventID\":{\"#text\":16384,\"@Qualifiers\":16384},\"EventRecordID\":32823,\"Execution\":{\"@ProcessID\":0,\"@ThreadID\":0},\"Keywords\":\"0x80000000000000\",\"Level\":4,\"Opcode\":0,\"Provider\":{\"@EventSourceName\":\"Software Protection Platform Service\",\"@Guid\":\"{E23B33B0-C8C9-472C-A5F9-F2BDFEA0F156}\",\"@Name\":\"Microsoft-Windows-Security-SPP\"},\"Security\":{},\"Task\":0,\"TimeCreated\":{\"@SystemTime\":\"2020-11-06T14:33:35.6842616Z\"},\"Version\":0}}}", "{\"Event\":{\"EventData\":{},\"System\":{\"Channel\":\"Application\",\"Computer\":\"Chotu\",\"Correlation\":{},\"EventID\":{\"#text\":16394,\"@Qualifiers\":49152},\"EventRecordID\":32824,\"Execution\":{\"@ProcessID\":0,\"@ThreadID\":0},\"Keywords\":\"0x80000000000000\",\"Level\":4,\"Opcode\":0,\"Provider\":{\"@EventSourceName\":\"Software Protection Platform Service\",\"@Guid\":\"{E23B33B0-C8C9-472C-A5F9-F2BDFEA0F156}\",\"@Name\":\"Microsoft-Windows-Security-SPP\"},\"Security\":{},\"Task\":0,\"TimeCreated\":{\"@SystemTime\":\"2020-11-06T14:34:11.1519253Z\"},\"Version\":0}}}", "{\"Event\":{\"EventData\":{\"Data\":[\"2020-11-06T16:29:58Z\",\"RulesEngine\"]},\"System\":{\"Channel\":\"Application\",\"Computer\":\"Chotu\",\"Correlation\":{},\"EventID\":{\"#text\":16384,\"@Qualifiers\":16384},\"EventRecordID\":32825,\"Execution\":{\"@ProcessID\":0,\"@ThreadID\":0},\"Keywords\":\"0x80000000000000\",\"Level\":4,\"Opcode\":0,\"Provider\":{\"@EventSourceName\":\"Software Protection Platform Service\",\"@Guid\":\"{E23B33B0-C8C9-472C-A5F9-F2BDFEA0F156}\",\"@Name\":\"Microsoft-Windows-Security-SPP\"},\"Security\":{},\"Task\":0,\"TimeCreated\":{\"@SystemTime\":\"2020-11-06T14:34:58.3721623Z\"},\"Version\":0}}}", "{\"Event\":{\"EventData\":{},\"System\":{\"Channel\":\"Application\",\"Computer\":\"Chotu\",\"Correlation\":{},\"EventID\":{\"#text\":16394,\"@Qualifiers\":49152},\"EventRecordID\":32826,\"Execution\":{\"@ProcessID\":0,\"@ThreadID\":0},\"Keywords\":\"0x80000000000000\",\"Level\":4,\"Opcode\":0,\"Provider\":{\"@EventSourceName\":\"Software Protection Platform Service\",\"@Guid\":\"{E23B33B0-C8C9-472C-A5F9-F2BDFEA0F156}\",\"@Name\":\"Microsoft-Windows-Security-SPP\"},\"Security\":{},\"Task\":0,\"TimeCreated\":{\"@SystemTime\":\"2020-11-06T14:35:26.2972608Z\"},\"Version\":0}}}", "{\"Event\":{\"EventData\":{\"Data\":[\"2020-11-06T16:29:58Z\",\"RulesEngine\"]},\"System\":{\"Channel\":\"Application\",\"Computer\":\"Chotu\",\"Correlation\":{},\"EventID\":{\"#text\":16384,\"@Qualifiers\":16384},\"EventRecordID\":32827,\"Execution\":{\"@ProcessID\":0,\"@ThreadID\":0},\"Keywords\":\"0x80000000000000\",\"Level\":4,\"Opcode\":0,\"Provider\":{\"@EventSourceName\":\"Software Protection Platform Service\",\"@Guid\":\"{E23B33B0-C8C9-472C-A5F9-F2BDFEA0F156}\",\"@Name\":\"Microsoft-Windows-Security-SPP\"},\"Security\":{},\"Task\":0,\"TimeCreated\":{\"@SystemTime\":\"2020-11-06T14:35:58.5017690Z\"},\"Version\":0}}}", "{\"Event\":{\"EventData\":{\"Data\":[1344458220180681440,5,\"StoreAgentScanForUpdatesFailure0\",\"Not available\",0,\"Update;\",80070422,19042,546,\"Windows.Desktop\",{},{},{},{},{},\"\\\\\\\\?\\\\C:\\\\ProgramData\\\\Microsoft\\\\Windows\\\\WER\\\\Temp\\\\WERD945.tmp.WERInternalMetadata.xml\\r\\n\\\\\\\\?\\\\C:\\\\ProgramData\\\\Microsoft\\\\Windows\\\\WER\\\\Temp\\\\WERD994.tmp.xml\\r\\n\\\\\\\\?\\\\C:\\\\ProgramData\\\\Microsoft\\\\Windows\\\\WER\\\\Temp\\\\WERDA4F.tmp.csv\\r\\n\\\\\\\\?\\\\C:\\\\ProgramData\\\\Microsoft\\\\Windows\\\\WER\\\\Temp\\\\WERDA7F.tmp.txt\",\"\\\\\\\\?\\\\C:\\\\ProgramData\\\\Microsoft\\\\Windows\\\\WER\\\\ReportArchive\\\\NonCritical_Update;_69777754c80df81cdefa65a228dcb2bcf791e_00000000_801e5193-d72e-41ac-9050-2f2c142cdb20\",{},0,\"801e5193-d72e-41ac-9050-2f2c142cdb20\",268435456,\"65987502591e892b32a879a0c53932e0\",0]},\"System\":{\"Channel\":\"Application\",\"Computer\":\"Chotu\",\"Correlation\":{},\"EventID\":{\"#text\":1001,\"@Qualifiers\":0},\"EventRecordID\":32828,\"Execution\":{\"@ProcessID\":0,\"@ThreadID\":0},\"Keywords\":\"0x80000000000000\",\"Level\":4,\"Opcode\":0,\"Provider\":{\"@Name\":\"Windows Error Reporting\"},\"Security\":{},\"Task\":0,\"TimeCreated\":{\"@SystemTime\":\"2020-11-06T14:36:53.1345823Z\"},\"Version\":0}}}", "{\"Event\":{\"EventData\":{\"Data\":[1344458220180681440,5,\"StoreAgentScanForUpdatesFailure0\",\"Not available\",0,\"Update;\",80070422,19042,546,\"Windows.Desktop\",{},{},{},{},{},\"\\\\\\\\?\\\\C:\\\\ProgramData\\\\Microsoft\\\\Windows\\\\WER\\\\Temp\\\\WER2738.tmp.WERInternalMetadata.xml\",\"\\\\\\\\?\\\\C:\\\\ProgramData\\\\Microsoft\\\\Windows\\\\WER\\\\ReportArchive\\\\NonCritical_Update;_69777754c80df81cdefa65a228dcb2bcf791e_00000000_c535106e-8da8-447e-b7ba-a0e78566655b\",{},0,\"c535106e-8da8-447e-b7ba-a0e78566655b\",268439552,\"65987502591e892b32a879a0c53932e0\",0]},\"System\":{\"Channel\":\"Application\",\"Computer\":\"Chotu\",\"Correlation\":{},\"EventID\":{\"#text\":1001,\"@Qualifiers\":0},\"EventRecordID\":32829,\"Execution\":{\"@ProcessID\":0,\"@ThreadID\":0},\"Keywords\":\"0x80000000000000\",\"Level\":4,\"Opcode\":0,\"Provider\":{\"@Name\":\"Windows Error Reporting\"},\"Security\":{},\"Task\":0,\"TimeCreated\":{\"@SystemTime\":\"2020-11-06T14:36:56.9143975Z\"},\"Version\":0}}}", "{\"Event\":{\"EventData\":{\"Data\":[\"Windows Defender\",\"SECURITY_PRODUCT_STATE_ON\"]},\"System\":{\"Channel\":\"Application\",\"Computer\":\"Chotu\",\"Correlation\":{},\"EventID\":{\"#text\":15,\"@Qualifiers\":0},\"EventRecordID\":32830,\"Execution\":{\"@ProcessID\":0,\"@ThreadID\":0},\"Keywords\":\"0x80000000000000\",\"Level\":4,\"Opcode\":0,\"Provider\":{\"@Name\":\"SecurityCenter\"},\"Security\":{},\"Task\":0,\"TimeCreated\":{\"@SystemTime\":\"2020-11-06T14:38:47.2211872Z\"},\"Version\":0}}}", "{\"Event\":{\"EventData\":{\"Data\":[\"Windows Defender\",\"SECURITY_PRODUCT_STATE_ON\"]},\"System\":{\"Channel\":\"Application\",\"Computer\":\"Chotu\",\"Correlation\":{},\"EventID\":{\"#text\":15,\"@Qualifiers\":0},\"EventRecordID\":32831,\"Execution\":{\"@ProcessID\":0,\"@ThreadID\":0},\"Keywords\":\"0x80000000000000\",\"Level\":4,\"Opcode\":0,\"Provider\":{\"@Name\":\"SecurityCenter\"},\"Security\":{},\"Task\":0,\"TimeCreated\":{\"@SystemTime\":\"2020-11-06T14:41:27.4608354Z\"},\"Version\":0}}}", "{\"Event\":{\"EventData\":{\"Data\":[\"Windows Defender\",\"SECURITY_PRODUCT_STATE_ON\"]},\"System\":{\"Channel\":\"Application\",\"Computer\":\"Chotu\",\"Correlation\":{},\"EventID\":{\"#text\":15,\"@Qualifiers\":0},\"EventRecordID\":32832,\"Execution\":{\"@ProcessID\":0,\"@ThreadID\":0},\"Keywords\":\"0x80000000000000\",\"Level\":4,\"Opcode\":0,\"Provider\":{\"@Name\":\"SecurityCenter\"},\"Security\":{},\"Task\":0,\"TimeCreated\":{\"@SystemTime\":\"2020-11-06T14:41:29.4920214Z\"},\"Version\":0}}}", "{\"Event\":{\"EventData\":{},\"System\":{\"Channel\":\"Application\",\"Computer\":\"Chotu\",\"Correlation\":{},\"EventID\":{\"#text\":16394,\"@Qualifiers\":49152},\"EventRecordID\":32833,\"Execution\":{\"@ProcessID\":0,\"@ThreadID\":0},\"Keywords\":\"0x80000000000000\",\"Level\":4,\"Opcode\":0,\"Provider\":{\"@EventSourceName\":\"Software Protection Platform Service\",\"@Guid\":\"{E23B33B0-C8C9-472C-A5F9-F2BDFEA0F156}\",\"@Name\":\"Microsoft-Windows-Security-SPP\"},\"Security\":{},\"Task\":0,\"TimeCreated\":{\"@SystemTime\":\"2020-11-06T14:41:34.9918552Z\"},\"Version\":0}}}", "{\"Event\":{\"EventData\":{\"Data\":[\"2020-11-06T16:29:06Z\",\"RulesEngine\"]},\"System\":{\"Channel\":\"Application\",\"Computer\":\"Chotu\",\"Correlation\":{},\"EventID\":{\"#text\":16384,\"@Qualifiers\":16384},\"EventRecordID\":32834,\"Execution\":{\"@ProcessID\":0,\"@ThreadID\":0},\"Keywords\":\"0x80000000000000\",\"Level\":4,\"Opcode\":0,\"Provider\":{\"@EventSourceName\":\"Software Protection Platform Service\",\"@Guid\":\"{E23B33B0-C8C9-472C-A5F9-F2BDFEA0F156}\",\"@Name\":\"Microsoft-Windows-Security-SPP\"},\"Security\":{},\"Task\":0,\"TimeCreated\":{\"@SystemTime\":\"2020-11-06T14:42:06.5067380Z\"},\"Version\":0}}}", "{\"Event\":{\"EventData\":{\"Data\":\"Service stopped\"},\"System\":{\"Channel\":\"Application\",\"Computer\":\"Chotu\",\"Correlation\":{},\"EventID\":{\"#text\":0,\"@Qualifiers\":0},\"EventRecordID\":32835,\"Execution\":{\"@ProcessID\":0,\"@ThreadID\":0},\"Keywords\":\"0x80000000000000\",\"Level\":4,\"Opcode\":0,\"Provider\":{\"@Name\":\"edgeupdate\"},\"Security\":{},\"Task\":0,\"TimeCreated\":{\"@SystemTime\":\"2020-11-06T14:43:21.0043890Z\"},\"Version\":0}}}", "{\"Event\":{\"EventData\":{\"Data\":[\"Windows Defender\",\"SECURITY_PRODUCT_STATE_ON\"]},\"System\":{\"Channel\":\"Application\",\"Computer\":\"Chotu\",\"Correlation\":{},\"EventID\":{\"#text\":15,\"@Qualifiers\":0},\"EventRecordID\":32836,\"Execution\":{\"@ProcessID\":0,\"@ThreadID\":0},\"Keywords\":\"0x80000000000000\",\"Level\":4,\"Opcode\":0,\"Provider\":{\"@Name\":\"SecurityCenter\"},\"Security\":{},\"Task\":0,\"TimeCreated\":{\"@SystemTime\":\"2020-11-06T14:50:17.3766656Z\"},\"Version\":0}}}", "{\"Event\":{\"EventData\":{\"Data\":[\"Windows Defender\",\"SECURITY_PRODUCT_STATE_ON\"]},\"System\":{\"Channel\":\"Application\",\"Computer\":\"Chotu\",\"Correlation\":{},\"EventID\":{\"#text\":15,\"@Qualifiers\":0},\"EventRecordID\":32837,\"Execution\":{\"@ProcessID\":0,\"@ThreadID\":0},\"Keywords\":\"0x80000000000000\",\"Level\":4,\"Opcode\":0,\"Provider\":{\"@Name\":\"SecurityCenter\"},\"Security\":{},\"Task\":0,\"TimeCreated\":{\"@SystemTime\":\"2020-11-06T14:50:21.1109250Z\"},\"Version\":0}}}", "{\"Event\":{\"EventData\":{\"Data\":[\"Windows Defender\",\"SECURITY_PRODUCT_STATE_ON\"]},\"System\":{\"Channel\":\"Application\",\"Computer\":\"Chotu\",\"Correlation\":{},\"EventID\":{\"#text\":15,\"@Qualifiers\":0},\"EventRecordID\":32838,\"Execution\":{\"@ProcessID\":0,\"@ThreadID\":0},\"Keywords\":\"0x80000000000000\",\"Level\":4,\"Opcode\":0,\"Provider\":{\"@Name\":\"SecurityCenter\"},\"Security\":{},\"Task\":0,\"TimeCreated\":{\"@SystemTime\":\"2020-11-06T14:51:30.6735997Z\"},\"Version\":0}}}", "{\"Event\":{\"EventData\":{\"Data\":[\"Windows Defender\",\"SECURITY_PRODUCT_STATE_ON\"]},\"System\":{\"Channel\":\"Application\",\"Computer\":\"Chotu\",\"Correlation\":{},\"EventID\":{\"#text\":15,\"@Qualifiers\":0},\