"EventRecordID\":32747,\"Execution\":{\"@ProcessID\":0,\"@ThreadID\":0},\"Keywords\":\"0x80000000000000\",\"Level\":4,\"Opcode\":0,\"Provider\":{\"@Name\":\"ESENT\"},\"Security\":{},\"Task\":1,\"TimeCreated\":{\"@SystemTime\":\"2020-11-02T16:07:51.9766346Z\"},\"Version\":0}}}", "{\"Event\":{\"EventData\":{\"Data\":{\"@Name\":\"ExtraInfo\"}},\"System\":{\"Channel\":\"Application\",\"Computer\":\"Chotu\",\"Correlation\":{},\"EventID\":{\"#text\":1003,\"@Qualifiers\":16384},\"EventRecordID\":32748,\"Execution\":{\"@ProcessID\":0,\"@ThreadID\":0},\"Keywords\":\"0x80000000000000\",\"Level\":4,\"Opcode\":0,\"Provider\":{\"@EventSourceName\":\"Windows Search Service\",\"@Guid\":\"{CA4E628D-8567-4896-AB6B-835B221F373F}\",\"@Name\":\"Microsoft-Windows-Search\"},\"Security\":{},\"Task\":1,\"TimeCreated\":{\"@SystemTime\":\"2020-11-02T16:08:12.0298354Z\"},\"Version\":0}}}", "{\"Event\":{\"EventData\":{\"Data\":\"Service stopped\"},\"System\":{\"Channel\":\"Application\",\"Computer\":\"Chotu\",\"Correlation\":{},\"EventID\":{\"#text\":0,\"@Qualifiers\":0},\"EventRecordID\":32749,\"Execution\":{\"@ProcessID\":0,\"@ThreadID\":0},\"Keywords\":\"0x80000000000000\",\"Level\":4,\"Opcode\":0,\"Provider\":{\"@Name\":\"edgeupdate\"},\"Security\":{},\"Task\":0,\"TimeCreated\":{\"@SystemTime\":\"2020-11-02T16:08:18.6233907Z\"},\"Version\":0}}}", "{\"Event\":{\"EventData\":{\"Data\":\"<explicit>\"},\"System\":{\"Channel\":\"Application\",\"Computer\":\"Chotu\",\"Correlation\":{},\"EventID\":{\"#text\":900,\"@Qualifiers\":16384},\"EventRecordID\":32750,\"Execution\":{\"@ProcessID\":0,\"@ThreadID\":0},\"Keywords\":\"0x80000000000000\",\"Level\":4,\"Opcode\":0,\"Provider\":{\"@EventSourceName\":\"Software Protection Platform Service\",\"@Guid\":\"{E23B33B0-C8C9-472C-A5F9-F2BDFEA0F156}\",\"@Name\":\"Microsoft-Windows-Security-SPP\"},\"Security\":{},\"Task\":0,\"TimeCreated\":{\"@SystemTime\":\"2020-11-02T16:09:06.1566566Z\"},\"Version\":0}}}", "{\"Event\":{\"EventData\":{},\"System\":{\"Channel\":\"Application\",\"Computer\":\"Chotu\",\"Correlation\":{},\"EventID\":{\"#text\":16394,\"@Qualifiers\":49152},\"EventRecordID\":32751,\"Execution\":{\"@ProcessID\":0,\"@ThreadID\":0},\"Keywords\":\"0x80000000000000\",\"Level\":4,\"Opcode\":0,\"Provider\":{\"@EventSourceName\":\"Software Protection Platform Service\",\"@Guid\":\"{E23B33B0-C8C9-472C-A5F9-F2BDFEA0F156}\",\"@Name\":\"Microsoft-Windows-Security-SPP\"},\"Security\":{},\"Task\":0,\"TimeCreated\":{\"@SystemTime\":\"2020-11-02T16:09:07.1722526Z\"},\"Version\":0}}}", "{\"Event\":{\"EventData\":{},\"System\":{\"Channel\":\"Application\",\"Computer\":\"Chotu\",\"Correlation\":{},\"EventID\":{\"#text\":1,\"@Qualifiers\":0},\"EventRecordID\":32752,\"Execution\":{\"@ProcessID\":0,\"@ThreadID\":0},\"Keywords\":\"0x80000000000000\",\"Level\":4,\"Opcode\":0,\"Provider\":{\"@Name\":\"SecurityCenter\"},\"Security\":{},\"Task\":0,\"TimeCreated\":{\"@SystemTime\":\"2020-11-02T16:09:10.6721520Z\"},\"Version\":0}}}", "{\"Event\":{\"EventData\":{\"Data\":[\"2020-11-02T18:06:37Z\",\"RulesEngine\"]},\"System\":{\"Channel\":\"Application\",\"Computer\":\"Chotu\",\"Correlation\":{},\"EventID\":{\"#text\":16384,\"@Qualifiers\":16384},\"EventRecordID\":32753,\"Execution\":{\"@ProcessID\":0,\"@ThreadID\":0},\"Keywords\":\"0x80000000000000\",\"Level\":4,\"Opcode\":0,\"Provider\":{\"@EventSourceName\":\"Software Protection Platform Service\",\"@Guid\":\"{E23B33B0-C8C9-472C-A5F9-F2BDFEA0F156}\",\"@Name\":\"Microsoft-Windows-Security-SPP\"},\"Security\":{},\"Task\":0,\"TimeCreated\":{\"@SystemTime\":\"2020-11-02T16:09:37.6105220Z\"},\"Version\":0}}}", "{\"Event\":{\"EventData\":{\"Data\":[\"Windows Defender\",\"SECURITY_PRODUCT_STATE_ON\"]},\"System\":{\"Channel\":\"Application\",\"Computer\":\"Chotu\",\"Correlation\":{},\"EventID\":{\"#text\":15,\"@Qualifiers\":0},\"EventRecordID\":32754,\"Execution\":{\"@ProcessID\":0,\"@ThreadID\":0},\"Keywords\":\"0x80000000000000\",\"Level\":4,\"Opcode\":0,\"Provider\":{\"@Name\":\"SecurityCenter\"},\"Security\":{},\"Task\":0,\"TimeCreated\":{\"@SystemTime\":\"2020-11-02T16:13:46.8912568Z\"},\"Version\":0}}}", "{\"Event\":{\"EventData\":{\"Data\":[\"Windows Defender\",\"SECURITY_PRODUCT_STATE_ON\"]},\"System\":{\"Channel\":\"Application\",\"Computer\":\"Chotu\",\"Correlation\":{},\"EventID\":{\"#text\":15,\"@Qualifiers\":0},\"EventRecordID\":32755,\"Execution\":{\"@ProcessID\":0,\"@ThreadID\":0},\"Keywords\":\"0x80000000000000\",\"Level\":4,\"Opcode\":0,\"Provider\":{\"@Name\":\"SecurityCenter\"},\"Security\":{},\"Task\":0,\"TimeCreated\":{\"@SystemTime\":\"2020-11-02T16:18:15.7085794Z\"},\"Version\":0}}}", "{\"Event\":{\"EventData\":{\"Data\":[\"Video.UI\",\"2008,P,98\",\"{32F0C657-549C-419A-A2D7-32185FD8B0A4}:\",0,10,0,19042,0]},\"System\":{\"Channel\":\"Application\",\"Computer\":\"Chotu\",\"Correlation\":{},\"EventID\":{\"#text\":102,\"@Qualifiers\":0},\"EventRecordID\":32756,\"Execution\":{\"@ProcessID\":0,\"@ThreadID\":0},\"Keywords\":\"0x80000000000000\",\"Level\":4,\"Opcode\":0,\"Provider\":{\"@Name\":\"ESENT\"},\"Security\":{},\"Task\":1,\"TimeCreated\":{\"@SystemTime\":\"2020-11-02T16:37:11.9216119Z\"},\"Version\":0}}}", "{\"Event\":{\"EventData\":{\"Data\":[\"Video.UI\",\"2008,R,98\",\"{32F0C657-549C-419A-A2D7-32185FD8B0A4}:\"]},\"System\":{\"Channel\":\"Application\",\"Computer\":\"Chotu\",\"Correlation\":{},\"EventID\":{\"#text\":300,\"@Qualifiers\":0},\"EventRecordID\":32757,\"Execution\":{\"@ProcessID\":0,\"@ThreadID\":0},\"Keywords\":\"0x80000000000000\",\"Level\":4,\"Opcode\":0,\"Provider\":{\"@Name\":\"ESENT\"},\"Security\":{},\"Task\":3,\"TimeCreated\":{\"@SystemTime\":\"2020-11-02T16:37:12.0622335Z\"},\"Version\":0}}}", "{\"Event\":{\"EventData\":{\"Data\":[\"Video.UI\",\"2008,R,98\",\"{32F0C657-549C-419A-A2D7-32185FD8B0A4}:\",\"0x410022D8 (8920 | JET_efvAllowHigherPersistedFormat)\",\"9180 (0x23dc)\",\"1568.20.0\"]},\"System\":{\"Channel\":\"Application\",\"Computer\":\"Chotu\",\"Correlation\":{},\"EventID\":{\"#text\":642,\"@Qualifiers\":0},\"EventRecordID\":32758,\"Execution\":{\"@ProcessID\":0,\"@ThreadID\":0},\"Keywords\":\"0x80000000000000\",\"Level\":3,\"Opcode\":0,\"Provider\":{\"@Name\":\"ESENT\"},\"Security\":{},\"Task\":1,\"TimeCreated\":{\"@SystemTime\":\"2020-11-02T16:37:12.1716045Z\"},\"Version\":0}}}", "{\"Event\":{\"EventData\":{\"Data\":[\"Video.UI\",\"2008,R,98\",\"{32F0C657-549C-419A-A2D7-32185FD8B0A4}:\",\"C:\\\\Users\\\\huzail\\\\AppData\\\\Local\\\\Packages\\\\Microsoft.ZuneVideo_8wekyb3d8bbwe\\\\LocalState\\\\Database\\\\2e76e513a7eaf3b4\\\\EntClientDb.edb\",\"0x410022D8 (8920 | JET_efvAllowHigherPersistedFormat)\",\"8920 (0x22d8)\",\"9180 (0x23dc)\"]},\"System\":{\"Channel\":\"Application\",\"Computer\":\"Chotu\",\"Correlation\":{},\"EventID\":{\"#text\":330,\"@Qualifiers\":0},\"EventRecordID\":32759,\"Execution\":{\"@ProcessID\":0,\"@ThreadID\":0},\"Keywords\":\"0x80000000000000\",\"Level\":4,\"Opcode\":0,\"Provider\":{\"@Name\":\"ESENT\"},\"Security\":{},\"Task\":1,\"TimeCreated\":{\"@SystemTime\":\"2020-11-02T16:37:12.1716045Z\"},\"Version\":0}}}", "{\"Event\":{\"EventData\":{\"Data\":[\"Video.UI\",\"2008,R,98\",\"{32F0C657-549C-419A-A2D7-32185FD8B0A4}:\",\"C:\\\\Users\\\\huzail\\\\AppData\\\\Local\\\\Packages\\\\Microsoft.ZuneVideo_8wekyb3d8bbwe\\\\LocalState\\\\Database\\\\2e76e513a7eaf3b4\\\\edb.log\",\"[1] 0.123995 -0.029478 (61) WT +J(CM:0, PgRf:0, Rd:0/0, Dy:0/0, Lg:628706/406) +M(C:0K, Fs:3755, WS:136K # 104K, PF:152K # 88K, P:152K).\",\"AttachDB\",48]},\"System\":{\"Channel\":\"Application\",\"Computer\":\"Chotu\",\"Correlation\":{},\"EventID\":{\"#text\":301,\"@Qualifiers\":0},\"EventRecordID\":32760,\"Execution\":{\"@ProcessID\":0,\"@ThreadID\":0},\"Keywords\":\"0x80000000000000\",\"Level\":4,\"Opcode\":0,\"Provider\":{\"@Name\":\"ESENT\"},\"Security\":{},\"Task\":3,\"TimeCreated\":{\"@SystemTime\":\"2020-11-02T16:37:12.2184798Z\"},\"Version\":0}}}", "{\"Event\":{\"EventData\":{\"Data\":[\"Video.UI\",\"2008,U,98\",\"{32F0C657-549C-419A-A2D7-32185FD8B0A4}:\"]},\"System\":{\"Channel\":\"Application\",\"Computer\":\"Chotu\",\"Correlation\":{},\"EventID\":{\"#text\":302,\"@Qualifiers\":0},\"EventRecordID\":32761,\"Execution\":{\"@ProcessID\":0,\"@ThreadID\":0},\"Keywords\":\"0x80000000000000\",\"Level\":4,\"Opcode\":0,\"Provider\":{\"@Name\":\"ESENT\"},\"Security\":{},\"Task\":3,\"TimeCreated\":{\"@SystemTime\":\"2020-11-02T16:37:12.2653507Z\"},\"Version\":0}}}", "{\"Event\":{\"EventData\":{\"Data\":[\"Video.UI\",\"2008,D,0\",\"{32F0C657-549C-419A-A2D7-32185FD8B0A4}:\",0,0,\"[1] 0.001900 +J(0) +M(C:0K, Fs:158, WS:612K # 612K, PF:2540K # 2540K, P:2540K)\\n[2] 0.000683 +J(0) +M(C:0K, Fs:98, WS:368K # 368K, PF:220K # 256K, P:220K)\\n[3] 0.000046 +J(0) +M(C:0K, Fs:4, WS:16K # 16K, PF:64K # 28K, P:64K)\\n[4] 0.000366 +J(0) +M(C:0K, Fs:33, WS:132K # 132K, PF:160K # 160K, P:160K)\\n[5] 0.006217 +J(0) +M(C:0K, Fs:8, WS:32K # 32K, PF:16K # 16K, P:16K)\\n[6] 0.005091 +J(0) +M(C:0K, Fs:46, WS:184K # 184K, PF:12K # 12K, P:12K)\\n[7] 0.102257 -0.097104 (9) WT +J(0) +M(C:0K, Fs:605, WS:2400K # 2400K, PF:2108K # 2108K, P:2108K)\\n[8] 0.190623 -0.087172 (65) WT +J(CM:0, PgRf:0, Rd:0/0, Dy:0/0, Lg:628706/406) +M(C:0K, Fs:4114, WS:1272K # 1292K, PF:548K # 556K, P:548K)\\n[9] 0.001224 +J(0) +M(C:0K, Fs:6, WS:24K # 4K, PF:0K # 0K, P:0K)\\n[10] 0.003905 -0.000016 (8) WT +J(0) +M(C:0K, Fs:1, WS:-2044K # 0K, PF:-2044K # 0K, P:-2044K)\\n[11] 0.000061 +J(CM:0, PgRf:0, Rd:0/0, Dy:0/0, Lg:49/1) +M(C:0K, Fs:2, WS:8K # 0K, PF:0K # 0K, P:0K)\\n[12] 0.001587 -0.001441 (1) WT +J(0) +M(C:0K, Fs:2, WS:8K # 0K, PF:0K # 0K, P:0K)\\n[13] 0.050611 -0.000875 (2) CM -0.023034 (28) WT +J(CM:2, PgRf:2, Rd:0/2, Dy:0/0, Lg:8759/5) +M(C:0K, Fs:551, WS:-176K # 0K, PF:-132K # 0K, P:-132K)\\n[14] 0.000032 +J(0)\\n[15] 0.000023 +J(0)\\n[16] 0.001410 -0.000002 (1) WT +J(0) +M(C:0K, Fs:2, WS:0K # 0K, PF:0K # 0K, P:0K).\",\"lgposV2[] = 00000002:0001:0000 - 00000002:009C:03AF - 00000002:009D:0000 - 00000002:009D:0000 (00000000:0000:0000)\\ncReInits = 48\"]},\"System\":{\"Channel\":\"Application\",\"Computer\":\"Chotu\",\"Correlation\":{},\"EventID\":{\"#text\":105,\"@Qualifiers\":0},\"EventRecordID\":32762,\"Execution\":{\"@ProcessID\":0,\"@ThreadID\":0},\"Keywords\":\"0x80000000000000\",\"Level\":4,\"Opcode\":0,\"Provider\":{\"@Name\":\"ESENT\"},\"Security\":{},\"Task\":1,\"TimeCreated\":{\"@SystemTime\":\"2020-11-02T16:37:12.2809766Z\"},\"Version\":0}}}", "{\"Event\":{\"EventData\":{\"Data\":[\"Video.UI\",\"2008,D,50\",\"{32F0C657-549C-419A-A2D7-32185FD8B0A4}:\",\"0x410022D8 (8920 | JET_efvAllowHigherPersistedFormat)\",\"9180 (0x23dc)\",\"1568.20.0\"]},\"System\":{\"Channel\":\"Application\",\"Computer\":\"Chotu\",\"Correlation\":{},\"EventID\":{\"#text\":642,\"@Qualifiers\":0},\"EventRecordID\":32763,\"Execution\":{\"@ProcessID\":0,\"@ThreadID\":0},\"Keywords\":\"0x80000000000000\",\"Level\":3,\"Opcode\":0,\"Provider\":{\"@Name\":\"ESENT\"},\"Security\":{},\"Task\":1,\"TimeCreated\":{\"@SystemTime\":\"2020-11-02T16:37:12.2809766Z\"},\"Version\":0}}}", "{\"Event\":{\"EventData\":{\"Data\":[\"Video.UI\",\"2008,D,50\",\"{32F0C657-549C-419A-A2D7-32185FD8B0A4}:\",\"C:\\\\Users\\\\huzail\\\\AppData\\\\Local\\\\Packages\\\\Microsoft.ZuneVideo_8wekyb3d8bbwe\\\\LocalState\\\\Database\\\\2e76e513a7eaf3b4\\\\EntClientDb.edb\",\"0x410022D8 (8920 | JET_efvAllowHigherPersistedFormat)\",\"8920 (0x22d8)\",\"9180 (0x23dc)\"]},\"System\":{\"Channel\":\"Application\",\"Computer\":\"Chotu\",\"Correlation\":{},\"EventID\":{\"#text\":330,\"@Qualifiers\":0},\"EventRecordID\":32764,\"Execution\":{\"@ProcessID\":0,\"@ThreadID\":0},\"Keywords\":\"0x80000000000000\",\"Level\":4,\"Opcode\":0,\"Provider\":{\"@Name\":\"ESENT\"},\"Security\":{},\"Task\":1,\"TimeCreated\":{\"@SystemTime\":\"2020-11-02T16:37:12.2966014Z\"},\"Version\":0}}}", "{\"Event\":{\"EventData\":{\"Data\":[\"Video.UI\",\"2008,D,50\",\"{32F0C657-549C-419A-A2D7-32185FD8B0A4}:\",\"0x410022D8 (8920 | JET_efvAllowHigherPersistedFormat)\",\"8940 (0x22ec - 8.6.20)\",\"8.5.16\"]},\"System\":{\"Channel\":\"Application\",\"Computer\":\"Chotu\",\"Correlation\":{},\"EventID\":{\"#text\":641,\"@Qualifiers\":0},\"EventRecordID\":32765,\"Execution\":{\"@ProcessID\":0,\"@ThreadID\":0},\"Keywords\":\"0x80000000000000\",\"Level\":4,\"Opcode\":0,\"Provider\":{\"@Name\":\"ESENT\"},\"Security\":{},\"Task\":1,\"TimeCreated\":{\"@SystemTime\":\"2020-11-02T16:37:12.2966014Z\"},\"Version\":0}}}", "{\"Event\":{\"EventData\":{\"Data\":[\"Video.UI\",\"2008,D,50\",\"{32F0C657-549C-419A-A2D7-32185FD8B0A4}:\",1,\"C:\\\\Users\\\\huzail\\\\AppData\\\\Local\\\\Packages\\\\Microsoft.ZuneVideo_8wekyb3d8bbwe\\\\LocalState\\\\Database\\\\2e76e513a7eaf3b4\\\\EntClientDb.edb\",0,\"[1] 0.000007 +J(0)\\n[2] 0.001595 -0.000002 (1) WT +J(0) +M(C:0K, Fs:18, WS:8K # 0K, PF:8K # 0K, P:8K)\\n[3] 0.011761 -0.001552 (7) WT +J(CM:0, PgRf:0, Rd:0/0, Dy:0/0, Lg:3480/2) +M(C:0K, Fs:7, WS:20K # 0K, PF:20K # 0K, P:20K)\\n[4] 0.000781 +J(0)\\n[5] -\\n[6] -\\n[7] -\\n[8] 0.003473 -0.000615 (2) CM +J(CM:2, PgRf:2, Rd:14/2, Dy:0/0, Lg:0/0) +M(C:0K, Fs:8, WS:24K # 0K, PF:120K # 0K, P:120K)\\n[9] 0.032553 -0.000907 (5) CM -0.030890 (2) WT +J(CM:5, PgRf:23, Rd:0/5, Dy:0/0, Lg:0/0) +M(C:0K, Fs:43, WS:168K # 0K, PF:204K # 0K, P:204K)\\n[10] 0.000239 -0.000010 (1) CM +J(CM:1, PgRf:40, Rd:0/1, Dy:0/0, Lg:0/0) +M(C:0K, Fs:4, WS:16K # 0K, PF:64K # 0K, P:64K)\\n[11] 0.000027 +J(CM:0, PgRf:1, Rd:0/0, Dy:0/0, Lg:0/0) +M(C:0K, Fs:1, WS:4K # 0K, PF:0K # 0K, P:0K)\\n[12] 0.000110 +J(CM:0, PgRf:42, Rd:0/0, Dy:0/0, Lg:0/0) +M(C:0K, Fs:3, WS:12K # 0K, PF:0K # 0K, P:0K)\\n[13] 0.000003 +J(0)\\n[14] 0.000001 +J(0)\\n[15] 0.000016 +J(CM:0, PgRf:1, Rd:0/0, Dy:0/0, Lg:0/0).\",\"0 0\",\"lgposAttach = 00000002:009F:0268,\\ndbv = 1568.20.0\"]},\"System\":{\"Channel\":\"Application\",\"Computer\":\"Chotu\",\"Correlation\":{},\"EventID\":{\"#text\":326,\"@Qualifiers\":0},\"EventRecordID\":32766,\"Execution\":{\"@ProcessID\":0,\"@ThreadID\":0},\"Keywords\":\"0x80000000000000\",\"Level\":4,\"Opcode\":0,\"Provider\":{\"@Name\":\"ESENT\"},\"Security\":{},\"Task\":1,\"TimeCreated\":{\"@SystemTime\":\"2020-11-02T16:37:12.3278494Z\"},\"Version\":0}}}", "{\"Event\":{\"EventData\":{\"Data\":[\"Video.UI\",\"2008,D,12\",\"{32F0C657-549C-419A-A2D7-32185FD8B0A4}:\",\"0x410022D8 (8920 | JET_efvAllowHigherPersistedFormat)\",\"9080 (0x2378)\",\"1568.20.0\"]},\"System\":{\"Channel\":\"Application\",\"Computer\":\"Chotu\",\"Correlation\":{},\"EventID\":{\"#text\":642,\"@Qualifiers\":0},\"EventRecordID\":32767,\"Execution\":{\"@ProcessID\":0,\"@ThreadID\":0},\"Keywords\":\"0x80000000000000\",\"Level\":3,\"Opcode\":0,\"Provider\":{\"@Name\":\"ESENT\"},\"Security\":{},\"Task\":1,\"TimeCreated\":{\"@SystemTime\":\"2020-11-02T16:37:12.3590983Z\"},\"Version\":0}}}", "{\"Event\":{\"EventData\":{\"Data\":[\"Video.UI\",\"2008,D,2\",\"{32F0C657-549C-419A-A2D7-32185FD8B0A4}:\",\"C:\\\\Users\\\\huzail\\\\AppData\\\\Local\\\\Packages\\\\Microsoft.ZuneVideo_8wekyb3d8bbwe\\\\LocalState\\\\Database\\\\2e76e513a7eaf3b4\\\\tmp.edb\",\"0x410022D8 (8920 | JET_efvAllowHigherPersistedFormat)\",\"8920 (0x22d8)\",\"9180 (0x23dc)\"]},\"System\":{\"Channel\":\"Application\",\"Computer\":\"Chotu\",\"Correlation\":{},\"EventID\":{\"#text\":330,\"@Qualifiers\":0},\"EventRecordID\":32768,\"Execution\":{\"@ProcessID\":0,\"@ThreadID\":0},\"Keywords\":\"0x80000000000000\",\"Level\":4,\"Opcode\":0,\"Provider\":{\"@Name\":\"ESENT\"},\"Security\":{},\"Task\":1,\"TimeCreated\":{\"@SystemTime\":\"2020-11-02T16:37:12.3747232Z\"},\"Version\":0}}}", "{\"Event\":{\"EventData\":{\"Data\":[\"Video.UI\",\"2008,D,2\",\"{32F0C657-549C-419A-A2D7-32185FD8B0A4}:\",\"0x410022D8 (8920 | JET_efvAllowHigherPersistedFormat)\",\"9180 (0x23dc)\",\"1568.20.0\"]},\"System\":{\"Channel\":\"Application\",\"Computer\":\"Chotu\",\"Correlation\":{},\"EventID\":{\"#text\":642,\"@Qualifiers\":0},\"EventRecordID\":32769,\"Execution\":{\"@ProcessID\":0,\"@ThreadID\":0},\"Keywords\":\"0x80000000000000\",\"Level\":3,\"Opcode\":0,\"Provider\":{\"@Name\":\"ESENT\"},\"Security\":{},\"Task\":1,\"TimeCreated\":{\"@SystemTime\":\"2020-11-02T16:37:12.3747232Z\"},\"Version\":0}}}", "{\"Event\":{\"EventData\":{\"Data\":[\"Video.UI\",\"2008,D,2\",\"{32F0C657-549C-419A-A2D7-32185FD8B0A4}:\",\"0x410022D8 (8920 | JET_efvAllowHigherPersistedFormat)\",\"9080 (0x2378)\",\"1568.20.0\"]},\"System\":{\"Channel\":\"Application\",\"Computer\":\"Chotu\",\"Correlation\":{},\"EventID\":{\"#text\":642,\"@Qualifiers\":0},\"EventRecordID\":32770,\"Execution\":{\"@ProcessID\":0,\"@ThreadID\":0},\"Keywords\":\"0x80000000000000\",\"Level\":3,\"Opcode\":0,\"Provider\":{\"@Name\":\"ESENT\"},\"Security\":{},\"Task\":1,\"TimeCreated\":{\"@SystemTime\":\"2020-11-02T16:37:12.3747232Z\"},\"Version\":0}}}", "{\"Event\":{\"EventData\":{},\"System\":{\"Channel\":\"Application\",\"Computer\":\"Chotu\",\"Correlation\":{},\"EventID\":{\"#text\":16394,\"@Qualifiers\":49152},\"EventRecordID\":32771,\"Execution\":{\"@ProcessID\":0,\"@ThreadID\":0},\"Keywords\":\"0x80000000000000\",\"Level\":4,\"Opcode\":0,\"Provider\":{\"@EventSourceName\":\"Software Protection Platform Service\",\"@Guid\":\"{E23B33B0-C8C9-472C-A5F9-F2BDFEA0F156}\",\"@Name\":\"Microsoft-Windows-Security-SPP\"},\"Security\":{},\"Task\":0,\"TimeCreated\":{\"@SystemTime\":\"2020-11-02T18:06:38.5983781Z\"},\"Version\":0}}}", "{\"Event\":{\"EventData\":{\"Data\":[\"0x8007007B\",\"0ff1ce15-a989-479d-af46-f275c6370663\",\"d450596f-894d-49e0-966a-fd39ed4c4c64\",\"TimerEvent\"]},\"System\":{\"Channel\":\"Application\",\"Computer\":\"Chotu\",\"Correlation\":{},\"EventID\":{\"#text\":8233,\"@Qualifiers\":16384},\"EventRecordID\":32772,\"Execution\":{\"@ProcessID\":0,\"@ThreadID\":0},\"Keywords\":\"0x80000000000000\",\"Level\":3,\"Opcode\":0,\"Provider\":{\"@EventSourceName\":\"Software Protection Platform Service\",\"@Guid\":\"{E23B33B0-C8C9-472C-A5F9-F2BDFEA0F156}\",\"@Name\":\"Microsoft-Windows-Security-SPP\"},\"Security\":{},\"Task\":0,\"TimeCreated\":{\"@SystemTime\":\"2020-11-02T18:07:00.8510049Z\"},\"Version\":0}}}", "{\"Event\":{\"EventData\":{\"Data\":[\"2020-11-02T20:06:31Z\",\"RulesEngine\"]},\"System\":{\"Channel\":\"Application\",\"Computer\":\"Chotu\",\"Correlation\":{},\"EventID\":{\"#text\":16384,\"@Qualifiers\":16384},\"EventRecordID\":32773,\"Execution\":{\"@ProcessID\":0,\"@ThreadID\":0},\"Keywords\":\"0x80000000000000\",\"Level\":4,\"Opcode\":0,\"Provider\":{\"@EventSourceName\":\"Software Protection Platform Service\",\"@Guid\":\"{E23B33B0-C8C9-472C-A5F9-F2BDFEA0F156}\",\"@Name\":\"Microsoft-Windows-Security-SPP\"},\"Security\":{},\"Task\":0,\"TimeCreated\":{\"@SystemTime\":\"2020-11-02T18:07:31.8826330Z\"},\"Version\":0}}}", "{\"Event\":{\"EventData\":{},\"System\":{\"Channel\":\"Application\",\"Computer\":\"Chotu\",\"Correlation\":{},\"EventID\":{\"#text\":16394,\"@Qualifiers\":49152},\"EventRecordID\":32774,\"Execution\":{\"@ProcessID\":0,\"@ThreadID\":0},\"Keywords\":\"0x80000000000000\",\"Level\":4,\"Opcode\":0,\"Provider\":{\"@EventSourceName\":\"Software Protection Platform Service\",\"@Guid\":\"{E23B33B0-C8C9-472C-A5F9-F2BDFEA0F156}\",\"@Name\":\"Microsoft-Windows-Security-SPP\"},\"Security\":{},\"Task\":0,\"TimeCreated\":{\"@SystemTime\":\"2020-11-02T20:06:32.5707730Z\"},\"Version\":0}}}", "{\"Event\":{\"EventData\":{\"Data\":[\"0x8007007B\",\"0ff1ce15-a989-479d-af46-f275c6370663\",\"d450596f-894d-49e0-966a-fd39ed4c4c64\",\"TimerEvent\"]},\"System\":{\"Channel\":\"Application\",\"Computer\":\"Chotu\",\"Correlation\":{},\"EventID\":{\"#text\":8233,\"@Qualifiers\":16384},\"EventRecordID\":32775,\"Execution\":{\"@ProcessID\":0,\"@ThreadID\":0},\"Keywords\":\"0x80000000000000\",\"Level\":3,\"Opcode\":0,\"Provider\":{\"@EventSourceName\":\"Software Protection Platform Service\",\"@Guid\":\"{E23B33B0-C8C9-472C-A5F9-F2BDFEA0F156}\",\"@Name\":\"Microsoft-Windows-Security-SPP\"},\"Security\":{},\"Task\":0,\"TimeCreated\":{\"@SystemTime\":\"2020-11-02T20:07:00.1195261Z\"},\"Version\":0}}}", "{\"Event\":{\"EventData\":{\"Data\":[\"2020-11-02T22:06:30Z\",\"RulesEngine\"]},\"System\":{\"Channel\":\"Application\",\"Computer\":\"Chotu\",\"Correlation\":{},\"EventID\":{\"#text\":16384,\"@Qualifiers\":16384},\"EventRecordID\":32776,\"Execution\":{\"@ProcessID\":0,\"@ThreadID\":0},\"Keywords\":\"0x80000000000000\",\"Level\":4,\"Opcode\":0,\"Provider\":{\"@EventSourceName\":\"Software Protection Platform Service\",\"@Guid\":\"{E23B33B0-C8C9-472C-A5F9-F2BDFEA0F156}\",\"@Name\":\"Microsoft-Windows-Security-SPP\"},\"Security\":{},\"Task\":0,\"TimeCreated\":{\"@SystemTime\":\"2020-11-02T20:07:30.5828684Z\"},\"Version\":0}}}", "{\"Event\":{\"EventData\":{\"Data\":[\"AGSService\",\"CppWindowsService in OnStart\"]},\"System\":{\"Channel\":\"Application\",\"Computer\":\"Chotu\",\"Correlation\":{},\"EventID\":{\"#text\":0,\"@Qualifiers\":0},\"EventRecordID\":32777,\"Execution\":{\"@ProcessID\":0,\"@ThreadID\":0},\"Keywords\":\"0x80000000000000\",\"Level\":4,\"Opcode\":0,\"Provider\":{\"@Name\":\"AGSService\"},\"Security\":{},\"Task\":0,\"TimeCreated\":{\"@SystemTime\":\"2020-11-06T14:29:03.8702451Z\"},\"Version\":0}}}", "{\"Event\":{\"EventData\":{\"Data\":[\"AGMService\",\"CppWindowsService in OnStart\"]},\"System\":{\"Channel\":\"Application\",\"Computer\":\"Chotu\",\"Correlation\":{},\"EventID\":{\"#text\":0,\"@Qualifiers\":0},\"EventRecordID\":32778,\"Execution\":{\"@ProcessID\":0,\"@ThreadID\":0},\"Keywords\":\"0x80000000000000\",\"Level\":4,\"Opcode\":0,\"Provider\":{\"@Name\":\"AGMService\"},\"Security\":{},\"Task\":0,\"TimeCreated\":{\"@SystemTime\":\"2020-11-06T14:29:03.9761800Z\"},\"Version\":0}}}", "{\"Event\":{\"EventData\":{\"Data\":[\"SynTPEnhService\",\"SynTPEnhService in OnStart\"]},\"System\":{\"Channel\":\"Application\",\"Computer\":\"Chotu\",\"Correlation\":{},\"EventID\":{\"#text\":0,\"@Qualifiers\":0},\"EventRecordID\":32779,\"Execution\":{\"@ProcessID\":0,\"@ThreadID\":0},\"Keywords\":\"0x80000000000000\",\"Level\":4,\"Opcode\":0,\"Provider\":{\"@Name\":\"SynTPEnhService\"},\"Security\":{},\"Task\":0,\"TimeCreated\":{\"@SystemTime\":\"2020-11-06T14:29:04.0201530Z\"},\"Version\":0}}}", "{\"Event\":{\"EventData\":{\"Data\":[\"SynTPEnhService\",\"C:\\\\Program Files\\\\Synaptics\\\\SynTP\\\\SynTPEnh.exe\"]},\"System\":{\"Channel\":\"Application\",\"Computer\":\"Chotu\",\"Correlation\":{},\"EventID\":{\"#text\":0,\"@Qualifiers\":0},\"EventRecordID\":32780,\"Execution\":{\"@ProcessID\":0,\"@ThreadID\":0},\"Keywords\":\"0x80000000000000\",\"Level\":4,\"Opcode\":0,\"Provider\":{\"@Name\":\"SynTPEnhService\"},\"Security\":{},\"Task\":0,\"TimeCreated\":{\"@SystemTime\":\"2020-11-06T14:29:04.0371434Z\"},\"Version\":0}}}", "{\"Event\":{\"EventData\":{},\"System\":{\"Channel\":\"Application\",\"Computer\":\"Chotu\",\"Correlation\":{},\"EventID\":1531,\"EventRecordID\":32781,\"Execution\":{\"@ProcessID\":1252,\"@ThreadID\":1316},\"Keywords\":\"0x8000000000000000\",\"Level\":4,\"Opcode\":0,\"Provider\":{\"@Guid\":\"{89b1e9f0-5aff-44a6-9b44-0a07a7ce5845}\",\"@Name\":\"Microsoft-Windows-User Profiles Service\"},\"Security\":{\"@UserID\":\"S-1-5-18\"},\"Task\":0,\"TimeCreated\":{\"@SystemTime\":\"2020-11-06T14:28:58.4079904Z\"},\"Version\":0}}}", "{\"Event\":{\"EventData\":{},\"System\":{\"Channel\":\"Application\",\"Computer\":\"Chotu\",\"Correlation\":{},\"EventID\":5615,\"EventRecordID\":32782,\"Execution\":{\"@ProcessID\":2944,\"@ThreadID\":2972},\"Keywords\":\"0x8000000000000000\",\"Level\":4,\"Opcode\":0,\"Provider\":{\"@Guid\":\"{1edeee53-0afe-4609-b846-d8c0b2075b1f}\",\"@Name\":\"Microsoft-Windows-WMI\"},\"Security\":{\"@UserID\":\"S-1-5-18\"},\"Task\":0,\"TimeCreated\":{\"@SystemTime\":\"2020-11-06T14:29:03.5835826Z\"},\"Version\":2}}}", "{\"Event\":{\"EventData\":{\"Data\":\"TriggerStarted:6\"},\"System\":{\"Channel\":\"Application\",\"Computer\":\"Chotu\",\"Correlation\":{},\"EventID\":{\"#text\":900,\"@Qualifiers\":16384},\"EventRecordID\":32783,\"Execution\":{\"@ProcessID\":0,\"@ThreadID\":0},\"Keywords\":\"0x80000000000000\",\"Level\":4,\"Opcode\":0,\"Provider\":{\"@EventSourceName\":\"Software Protection Platform Service\",\"@Guid\":\"{E23B33B0-C8C9-472C-A5F9-F2BDFEA0F156}\",\"@Name\":\"Microsoft-Windows-Security-SPP\"},\"Security\":{},\"Task\":0,\"TimeCreated\":{\"@SystemTime\":\"2020-11-06T14:29:32.7604342Z\"},\"Version\":0}}}", "{\"Event\":{\"EventData\":{},\"System\":{\"Channel\":\"Application\",\"Computer\":\"Chotu\",\"Correlation\":{},\"EventID\":{\"#text\":16394,\"@Qualifiers\":49152},\"EventRecordID\":32784,\"Execution\":{\"@ProcessID\":0,\"@ThreadID\":0},\"Keywords\":\"0x80000000000000\",\"Level\":4,\"Opcode\":0,\"Provider\":{\"@EventSourceName\":\"Software Protection Platform Service\",\"@Guid\":\"{E23B33B0-C8C9-472C-A5F9-F2BDFEA0F156}\",\"@Name\":\"Microsoft-Windows-Security-SPP\"},\"Security\":{},\"Task\":0,\"TimeCreated\":{\"@SystemTime\":\"2020-11-06T14:29:34.3228867Z\"},\"Version\":0}}}", "{\"Event\":{\"EventData\":{\"Binary\":\"D9060000\",\"Data\":\"SessionEnv\"},\"System\":{\"Channel\":\"Application\",\"Computer\":\"Chotu\",\"Correlation\":{},\"EventID\":{\"#text\":6003,\"@Qualifiers\":32768},\"EventRecordID\":32785,\"Execution\":{\"@ProcessID\":0,\"@ThreadID\":0},\"Keywords\":\"0x80000000000000\",\"Level\":4,\"Opcode\":0,\"Provider\":{\"@EventSourceName\":\"Wlclntfy\",\"@Guid\":\"{DBE9B383-7CF3-4331-91CC-A3CB16A3B538}\",\"@Name\":\"Microsoft-Windows-Winlogon\"},\"Security\":{},\"Task\":0,\"TimeCreated\":{\"@SystemTime\":\"2020-11-06T14:29:34.4166338Z\"},\"Version\":0}}}", "{\"Event\":{\"EventData\":{\"Data\":\"C:\\\\WINDOWS\\\\system32\\\\sppwinob.dll, msft:spp/windowsfunctionality/agent/7.0, 0x00000000, 0x00000000\\nC:\\\\WINDOWS\\\\system32\\\\sppobjs.dll, msft:rm/algorithm/inherited/1.0, 0x00000000, 0x00000000\\nC:\\\\WINDOWS\\\\system32\\\\sppobjs.dll, msft:rm/algorithm/phone/1.0, 0x00000000, 0x00000000\\nC:\\\\WINDOWS\\\\system32\\\\sppobjs.dll, msft:rm/algorithm/pkey/detect, 0x00000000, 0x00000000\\nC:\\\\WINDOWS\\\\system32\\\\sppobjs.dll, msft:spp/ActionScheduler/1.0, 0x00000000, 0x00000000\\nC:\\\\WINDOWS\\\\system32\\\\sppobjs.dll, msft:spp/TaskScheduler/1.0, 0x00000000, 0x00000000\\nC:\\\\WINDOWS\\\\system32\\\\sppobjs.dll, msft:spp/statecollector/pkey, 0x00000000, 0x00000000\\nC:\\\\WINDOWS\\\\system32\\\\sppobjs.dll, msft:spp/volume/services/kms/1.0, 0x00000000, 0x00000000\\nC:\\\\WINDOWS\\\\system32\\\\sppobjs.dll, msft:spp/volume/services/kms/activationinfo/1.0, 0x00000000, 0x00000000\"},\"System\":{\"Channel\":\"Application\",\"Computer\":\"Chotu\",\"Correlation\":{},\"EventID\":{\"#text\":1066,\"@Qualifiers\":16384},\"EventRecordID\":32786,\"Execution\":{\"@ProcessID\":0,\"@ThreadID\":0},\"Keywords\":\"0x80000000000000\",\"Level\":4,\"Opcode\":0,\"Provider\":{\"@EventSourceName\":\"Software Protection Platform Service\",\"@Guid\":\"{E23B33B0-C8C9-472C-A5F9-F2BDFEA0F156}\",\"@Name\":\"Microsoft-Windows-Security-SPP\"},\"Security\":{},\"Task\":0,\"TimeCreated\":{\"@SystemTime\":\"2020-11-06T14:29:34.4791322Z\"},\"Version\":0}}}", "{\"Event\":{\"EventData\":{\"Data\":[\"55c92734-d682-4d71-983e-d6ec3f16059f\",\"1: 040fa323-92b1-4baf-97a2-5b67feaefddb, 1, 0 [(0 [0xC004F014, 0, 0], [(?)(?)(?)(?)(?)(?)(?)(?)])(1 )(2 )(3 )]\\n2: 0724cb7d-3437-4cb7-93cb-830375d0079d, 1, 0 [(0 [0xC004F014, 0, 0], [(?)(?)(?)(?)(?)(?)(?)(?)])(1 )(2 )(3 )]\\n3: 0ad2ac98-7bb9-4201-8d92-312299201369, 1, 0 [(0 [0xC004F014, 0, 0], [(?)(?)(?)(?)(?)(?)(?)(?)])(1 )(2 )(3 )]\\n4: 1a9a717a-cf13-4ba5-83c3-0fe25fa868d5, 1, 0 [(0 [0xC004F014, 0, 0], [(?)(?)(?)(?)(?)(?)(?)(?)])(1 )(2 )(3 )]\\n5: 221a02da-e2a1-4b75-864c-0a4410a33fdf, 1, 0 [(0 [0xC004F014, 0, 0], [(?)(?)(?)(?)(?)(?)(?)(?)])(1 )(2 )(3 )]\\n6: 291ece0e-9c38-40ca-a9e1-32cc7ec19507, 1, 0 [(0 [0xC004F014, 0, 0], [(?)(?)(?)(?)(?)(?)(?)(?)])(1 )(2 )(3 )]\\n7: 2936d1d2-913a-4542-b54e-ce5a602a2a38, 1, 0 [(0 [0xC004F014, 0, 0], [(?)(?)(?)(?)(?)(?)(?)(?)])(1 )(2 )(3 )]\\n8: 2c293c26-a45a-4a2a-a350-c69a67097529, 1, 0 [(0 [0xC004F014, 0, 0], [(?)(?)(?)(?)(?)(?)(?)(?)])(1 )(2 )(3 )]\\n9: 2de67392-b7a7-462a-b1ca-108dd189f588, 1, 1 [(0 [0xC004E003, 0, 0], [( 2 0xC004F056 0 0 msft:rm/algorithm/volume/1.0 0x00000000 0)( 1 0x00000000)(?)( 2 0xC004F056 0 0 msft:rm/algorithm/volume/1.0 0x00000000 0)(?)(?)(?)(?)])(1 )(2 )(3 [0x00000000, 0, 0], [( 6 0xC004F009 0 0)( 1 0x00000000)( 6 0xC004F009 0 0)(?)(?)(?)( 10 0x00000000 msft:rm/algorithm/flags/1.0)( 11 0x00000000 0xC004F056)])]\\n10: 2ffd8952-423e-4903-b993-72a1aa44cf82, 1, 0 [(0 [0xC004F014, 0, 0], [(?)(?)(?)(?)(?)(?)(?)(?)])(1 )(2 )(3 )]\\n11: 30a42c86-b7a0-4a34-8c90-ff177cb2acb7, 1, 0 [(0 [0xC004F014, 0, 0], [(?)(?)(?)(?)(?)(?)(?)(?)])(1 )(2 )(3 )]\\n12: 345a5db0-d94f-4e3b-a0c0-7c42f7bc3ebf, 1, 0 [(0 [0xC004F014, 0, 0], [(?)(?)(?)(?)(?)(?)(?)(?)])(1 )(2 )(3 )]\\n13: 3502365a-f88a-4ba4-822a-5769d3073b65, 1, 0 [(0 [0xC004F014, 0, 0], [(?)(?)(?)(?)(?)(?)(?)(?)])(1 )(2 )(3 )]\\n14: 377333b1-8b5d-48d6-9679-1225c872d37c, 1, 0 [(0 [0xC004F014, 0, 0], [(?)(?)(?)(?)(?)(?)(?)(?)])(1 )(2 )(3 )]\\n15: 3df374ef-d444-4494-a5a1-4b0d9fd0e203, 1, 0 [(0 [0xC004F014, 0, 0], [(?)(?)(?)(?)(?)(?)(?)(?)])(1 )(2 )(3 )]\\n16: 3f1afc82-f8ac-4f6c-8005-1d233e606eee, 1, 0 [(0 [0xC004F014, 0, 0], [(?)(?)(?)(?)(?)(?)(?)(?)])(1 )(2 )(3 )]\\n17: 49cd895b-53b2-4dc4-a5f7-b18aa019ad37, 1, 0 [(0 [0xC004F014, 0, 0], [(?)(?)(?)(?)(?)(?)(?)(?)])(1 )(2 )(3 )]\\n18: 4de7cb65-cdf1-4de9-8ae8-e3cce27b9f2c, 1, 0 [(0 [0xC004F014, 0, 0], [(?)(?)(?)(?)(?)(?)(?)(?)])(1 )(2 )(3 )]\\n19: 4f3da0d2-271d-4508-ae81-626b60809a38, 1, 0 [(0 [0xC004F014, 0, 0], [(?)(?)(?)(?)(?)(?)(?)(?)])(1 )(2 )(3 )]\\n20: 60b3ec1b-9545-4921-821f-311b129dd6f6, 1, 0 [(0 [0xC004F014, 0, 0], [(?)(?)(?)(?)(?)(?)(?)(?)])(1 )(2 )(3 )]\\n21: 613d217f-7f13-4268-9907-1662339531cd, 1, 0 [(0 [0xC004F014, 0, 0], [(?)(?)(?)(?)(?)(?)(?)(?)])(1 )(2 )(3 )]\\n22: 62f0c100-9c53-4e02-b886-a3528ddfe7f6, 1, 0 [(0 [0xC004F014, 0, 0], [(?)(?)(?)(?)(?)(?)(?)(?)])(1 )(2 )(3 )]\\n23: 6365275e-368d-46ca-a0ef-fc0404119333, 1, 0 [(0 [0xC004F014, 0, 0], [(?)(?)(?)(?)(?)(?)(?)(?)])(1 )(2 )(3 )]\\n24: 721f9237-9341-4453-a661-09e8baa6cca5, 1, 0 [(0 [0xC004F014, 0, 0], [(?)(?)(?)(?)(?)(?)(?)(?)])(1 )(2 )(3 )]\\n25: 73111121-5638-40f6-bc11-f1d7b0d64300, 1, 0 [(0 [0xC004F014, 0, 0], [(?)(?)(?)(?)(?)(?)(?)(?)])(1 )(2 )(3 )]\\n26: 7a802526-4c94-4bd1-ba14-835a1aca2120, 1, 0 [(0 [0xC004F014, 0, 0], [(?)(?)(?)(?)(?)(?)(?)(?)])(1 )(2 )(3 )]\\n27: 7cb546c0-c7d5-44d8-9a5c-69ecdd782b69, 1, 0 [(0 [0xC004F014, 0, 0], [(?)(?)(?)(?)(?)(?)(?)(?)])(1 )(2 )(3 )]\\n28: 82bbc092-bc50-4e16-8e18-b74fc486aec3, 1, 0 [(0 [0xC004F014, 0, 0], [(?)(?)(?)(?)(?)(?)(?)(?)])(1 )(2 )(3 )]\\n29: 8ab9bdd1-1f67-4997-82d9-8878520837d9, 1, 0 [(0 [0xC004F014, 0, 0], [(?)(?)(?)(?)(?)(?)(?)(?)])(1 )(2 )(3 )]\\n30: 8b351c9c-f398-4515-9900-09df49427262, 1, 0 [(0 [0xC004F014, 0, 0], [(?)(?)(?)(?)(?)(?)(?)(?)])(1 )(2 )(3 )]\\n31: 90da7373-1c51-430b-bf26-c97e9c5cdc31, 1, 0 [(0 [0xC004F014, 0, 0], [(?)(?)(?)(?)(?)(?)(?)(?)])(1 )(2 )(3 )]\\n32: 95dca82f-385d-4d39-b85b-5c73fa285d6f, 1, 0 [(0 [0xC004F014, 0, 0], [(?)(?)(?)(?)(?)(?)(?)(?)])(1 )(2 )(3 )]\\n33: a48938aa-62fa-4966-9d44-9f04da3f72f2, 1, 0 [(0 [0xC004F014, 0, 0], [(?)(?)(?)(?)(?)(?)(?)(?)])(1 )(2 )(3 )]\\n34: b0773a15-df3a-4312-9ad2-83d69648e356, 1, 0 [(0 [0xC004F014, 0, 0], [(?)(?)(?)(?)(?)(?)(?)(?)])(1 )(2 )(3 )]\\n35: b4bfe195-541e-4e64-ad23-6177f19e395e, 1, 0 [(0 [0xC004F014, 0, 0], [(?)(?)(?)(?)(?)(?)(?)(?)])(1 )(2 )(3 )]\\n36: b68e61d2-68ca-4757-be45-0cc2f3e68eee, 1, 0 [(0 [0xC004F014, 0, 0], [(?)(?)(?)(?)(?)(?)(?)(?)])(1 )(2 )(3 )]\\n37: bd3762d7-270d-4760-8fb3-d829ca45278a, 1, 0 [(0 [0xC004F014, 0, 0], [(?)(?)(?)(?)(?)(?)(?)(?)])(1 )(2 )(3 )]\\n38: c86d5194-4840-4dae-9c1c-0301003a5ab0, 1, 0 [(0 [0xC004F014, 0, 0], [(?)(?)(?)(?)(?)(?)(?)(?)])(1 )(2 )(3 )]\\n39: d552befb-48cc-4327-8f39-47d2d94f987c, 1, 0 [(0 [0xC004F014, 0, 0], [(?)(?)(?)(?)(?)(?)(?)(?)])(1 )(2 )(3 )]\\n40: d6eadb3b-5ca8-4a6b-986e-35b550756111, 1, 0 [(0 [0xC004F014, 0, 0], [(?)(?)(?)(?)(?)(?)(?)(?)])(1 )(2 )(3 )]\\n41: df96023b-dcd9-4be2-afa0-c6c871159ebe, 1, 0 [(0 [0xC004F014, 0, 0], [(?)(?)(?)(?)(?)(?)(?)(?)])(1 )(2 )(3 )]\\n42: e0c42288-980c-4788-a014-c080d2e1926e, 1, 0 [(0 [0xC004F014, 0, 0], [(?)(?)(?)(?)(?)(?)(?)(?)])(1 )(2 )(3 )]\\n43: e4db50ea-bda1-4566-b047-0ca50abc6f07, 1, 0 [(0 [0xC004F014, 0, 0], [(?)(?)(?)(?)(?)(?)(?)(?)])(1 )(2 )(3 )]\\n44: e558417a-5123-4f6f-91e7-385c1c7ca9d4, 1, 0 [(0 [0xC004F014, 0, 0], [(?)(?)(?)(?)(?)(?)(?)(?)])(1 )(2 )(3 )]\\n45: e7a950a2-e548-4f10-bf16-02ec848e0643, 1, 0 [(0 [0xC004F014, 0, 0], [(?)(?)(?)(?)(?)(?)(?)(?)])(1 )(2 )(3 )]\\n46: eb6d346f-1c60-4643-b960-40ec31596c45, 1, 0 [(0 [0xC004F014, 0, 0], [(?)(?)(?)(?)(?)(?)(?)(?)])(1 )(2 )(3 )]\\n47: ec868e65-fadf-4759-b23e-93fe37f2cc29, 1, 0 [(0 [0xC004F014, 0, 0], [(?)(?)(?)(?)(?)(?)(?)(?)])(1 )(2 )(3 )]\\n48: ef51e000-2659-4f25-8345-3de70a9cf4c4, 1, 0 [(0 [0xC004F014, 0, 0], [(?)(?)(?)(?)(?)(?)(?)(?)])(1 )(2 )(3 )]\\n49: f7af7d09-40e4-419c-a49b-eae366689ebd, 1, 0 [(0 [0xC004F014, 0, 0], [(?)(?)(?)(?)(?)(?)(?)(?)])(1 )(2 )(3 )]\\n50: fa755fe6-6739-40b9-8d84-6d0ea3b6d1ab, 1, 0 [(0 [0xC004F014, 0, 0], [(?)(?)(?)(?)(?)(?)(?)(?)])(1 )(2 )(3 )]\\n51: fe74f55b-0338-41d6-b267-4a201abe7285, 1, 0 [(0 [0xC004F014, 0, 0], [(?)(?)(?)(?)(?)(?)(?)(?)])(1 )(2 )(3 )]\"]},\"System\":{\"Channel\":\"Application\",\"Computer\":\"Chotu\",\"Correlation\":{},\"EventID\":{\"#text\":1003,\"@Qualifiers\":16384},\"EventRecordID\":32787,\"Execution\":{\"@ProcessID\":0,\"@ThreadID\":0},\"Keywords\":\"0x80000000000000\",\"Level\":4,\"Opcode\":0,\"Provider\":{\"@EventSourceName\":\"Software Protection Platform Service\",\"@Guid\":\"{E23B33B0-C8C9-472C-A5F9-F2BDFEA0F156}\",\"@Name\":\"Microsoft-Windows-Security-SPP\"},\"Security\":{},\"Task\":0,\"TimeCreated\":{\"@SystemTime\":\"2020-11-06T14:29:34.9791156Z\"},\"Version\":0}}}", "{\"Event\":{\"EventData\":{\"Data\":\"10.0.19041.546\"},\"System\":{\"Channel\":\"Application\",\"Computer\":\"Chotu\",\"Correlation\":{},\"EventID\":{\"#text\":902,\"@Qualifiers\":16384},\"EventRecordID\":32788,\"Execution\":{\"@ProcessID\":0,\"@ThreadID\":0},\"Keywords\":\"0x80000000000000\",\"Level\":0,\"Opcode\":0,\"Provider\":{\"@EventSourceName\":\"Software Protection Platform Service\",\"@Guid\":\"{E23B33B0-C8C9-472C-A5F9-F2BDFEA0F156}\",\"@Name\":\"Microsoft-Windows-Security-SPP\"},\"Security\":{},\"Task\":0,\"TimeCreated\":{\"@SystemTime\":\"2020-11-06T14:29:35.1197414Z\"},\"Version\":0}}}", "{\"Event\":{\"EventData\":{},\"System\":{\"Channel\":\"Application\",\"Computer\":\"Chotu\",\"Correlation\":{},\"EventID\":5617,\"EventRecordID\":32789,\"Execution\":{\"@ProcessID\":2944,\"@ThreadID\":3016},\"Keywords\":\"0x8000000000000000\",\"Level\":4,\"Opcode\":0,\"Provider\":{\"@Guid\":\"{1edeee53-0afe-4609-b846-d8c0b2075b1f}\",\"@Name\":\"Microsoft-Windows-WMI\"},\"Security\":{\"@UserID\":\"S-1-5-18\"},\"Task\":0,\"TimeCreated\":{\"@SystemTime\":\"2020-11-06T14:29:34.3545468Z\"},\"Version\":2}}}", "{\"Event\":{\"EventData\":{\"Data\":[\"0x8007007B\",\"0ff1ce15-a989-479d-af46-f275c6370663\",\"d450596f-894d-49e0-966a-fd39ed4c4c64\",\"TimerEvent\"]},\"System\":{\"Channel\":\"Application\",\"Computer\":\"Chotu\",\"Correlation\":{},\"EventID\":{\"#text\":8233,\"@Qualifiers\":16384},\"EventRecordID\":32790,\"Execution\":{\"@ProcessID\":0,\"@ThreadID\":0},\"Keywords\":\"0x80000000000000\",\"Level\":3,\"Opcode\":0,\"Provider\":{\"@EventSourceName\":\"Software Protection Platform Service\",\"@Guid\":\"{E23B33B0-C8C9-472C-A5F9-F2BDFEA0F156}\",\"@Name\":\"Microsoft-Windows-Security-SPP\"},\"Security\":{},\"Task\":0,\"TimeCreated\":{\"@SystemTime\":\"2020-11-06T14:29:41.6508167Z\"},\"Version\":0}}}", "{\"Event\":{\"EventData\":{\"Data\":[\"0x8007007B\",\"0ff1ce15-a989-479d-af46-f275c6370663\",\"d450596f-894d-49e0-966a-fd39ed4c4c64\",\"NetworkAvailable\"]},\"System\":{\"Channel\":\"Application\",\"Computer\":\"Chotu\",\"Correlation\":{},\"EventID\":{\"#text\":8233,\"@Qualifiers\":16384},\"EventRecordID\":32791,\"Execution\":{\"@ProcessID\":0,\"@ThreadID\":0},\"Keywords\":\"0x80000000000000\",\"Level\":3,\"Opcode\":0,\"Provider\":{\"@EventSourceName\":\"Software Protection Platform Service\",\"@Guid\":\"{E23B33B0-C8C9-472C-A5F9-F2BDFEA0F156}\",\"@Name\":\"Microsoft-Windows-Security-SPP\"},\"Security\":{},\"Task\":0,\"TimeCreated\":{\"@SystemTime\":\"2020-11-06T14:29:46.7131412Z\"},\"Version\":0}}}", "{\"Event\":{\"EventData\":{\"Data\":[\"55c92734-d682-4d71-983e-d6ec3f16059f\",\"1: 040fa323-92b1-4baf-97a2-5b67feaefddb, 1, 0 [(0 [0xC004F014, 0, 0], [(?)(?)(?)(?)(?)(?)(?)(?)])(1 )(2 )(3 )]\\n2: 0724cb7d-3437-4cb7-93cb-830375d0079d, 1, 0 [(0 [0xC004F014, 0, 0], [(?)(?)(?)(?)(?)(?)(?)(?)])(1 )(2 )(3 )]\\n3: 0ad2ac98-7bb9-4201-8d92-312299201369, 1, 0 [(0 [0xC004F014, 0, 0], [(?)(?)(?)(?)(?)(?)(?)(?)])(1 )(2 )(3 )]\\n4: 1a9a717a-cf13-4ba5-83c3-0fe25fa868d5, 1, 0 [(0 [0xC004F014, 0, 0], [(?)(?)(?)(?)(?)(?)(?)(?)])(1 )(2 )(3 )]\\n5: 221a02da-e2a1-4b75-864c-0a4410a33fdf, 1, 0 [(0 [0xC004F014, 0, 0], [(?)(?)(?)(?)(?)(?)(?)(?)])(1 )(2 )(3 )]\\n6: 291ece0e-9c38-40ca-a9e1-32cc7ec19507, 1, 0 [(0 [0xC004F014, 0, 0], [(?)(?)(?)(?)(?)(?)(?)(?)])(1 )(2 )(3 )]\\n7: 2936d1d2-913a-4542-b54e-ce5a602a2a38, 1, 0 [(0 [0xC004F014, 0, 0], [(?)(?)(?)(?)(?)(?)(?)(?)])(1 )(2 )(3 )]\\n8: 2c293c26-a45a-4a2a-a350-c69a67097529, 1, 0 [(0 [0xC004F014, 0, 0], [(?)(?)(?)(?)(?)(?)(?)(?)])(1 )(2 )(3 )]\\n9: 2de67392-b7a7-462a-b1ca-108dd189f588, 1, 1 [(0 [0xC004E003, 0, 0], [( 2 0xC004F056 0 0 msft:rm/algorithm/volume/1.0 0x00000000 0)( 1 0x00000000)(?)( 2 0xC004F056 0 0 msft:rm/algorithm/volume/1.0 0x00000000 0)(?)(?)(?)(?)])(1 )(2 )(3 [0x00000000, 0, 0], [( 6 0xC004F009 0 0)( 1 0x00000000)( 6 0xC004F009 0 0)(?)(?)(?)( 10 0x00000000 msft:rm/algorithm/flags/1.0)( 11 0x00000000 0xC004F056)])]\\n10: 2ffd8952-423e-4903-b993-72a1aa44cf82, 1, 0 [(0 [0xC004F014, 0, 0], [(?)(?)(?)(?)(?)(?)(?)(?)])(1 )(2 )(3 )]\\n11: 30a42c86-b7a0-4a34-8c90-ff177cb2acb7, 1, 0 [(0 [0xC004F014, 0, 0], [(?)(?)(?)(?)(?)(?)(?)(?)])(1 )(2 )(3 )]\\n12: 345a5db0-d94f-4e3b-a0c0-7c42f7bc3ebf, 1, 0 [(0 [0xC004F014, 0, 0], [(?)(?)(?)(?)(?)(?)(?)(?)])(1 )(2 )(3 )]\\n13: 3502365a-f88a-4ba4-822a-5769d3073b65, 1, 0 [(0 [0xC004F014, 0, 0], [(?)(?)(?)(?)(?)(?)(?)(?)])(1 )(2 )(3 )]\\n14: 377333b1-8b5d-48d6-9679-1225c872d37c, 1, 0 [(0 [0xC004F014, 0, 0], [(?)(?)(?)(?)(?)(?)(?)(?)])(1 )(2 )(3 )]\\n15: 3df374ef-d444-4494-a5a1-4b0d9fd0e203, 1, 0 [(0 [0xC004F014, 0, 0], [(?)(?)(?)(?)(?)(?)(?)(?)])(1 )(2 )(3 )]\\n16: 3f1afc82-f8ac-4f6c-8005-1d233e606eee, 1, 0 [(0 [0xC004F014, 0, 0], [(?)(?)(?)(?)(?)(?)(?)(?)])(1 )(2 )(3 )]\\n17: 49cd895b-53b2-4dc4-a5f7-b18aa019ad37, 1, 0 [(0 [0xC004F014, 0, 0], [(?)(?)(?)(?)(?)(?)(?)(?)])(1 )(2 )(3 )]\\n18: 4de7cb65-cdf1-4de9-8ae8-e3cce27b9f2c, 1, 0 [(0 [0xC004F014, 0, 0], [(?)(?)(?)(?)(?)(?)(?)(?)])(1 )(2 )(3 )]\\n19: 4f3da0d2-271d-4508-ae81-626b60809a38, 1, 0 [(0 [0xC004F014, 0, 0], [(?)(?)(?)(?)(?)(?)(?)(?)])(1 )(2 )(3 )]\\n20: 60b3ec1b-9545-4921-821f-311b129dd6f6, 1, 0 [(0 [0xC004F014, 0, 0], [(?)(?)(?)(?)(?)(?)(?)(?)])(1 )(2 )(3 )]\\n21: 613d217f-7f13-4268-9907-1662339531cd, 1, 0 [(0 [0xC004F014, 0, 0], [(?)(?)(?)(?)(?)(?)(?)(?)])(1 )(2 )(3 )]\\n22: 62f0c100-9c53-4e02-b886-a3528ddfe7f6, 1, 0 [(0 [0xC004F014, 0, 0], [(?)(?)(?)(?)(?)(?)(?)(?)])(1 )(2 )(3 )]\\n23: 6365275e-368d-46ca-a0ef-fc0404119333, 1, 0 [(0 [0xC004F014, 0, 0], [(?)(?)(?)(?)(?)(?)(?)(?)])(1 )(2 )(3 )]\\n24: 721f9237-9341-4453-a661-09e8baa6cca5, 1, 0 [(0 [0xC004F014, 0, 0], [(?)(?)(?)(?)(?)(?)(?)(?)])(1 )(2 )(3 )]\\n25: 73111121-5638-40f6-bc11-f1d7b0d64300, 1, 0 [(0 [0xC004F014, 0, 0], [(?)(?)(?)(?)(?)(?)(?)(?)])(1 )(2 )(3 )]\\n26: 7a802526-4c94-4bd1-ba14-835a1aca2120, 1, 0 [(0 [0xC004F014, 0, 0], [(?)(?)(?)(?)(?)(?)(?)(?)])(1 )(2 )(3 )]\\n27: 7cb546c0-c7d5-44d8-9a5c-69ecdd782b69, 1, 0 [(0 [0xC004F014, 0, 0], [(?)(?)(?)(?)(?)(?)(?)(?)])(1 )(2 )(3 )]\\n28: 82bbc092-bc50-4e16-8e18-b74fc486aec3, 1, 0 [(0 [0xC004F014, 0, 0], [(?)(?)(?)(?)(?)(?)(?)(?)])(1 )(2 )(3 )]\\n29: 8ab9bdd1-1f67-4997-82d9-8878520837d9, 1, 0 [(0 [0xC004F014, 0, 0], [(?)(?)(?)(?)(?)(?)(?)(?)])(1 )(2 )(3 )]\\n30: 8b351c9c-f398-4515-9900-09df49427262, 1, 0 [(0 [0xC004F014, 0, 0], [(?)(?)(?)(?)(?)(?)(?)(?)])(1 )(2 )(3 )]\\n31: 90da7373-1c51-430b-bf26-c97e9c5cdc31, 1, 0 [(0 [0xC004F014, 0, 0], [(?)(?)(?)(?)(?)(?)(?)(?)])(1 )(2 )(3 )]\\n32: 95dca82f-385d-4d39-b85b-5c73fa285d6f, 1, 0 [(0 [0xC004F014, 0, 0], [(?)(?)(?)(?)(?)(?)(?)(?)])(1 )(2 )(3 )]\\n33: a48938aa-62fa-4966-9d44-9f04da3f72f2, 1, 0 [(0 [0xC004F014, 0, 0], [(?)(?)(?)(?)(?)(?)(?)(?)])(1 )(2 )(3 )]\\n34: b0773a15-df3a-4312-9ad2-83d69648e356, 1, 0 [(0 [0xC004F014, 0, 0], [(?)(?)(?)(?)(?)(?)(?)(?)])(1 )(2 )(3 )]\\n35: b4bfe195-541e-4e64-ad23-6177f19e395e, 1, 0 [(0 [0xC004F014, 0, 0], [(?)(?)(?)(?)(?)(?)(?)(?)])(1 )(2 )(3 )]\\n36: b68e61d2-68ca-4757-be45-0cc2f3e68eee, 1, 0 [(0 [0xC004F014, 0, 0], [(?)(?)(?)(?)(?)(?)(?)(?)])(1 )(2 )(3 )]\\n37: bd3762d7-270d-4760-8fb3-d829ca45278a, 1, 0 [(0 [0xC004F014, 0, 0], [(?)(?)(?)(?)(?)(?)(?)(?)])(1 )(2 )(3 )]\\n38: c86d5194-4840-4dae-9c1c-0301003a5ab0, 1, 0 [(0 [0xC004F014, 0, 0], [(?)(?)(?)(?)(?)(?)(?)(?)])(1 )(2 )(3 )]\\n39: d552befb-48cc-4327-8f39-47d2d94f987c, 1, 0 [(0 [0xC004F014, 0, 0], [(?)(?)(?)(?)(?)(?)(?)(?)])(1 )(2 )(3 )]\\n40: d6eadb3b-5ca8-4a6b-986e-35b550756111, 1, 0 [(0 [0xC004F014, 0, 0], [(?)(?)(?)(?)(?)(?)(?)(?)])(1 )(2 )(3 )]\\n41: df96023b-dcd9-4be2-afa0-c6c871159ebe, 1, 0 [(0 [0xC004F014, 0, 0], [(?)(?)(?)(?)(?)(?)(?)(?)])(1 )(2 )(3 )]\\n42: e0c42288-980c-4788-a014-c080d2e1926e, 1, 0 [(0 [0xC004F014, 0, 0], [(?)(?)(?)(?)(?)(?)(?)(?)])(1 )(2 )(3 )]\\n43: e4db50ea-bda1-4566-b047-0ca50abc6f07, 1, 0 [(0 [0xC004F014, 0, 0], [(?)(?)(?)(?)(?)(?)(?)(?)])(1 )(2 )(3 )]\\n44: e558417a-5123-4f6f-91e7-385c1c7ca9d4, 1, 0 [(0 [0xC004F014, 0, 0], [(?)(?)(?)(?)(?)(?)(?)(?)])(1 )(2 )(3 )]\\n45: e7a950a2-e548-4f10-bf16-02ec848e0643, 1, 0 [(0 [0xC004F014, 0, 0], [(?)(?)(?)(?)(?)(?)(?)(?)])(1 )(2 )(3 )]\\n46: eb6d346f-1c60-4643-b960-40ec31596c45, 1, 0 [(0 [0xC004F014, 0, 0], [(?)(?)(?)(?)(?)(?)(?)(?)])(1 )(2 )(3 )]\\n47: ec868e65-fadf-4759-b23e-93fe37f2cc29, 1, 0 [(0 [0xC004F014, 0, 0], [(?)(?)(?)(?)(?)(?)(?)(?)])(1 )(2 )(3 )]\\n48: ef51e000-2659-4f25-8345-3de70a9cf4c4, 1, 0 [(0 [0xC004F014, 0, 0], [(?)(?)(?)(?)(?)(?)(?)(?)])(1 )(2 )(3 )]\\n49: f7af7d09-40e4-419c-a49b-eae366689ebd, 1, 0 [(0 [0xC004F014, 0, 0], [(?)(?)(?)(?)(?)(?)(?)(?)])(1 )(2 )(3 )]\\n50: fa755fe6-6739-40b9-8d84-6d0ea3b6d1ab, 1, 0 [(0 [0xC004F014, 0, 0], [(?)(?)(?)(?)(?)(?)(?)(?)])(1 )(2 )(3 )]\\n51: fe74f55b-0338-41d6-b267-4a201abe7285, 1, 0 [(0 [0xC004F014, 0, 0], [(?)(?)(?)(?)(?)(?)(?)(?)])(1 )(2 )(3 )]\"]},\"System\":{\"Channel\":\"Application\",\"Computer\":\"Chotu\",\"Correlation\":{},\"EventID\":{\"#text\":1003,\"@Qualifiers\":16384},\"EventRecordID\":32792,\"Execution\":{\"@ProcessID\":0,\"@ThreadID\":0},\"Keywords\":\"0x80000000000000\",\"Level\":4,\"Opcode\":0,\"Provider\":{\"@EventSourceName\":\"Software Protection Platform Service\",\"@Guid\":\"{E23B33B0-C8C9-472C-A5F9-F2BDFEA0F156}\",\"@Name\":\"Microsoft-Windows-Security-SPP\"},\"Security\":{},\"Task\":0,\"TimeCreated\":{\"@SystemTime\":\"2020-11-06T14:29:50.0255397Z\"},\"Version\":0}}}", "{\"Event\":{\"EventData\":{\"Data\":[\"hr=0x8007139F\",\"RuleId=eeba1977-569e-4571-b639-7623d8bfecc0;Action=AutoActivate;AppId=55c92734-d682-4d71-983e-d6ec3f16059f;SkuId=2de67392-b7a7-462a-b1ca-108dd189f588;NotificationInterval=1440;Trigger=TimerEvent\"]},\"System\":{\"Channel\":\"Application\",\"Computer\":\"Chotu\",\"Correlation\":{},\"EventID\":{\"#text\":8198,\"@Qualifiers\":49152},\