"EventRecordID\":33014,\"Execution\":{\"@ProcessID\":0,\"@ThreadID\":0},\"Keywords\":\"0x80000000000000\",\"Level\":4,\"Opcode\":0,\"Provider\":{\"@EventSourceName\":\"Software Protection Platform Service\",\"@Guid\":\"{E23B33B0-C8C9-472C-A5F9-F2BDFEA0F156}\",\"@Name\":\"Microsoft-Windows-Security-SPP\"},\"Security\":{},\"Task\":0,\"TimeCreated\":{\"@SystemTime\":\"2020-11-21T15:58:10.2648343Z\"},\"Version\":0}}}", "{\"Event\":{\"EventData\":{\"Data\":[\"55c92734-d682-4d71-983e-d6ec3f16059f\",\"1: 040fa323-92b1-4baf-97a2-5b67feaefddb, 1, 0 [(0 [0xC004F014, 0, 0], [(?)(?)(?)(?)(?)(?)(?)(?)])(1 )(2 )(3 )]\\n2: 0724cb7d-3437-4cb7-93cb-830375d0079d, 1, 0 [(0 [0xC004F014, 0, 0], [(?)(?)(?)(?)(?)(?)(?)(?)])(1 )(2 )(3 )]\\n3: 0ad2ac98-7bb9-4201-8d92-312299201369, 1, 0 [(0 [0xC004F014, 0, 0], [(?)(?)(?)(?)(?)(?)(?)(?)])(1 )(2 )(3 )]\\n4: 1a9a717a-cf13-4ba5-83c3-0fe25fa868d5, 1, 0 [(0 [0xC004F014, 0, 0], [(?)(?)(?)(?)(?)(?)(?)(?)])(1 )(2 )(3 )]\\n5: 221a02da-e2a1-4b75-864c-0a4410a33fdf, 1, 0 [(0 [0xC004F014, 0, 0], [(?)(?)(?)(?)(?)(?)(?)(?)])(1 )(2 )(3 )]\\n6: 291ece0e-9c38-40ca-a9e1-32cc7ec19507, 1, 0 [(0 [0xC004F014, 0, 0], [(?)(?)(?)(?)(?)(?)(?)(?)])(1 )(2 )(3 )]\\n7: 2936d1d2-913a-4542-b54e-ce5a602a2a38, 1, 0 [(0 [0xC004F014, 0, 0], [(?)(?)(?)(?)(?)(?)(?)(?)])(1 )(2 )(3 )]\\n8: 2c293c26-a45a-4a2a-a350-c69a67097529, 1, 0 [(0 [0xC004F014, 0, 0], [(?)(?)(?)(?)(?)(?)(?)(?)])(1 )(2 )(3 )]\\n9: 2de67392-b7a7-462a-b1ca-108dd189f588, 1, 1 [(0 [0xC004E003, 0, 0], [( 2 0xC004F056 0 0 msft:rm/algorithm/volume/1.0 0x00000000 0)( 1 0x00000000)(?)( 2 0xC004F056 0 0 msft:rm/algorithm/volume/1.0 0x00000000 0)(?)(?)(?)(?)])(1 )(2 )(3 [0x00000000, 0, 0], [( 6 0xC004F009 0 0)( 1 0x00000000)( 6 0xC004F009 0 0)(?)(?)(?)( 10 0x00000000 msft:rm/algorithm/flags/1.0)( 11 0x00000000 0xC004F056)])]\\n10: 2ffd8952-423e-4903-b993-72a1aa44cf82, 1, 0 [(0 [0xC004F014, 0, 0], [(?)(?)(?)(?)(?)(?)(?)(?)])(1 )(2 )(3 )]\\n11: 30a42c86-b7a0-4a34-8c90-ff177cb2acb7, 1, 0 [(0 [0xC004F014, 0, 0], [(?)(?)(?)(?)(?)(?)(?)(?)])(1 )(2 )(3 )]\\n12: 345a5db0-d94f-4e3b-a0c0-7c42f7bc3ebf, 1, 0 [(0 [0xC004F014, 0, 0], [(?)(?)(?)(?)(?)(?)(?)(?)])(1 )(2 )(3 )]\\n13: 3502365a-f88a-4ba4-822a-5769d3073b65, 1, 0 [(0 [0xC004F014, 0, 0], [(?)(?)(?)(?)(?)(?)(?)(?)])(1 )(2 )(3 )]\\n14: 377333b1-8b5d-48d6-9679-1225c872d37c, 1, 0 [(0 [0xC004F014, 0, 0], [(?)(?)(?)(?)(?)(?)(?)(?)])(1 )(2 )(3 )]\\n15: 3df374ef-d444-4494-a5a1-4b0d9fd0e203, 1, 0 [(0 [0xC004F014, 0, 0], [(?)(?)(?)(?)(?)(?)(?)(?)])(1 )(2 )(3 )]\\n16: 3f1afc82-f8ac-4f6c-8005-1d233e606eee, 1, 0 [(0 [0xC004F014, 0, 0], [(?)(?)(?)(?)(?)(?)(?)(?)])(1 )(2 )(3 )]\\n17: 49cd895b-53b2-4dc4-a5f7-b18aa019ad37, 1, 0 [(0 [0xC004F014, 0, 0], [(?)(?)(?)(?)(?)(?)(?)(?)])(1 )(2 )(3 )]\\n18: 4de7cb65-cdf1-4de9-8ae8-e3cce27b9f2c, 1, 0 [(0 [0xC004F014, 0, 0], [(?)(?)(?)(?)(?)(?)(?)(?)])(1 )(2 )(3 )]\\n19: 4f3da0d2-271d-4508-ae81-626b60809a38, 1, 0 [(0 [0xC004F014, 0, 0], [(?)(?)(?)(?)(?)(?)(?)(?)])(1 )(2 )(3 )]\\n20: 60b3ec1b-9545-4921-821f-311b129dd6f6, 1, 0 [(0 [0xC004F014, 0, 0], [(?)(?)(?)(?)(?)(?)(?)(?)])(1 )(2 )(3 )]\\n21: 613d217f-7f13-4268-9907-1662339531cd, 1, 0 [(0 [0xC004F014, 0, 0], [(?)(?)(?)(?)(?)(?)(?)(?)])(1 )(2 )(3 )]\\n22: 62f0c100-9c53-4e02-b886-a3528ddfe7f6, 1, 0 [(0 [0xC004F014, 0, 0], [(?)(?)(?)(?)(?)(?)(?)(?)])(1 )(2 )(3 )]\\n23: 6365275e-368d-46ca-a0ef-fc0404119333, 1, 0 [(0 [0xC004F014, 0, 0], [(?)(?)(?)(?)(?)(?)(?)(?)])(1 )(2 )(3 )]\\n24: 721f9237-9341-4453-a661-09e8baa6cca5, 1, 0 [(0 [0xC004F014, 0, 0], [(?)(?)(?)(?)(?)(?)(?)(?)])(1 )(2 )(3 )]\\n25: 73111121-5638-40f6-bc11-f1d7b0d64300, 1, 0 [(0 [0xC004F014, 0, 0], [(?)(?)(?)(?)(?)(?)(?)(?)])(1 )(2 )(3 )]\\n26: 7a802526-4c94-4bd1-ba14-835a1aca2120, 1, 0 [(0 [0xC004F014, 0, 0], [(?)(?)(?)(?)(?)(?)(?)(?)])(1 )(2 )(3 )]\\n27: 7cb546c0-c7d5-44d8-9a5c-69ecdd782b69, 1, 0 [(0 [0xC004F014, 0, 0], [(?)(?)(?)(?)(?)(?)(?)(?)])(1 )(2 )(3 )]\\n28: 82bbc092-bc50-4e16-8e18-b74fc486aec3, 1, 0 [(0 [0xC004F014, 0, 0], [(?)(?)(?)(?)(?)(?)(?)(?)])(1 )(2 )(3 )]\\n29: 8ab9bdd1-1f67-4997-82d9-8878520837d9, 1, 0 [(0 [0xC004F014, 0, 0], [(?)(?)(?)(?)(?)(?)(?)(?)])(1 )(2 )(3 )]\\n30: 8b351c9c-f398-4515-9900-09df49427262, 1, 0 [(0 [0xC004F014, 0, 0], [(?)(?)(?)(?)(?)(?)(?)(?)])(1 )(2 )(3 )]\\n31: 90da7373-1c51-430b-bf26-c97e9c5cdc31, 1, 0 [(0 [0xC004F014, 0, 0], [(?)(?)(?)(?)(?)(?)(?)(?)])(1 )(2 )(3 )]\\n32: 95dca82f-385d-4d39-b85b-5c73fa285d6f, 1, 0 [(0 [0xC004F014, 0, 0], [(?)(?)(?)(?)(?)(?)(?)(?)])(1 )(2 )(3 )]\\n33: a48938aa-62fa-4966-9d44-9f04da3f72f2, 1, 0 [(0 [0xC004F014, 0, 0], [(?)(?)(?)(?)(?)(?)(?)(?)])(1 )(2 )(3 )]\\n34: b0773a15-df3a-4312-9ad2-83d69648e356, 1, 0 [(0 [0xC004F014, 0, 0], [(?)(?)(?)(?)(?)(?)(?)(?)])(1 )(2 )(3 )]\\n35: b4bfe195-541e-4e64-ad23-6177f19e395e, 1, 0 [(0 [0xC004F014, 0, 0], [(?)(?)(?)(?)(?)(?)(?)(?)])(1 )(2 )(3 )]\\n36: b68e61d2-68ca-4757-be45-0cc2f3e68eee, 1, 0 [(0 [0xC004F014, 0, 0], [(?)(?)(?)(?)(?)(?)(?)(?)])(1 )(2 )(3 )]\\n37: bd3762d7-270d-4760-8fb3-d829ca45278a, 1, 0 [(0 [0xC004F014, 0, 0], [(?)(?)(?)(?)(?)(?)(?)(?)])(1 )(2 )(3 )]\\n38: c86d5194-4840-4dae-9c1c-0301003a5ab0, 1, 0 [(0 [0xC004F014, 0, 0], [(?)(?)(?)(?)(?)(?)(?)(?)])(1 )(2 )(3 )]\\n39: d552befb-48cc-4327-8f39-47d2d94f987c, 1, 0 [(0 [0xC004F014, 0, 0], [(?)(?)(?)(?)(?)(?)(?)(?)])(1 )(2 )(3 )]\\n40: d6eadb3b-5ca8-4a6b-986e-35b550756111, 1, 0 [(0 [0xC004F014, 0, 0], [(?)(?)(?)(?)(?)(?)(?)(?)])(1 )(2 )(3 )]\\n41: df96023b-dcd9-4be2-afa0-c6c871159ebe, 1, 0 [(0 [0xC004F014, 0, 0], [(?)(?)(?)(?)(?)(?)(?)(?)])(1 )(2 )(3 )]\\n42: e0c42288-980c-4788-a014-c080d2e1926e, 1, 0 [(0 [0xC004F014, 0, 0], [(?)(?)(?)(?)(?)(?)(?)(?)])(1 )(2 )(3 )]\\n43: e4db50ea-bda1-4566-b047-0ca50abc6f07, 1, 0 [(0 [0xC004F014, 0, 0], [(?)(?)(?)(?)(?)(?)(?)(?)])(1 )(2 )(3 )]\\n44: e558417a-5123-4f6f-91e7-385c1c7ca9d4, 1, 0 [(0 [0xC004F014, 0, 0], [(?)(?)(?)(?)(?)(?)(?)(?)])(1 )(2 )(3 )]\\n45: e7a950a2-e548-4f10-bf16-02ec848e0643, 1, 0 [(0 [0xC004F014, 0, 0], [(?)(?)(?)(?)(?)(?)(?)(?)])(1 )(2 )(3 )]\\n46: eb6d346f-1c60-4643-b960-40ec31596c45, 1, 0 [(0 [0xC004F014, 0, 0], [(?)(?)(?)(?)(?)(?)(?)(?)])(1 )(2 )(3 )]\\n47: ec868e65-fadf-4759-b23e-93fe37f2cc29, 1, 0 [(0 [0xC004F014, 0, 0], [(?)(?)(?)(?)(?)(?)(?)(?)])(1 )(2 )(3 )]\\n48: ef51e000-2659-4f25-8345-3de70a9cf4c4, 1, 0 [(0 [0xC004F014, 0, 0], [(?)(?)(?)(?)(?)(?)(?)(?)])(1 )(2 )(3 )]\\n49: f7af7d09-40e4-419c-a49b-eae366689ebd, 1, 0 [(0 [0xC004F014, 0, 0], [(?)(?)(?)(?)(?)(?)(?)(?)])(1 )(2 )(3 )]\\n50: fa755fe6-6739-40b9-8d84-6d0ea3b6d1ab, 1, 0 [(0 [0xC004F014, 0, 0], [(?)(?)(?)(?)(?)(?)(?)(?)])(1 )(2 )(3 )]\\n51: fe74f55b-0338-41d6-b267-4a201abe7285, 1, 0 [(0 [0xC004F014, 0, 0], [(?)(?)(?)(?)(?)(?)(?)(?)])(1 )(2 )(3 )]\"]},\"System\":{\"Channel\":\"Application\",\"Computer\":\"Chotu\",\"Correlation\":{},\"EventID\":{\"#text\":1003,\"@Qualifiers\":16384},\"EventRecordID\":33015,\"Execution\":{\"@ProcessID\":0,\"@ThreadID\":0},\"Keywords\":\"0x80000000000000\",\"Level\":4,\"Opcode\":0,\"Provider\":{\"@EventSourceName\":\"Software Protection Platform Service\",\"@Guid\":\"{E23B33B0-C8C9-472C-A5F9-F2BDFEA0F156}\",\"@Name\":\"Microsoft-Windows-Security-SPP\"},\"Security\":{},\"Task\":0,\"TimeCreated\":{\"@SystemTime\":\"2020-11-21T15:58:10.5304509Z\"},\"Version\":0}}}", "{\"Event\":{\"EventData\":{\"Data\":[\"hr=0x8007007B\",\"RuleId=eeba1977-569e-4571-b639-7623d8bfecc0;Action=AutoActivate;AppId=55c92734-d682-4d71-983e-d6ec3f16059f;SkuId=2de67392-b7a7-462a-b1ca-108dd189f588;NotificationInterval=1440;Trigger=UserLogon;SessionId=1\"]},\"System\":{\"Channel\":\"Application\",\"Computer\":\"Chotu\",\"Correlation\":{},\"EventID\":{\"#text\":8198,\"@Qualifiers\":49152},\"EventRecordID\":33016,\"Execution\":{\"@ProcessID\":0,\"@ThreadID\":0},\"Keywords\":\"0x80000000000000\",\"Level\":2,\"Opcode\":0,\"Provider\":{\"@EventSourceName\":\"Software Protection Platform Service\",\"@Guid\":\"{E23B33B0-C8C9-472C-A5F9-F2BDFEA0F156}\",\"@Name\":\"Microsoft-Windows-Security-SPP\"},\"Security\":{},\"Task\":0,\"TimeCreated\":{\"@SystemTime\":\"2020-11-21T15:58:10.5929526Z\"},\"Version\":0}}}", "{\"Event\":{\"EventData\":{\"Data\":[\"2020-11-21T17:56:40Z\",\"RulesEngine\"]},\"System\":{\"Channel\":\"Application\",\"Computer\":\"Chotu\",\"Correlation\":{},\"EventID\":{\"#text\":16384,\"@Qualifiers\":16384},\"EventRecordID\":33017,\"Execution\":{\"@ProcessID\":0,\"@ThreadID\":0},\"Keywords\":\"0x80000000000000\",\"Level\":4,\"Opcode\":0,\"Provider\":{\"@EventSourceName\":\"Software Protection Platform Service\",\"@Guid\":\"{E23B33B0-C8C9-472C-A5F9-F2BDFEA0F156}\",\"@Name\":\"Microsoft-Windows-Security-SPP\"},\"Security\":{},\"Task\":0,\"TimeCreated\":{\"@SystemTime\":\"2020-11-21T15:58:41.2204605Z\"},\"Version\":0}}}", "{\"Event\":{\"EventData\":{\"Data\":\"Service stopped\"},\"System\":{\"Channel\":\"Application\",\"Computer\":\"Chotu\",\"Correlation\":{},\"EventID\":{\"#text\":0,\"@Qualifiers\":0},\"EventRecordID\":33018,\"Execution\":{\"@ProcessID\":0,\"@ThreadID\":0},\"Keywords\":\"0x80000000000000\",\"Level\":4,\"Opcode\":0,\"Provider\":{\"@Name\":\"edgeupdate\"},\"Security\":{},\"Task\":0,\"TimeCreated\":{\"@SystemTime\":\"2020-11-21T15:58:52.1888879Z\"},\"Version\":0}}}", "{\"Event\":{\"EventData\":{\"Data\":\"<explicit>\"},\"System\":{\"Channel\":\"Application\",\"Computer\":\"Chotu\",\"Correlation\":{},\"EventID\":{\"#text\":900,\"@Qualifiers\":16384},\"EventRecordID\":33019,\"Execution\":{\"@ProcessID\":0,\"@ThreadID\":0},\"Keywords\":\"0x80000000000000\",\"Level\":4,\"Opcode\":0,\"Provider\":{\"@EventSourceName\":\"Software Protection Platform Service\",\"@Guid\":\"{E23B33B0-C8C9-472C-A5F9-F2BDFEA0F156}\",\"@Name\":\"Microsoft-Windows-Security-SPP\"},\"Security\":{},\"Task\":0,\"TimeCreated\":{\"@SystemTime\":\"2020-11-21T15:59:53.7628583Z\"},\"Version\":0}}}", "{\"Event\":{\"EventData\":{},\"System\":{\"Channel\":\"Application\",\"Computer\":\"Chotu\",\"Correlation\":{},\"EventID\":{\"#text\":16394,\"@Qualifiers\":49152},\"EventRecordID\":33020,\"Execution\":{\"@ProcessID\":0,\"@ThreadID\":0},\"Keywords\":\"0x80000000000000\",\"Level\":4,\"Opcode\":0,\"Provider\":{\"@EventSourceName\":\"Software Protection Platform Service\",\"@Guid\":\"{E23B33B0-C8C9-472C-A5F9-F2BDFEA0F156}\",\"@Name\":\"Microsoft-Windows-Security-SPP\"},\"Security\":{},\"Task\":0,\"TimeCreated\":{\"@SystemTime\":\"2020-11-21T15:59:54.5753377Z\"},\"Version\":0}}}", "{\"Event\":{\"EventData\":{},\"System\":{\"Channel\":\"Application\",\"Computer\":\"Chotu\",\"Correlation\":{},\"EventID\":{\"#text\":1,\"@Qualifiers\":0},\"EventRecordID\":33021,\"Execution\":{\"@ProcessID\":0,\"@ThreadID\":0},\"Keywords\":\"0x80000000000000\",\"Level\":4,\"Opcode\":0,\"Provider\":{\"@Name\":\"SecurityCenter\"},\"Security\":{},\"Task\":0,\"TimeCreated\":{\"@SystemTime\":\"2020-11-21T16:00:09.2169605Z\"},\"Version\":0}}}", "{\"Event\":{\"EventData\":{\"Data\":[\"2020-11-21T17:57:24Z\",\"RulesEngine\"]},\"System\":{\"Channel\":\"Application\",\"Computer\":\"Chotu\",\"Correlation\":{},\"EventID\":{\"#text\":16384,\"@Qualifiers\":16384},\"EventRecordID\":33022,\"Execution\":{\"@ProcessID\":0,\"@ThreadID\":0},\"Keywords\":\"0x80000000000000\",\"Level\":4,\"Opcode\":0,\"Provider\":{\"@EventSourceName\":\"Software Protection Platform Service\",\"@Guid\":\"{E23B33B0-C8C9-472C-A5F9-F2BDFEA0F156}\",\"@Name\":\"Microsoft-Windows-Security-SPP\"},\"Security\":{},\"Task\":0,\"TimeCreated\":{\"@SystemTime\":\"2020-11-21T16:00:24.9521724Z\"},\"Version\":0}}}", "{\"Event\":{\"EventData\":{\"Data\":[\"Windows Defender\",\"SECURITY_PRODUCT_STATE_ON\"]},\"System\":{\"Channel\":\"Application\",\"Computer\":\"Chotu\",\"Correlation\":{},\"EventID\":{\"#text\":15,\"@Qualifiers\":0},\"EventRecordID\":33023,\"Execution\":{\"@ProcessID\":0,\"@ThreadID\":0},\"Keywords\":\"0x80000000000000\",\"Level\":4,\"Opcode\":0,\"Provider\":{\"@Name\":\"SecurityCenter\"},\"Security\":{},\"Task\":0,\"TimeCreated\":{\"@SystemTime\":\"2020-11-21T16:03:31.3210032Z\"},\"Version\":0}}}", "{\"Event\":{\"EventData\":{\"Data\":\"GitHub credentials for \'https://github.com/\' successfully retrieved.\"},\"System\":{\"Channel\":\"Application\",\"Computer\":\"Chotu\",\"Correlation\":{},\"EventID\":{\"#text\":0,\"@Qualifiers\":0},\"EventRecordID\":33024,\"Execution\":{\"@ProcessID\":0,\"@ThreadID\":0},\"Keywords\":\"0xa0000000000000\",\"Level\":0,\"Opcode\":0,\"Provider\":{\"@Name\":\"Git Credential Manager\"},\"Security\":{},\"Task\":0,\"TimeCreated\":{\"@SystemTime\":\"2020-11-21T16:04:21.1659442Z\"},\"Version\":0}}}", "{\"Event\":{\"EventData\":{},\"System\":{\"Channel\":\"Application\",\"Computer\":\"Chotu\",\"Correlation\":{},\"EventID\":{\"#text\":16394,\"@Qualifiers\":49152},\"EventRecordID\":33025,\"Execution\":{\"@ProcessID\":0,\"@ThreadID\":0},\"Keywords\":\"0x80000000000000\",\"Level\":4,\"Opcode\":0,\"Provider\":{\"@EventSourceName\":\"Software Protection Platform Service\",\"@Guid\":\"{E23B33B0-C8C9-472C-A5F9-F2BDFEA0F156}\",\"@Name\":\"Microsoft-Windows-Security-SPP\"},\"Security\":{},\"Task\":0,\"TimeCreated\":{\"@SystemTime\":\"2020-11-21T16:05:20.7814280Z\"},\"Version\":0}}}", "{\"Event\":{\"EventData\":{\"Data\":[{},0,\"StoreAgentScanForUpdatesFailure0\",\"Not available\",0,\"Update;\",80070422,19042,546,\"Windows.Desktop\",{},{},{},{},{},\"\\\\\\\\?\\\\C:\\\\ProgramData\\\\Microsoft\\\\Windows\\\\WER\\\\Temp\\\\WER8001.tmp.WERInternalMetadata.xml\\r\\n\\\\\\\\?\\\\C:\\\\ProgramData\\\\Microsoft\\\\Windows\\\\WER\\\\Temp\\\\WER8022.tmp.xml\\r\\n\\\\\\\\?\\\\C:\\\\ProgramData\\\\Microsoft\\\\Windows\\\\WER\\\\Temp\\\\WER81F5.tmp.csv\\r\\n\\\\\\\\?\\\\C:\\\\ProgramData\\\\Microsoft\\\\Windows\\\\WER\\\\Temp\\\\WER8235.tmp.txt\",\"\\\\\\\\?\\\\C:\\\\ProgramData\\\\Microsoft\\\\Windows\\\\WER\\\\ReportQueue\\\\NonCritical_Update;_69777754c80df81cdefa65a228dcb2bcf791e_00000000_cab_8083c24d-cf87-4261-ba9a-616b2b29db8d\",{},0,\"8083c24d-cf87-4261-ba9a-616b2b29db8d\",4,{},0]},\"System\":{\"Channel\":\"Application\",\"Computer\":\"Chotu\",\"Correlation\":{},\"EventID\":{\"#text\":1001,\"@Qualifiers\":0},\"EventRecordID\":33026,\"Execution\":{\"@ProcessID\":0,\"@ThreadID\":0},\"Keywords\":\"0x80000000000000\",\"Level\":4,\"Opcode\":0,\"Provider\":{\"@Name\":\"Windows Error Reporting\"},\"Security\":{},\"Task\":0,\"TimeCreated\":{\"@SystemTime\":\"2020-11-21T16:05:23.5469691Z\"},\"Version\":0}}}", "{\"Event\":{\"EventData\":{\"Data\":[{},0,\"StoreAgentScanForUpdatesFailure0\",\"Not available\",0,\"Update;\",80070422,19042,546,\"Windows.Desktop\",{},{},{},{},{},{},\"\\\\\\\\?\\\\C:\\\\ProgramData\\\\Microsoft\\\\Windows\\\\WER\\\\ReportQueue\\\\NonCritical_Update;_69777754c80df81cdefa65a228dcb2bcf791e_00000000_7844731c-48ea-42b2-ba6a-03cbde129539\",{},0,\"7844731c-48ea-42b2-ba6a-03cbde129539\",4100,{},0]},\"System\":{\"Channel\":\"Application\",\"Computer\":\"Chotu\",\"Correlation\":{},\"EventID\":{\"#text\":1001,\"@Qualifiers\":0},\"EventRecordID\":33027,\"Execution\":{\"@ProcessID\":0,\"@ThreadID\":0},\"Keywords\":\"0x80000000000000\",\"Level\":4,\"Opcode\":0,\"Provider\":{\"@Name\":\"Windows Error Reporting\"},\"Security\":{},\"Task\":0,\"TimeCreated\":{\"@SystemTime\":\"2020-11-21T16:05:32.3904620Z\"},\"Version\":0}}}", "{\"Event\":{\"EventData\":{\"Data\":[1344458220180681440,5,\"StoreAgentScanForUpdatesFailure0\",\"Not available\",0,\"Update;\",80070422,19042,546,\"Windows.Desktop\",{},{},{},{},{},\"\\\\\\\\?\\\\C:\\\\ProgramData\\\\Microsoft\\\\Windows\\\\WER\\\\Temp\\\\WER8001.tmp.WERInternalMetadata.xml\\r\\n\\\\\\\\?\\\\C:\\\\ProgramData\\\\Microsoft\\\\Windows\\\\WER\\\\Temp\\\\WER8022.tmp.xml\\r\\n\\\\\\\\?\\\\C:\\\\ProgramData\\\\Microsoft\\\\Windows\\\\WER\\\\Temp\\\\WER81F5.tmp.csv\\r\\n\\\\\\\\?\\\\C:\\\\ProgramData\\\\Microsoft\\\\Windows\\\\WER\\\\Temp\\\\WER8235.tmp.txt\",\"\\\\\\\\?\\\\C:\\\\ProgramData\\\\Microsoft\\\\Windows\\\\WER\\\\ReportArchive\\\\NonCritical_Update;_69777754c80df81cdefa65a228dcb2bcf791e_00000000_8083c24d-cf87-4261-ba9a-616b2b29db8d\",{},0,\"8083c24d-cf87-4261-ba9a-616b2b29db8d\",268435456,\"65987502591e892b32a879a0c53932e0\",0]},\"System\":{\"Channel\":\"Application\",\"Computer\":\"Chotu\",\"Correlation\":{},\"EventID\":{\"#text\":1001,\"@Qualifiers\":0},\"EventRecordID\":33028,\"Execution\":{\"@ProcessID\":0,\"@ThreadID\":0},\"Keywords\":\"0x80000000000000\",\"Level\":4,\"Opcode\":0,\"Provider\":{\"@Name\":\"Windows Error Reporting\"},\"Security\":{},\"Task\":0,\"TimeCreated\":{\"@SystemTime\":\"2020-11-21T16:05:37.7809314Z\"},\"Version\":0}}}", "{\"Event\":{\"EventData\":{\"Data\":[1344458220180681440,5,\"StoreAgentScanForUpdatesFailure0\",\"Not available\",0,\"Update;\",80070422,19042,546,\"Windows.Desktop\",{},{},{},{},{},\"\\\\\\\\?\\\\C:\\\\ProgramData\\\\Microsoft\\\\Windows\\\\WER\\\\Temp\\\\WERBD39.tmp.WERInternalMetadata.xml\",\"\\\\\\\\?\\\\C:\\\\ProgramData\\\\Microsoft\\\\Windows\\\\WER\\\\ReportArchive\\\\NonCritical_Update;_69777754c80df81cdefa65a228dcb2bcf791e_00000000_7844731c-48ea-42b2-ba6a-03cbde129539\",{},0,\"7844731c-48ea-42b2-ba6a-03cbde129539\",268439552,\"65987502591e892b32a879a0c53932e0\",0]},\"System\":{\"Channel\":\"Application\",\"Computer\":\"Chotu\",\"Correlation\":{},\"EventID\":{\"#text\":1001,\"@Qualifiers\":0},\"EventRecordID\":33029,\"Execution\":{\"@ProcessID\":0,\"@ThreadID\":0},\"Keywords\":\"0x80000000000000\",\"Level\":4,\"Opcode\":0,\"Provider\":{\"@Name\":\"Windows Error Reporting\"},\"Security\":{},\"Task\":0,\"TimeCreated\":{\"@SystemTime\":\"2020-11-21T16:05:41.6870742Z\"},\"Version\":0}}}", "{\"Event\":{\"EventData\":{\"Data\":[\"2020-11-21T17:56:51Z\",\"RulesEngine\"]},\"System\":{\"Channel\":\"Application\",\"Computer\":\"Chotu\",\"Correlation\":{},\"EventID\":{\"#text\":16384,\"@Qualifiers\":16384},\"EventRecordID\":33030,\"Execution\":{\"@ProcessID\":0,\"@ThreadID\":0},\"Keywords\":\"0x80000000000000\",\"Level\":4,\"Opcode\":0,\"Provider\":{\"@EventSourceName\":\"Software Protection Platform Service\",\"@Guid\":\"{E23B33B0-C8C9-472C-A5F9-F2BDFEA0F156}\",\"@Name\":\"Microsoft-Windows-Security-SPP\"},\"Security\":{},\"Task\":0,\"TimeCreated\":{\"@SystemTime\":\"2020-11-21T16:05:51.4055311Z\"},\"Version\":0}}}", "{\"Event\":{\"EventData\":{},\"System\":{\"Channel\":\"Application\",\"Computer\":\"Chotu\",\"Correlation\":{},\"EventID\":{\"#text\":16394,\"@Qualifiers\":49152},\"EventRecordID\":33031,\"Execution\":{\"@ProcessID\":0,\"@ThreadID\":0},\"Keywords\":\"0x80000000000000\",\"Level\":4,\"Opcode\":0,\"Provider\":{\"@EventSourceName\":\"Software Protection Platform Service\",\"@Guid\":\"{E23B33B0-C8C9-472C-A5F9-F2BDFEA0F156}\",\"@Name\":\"Microsoft-Windows-Security-SPP\"},\"Security\":{},\"Task\":0,\"TimeCreated\":{\"@SystemTime\":\"2020-11-21T16:06:03.7502362Z\"},\"Version\":0}}}", "{\"Event\":{\"EventData\":{\"Data\":[\"2020-11-21T17:56:55Z\",\"RulesEngine\"]},\"System\":{\"Channel\":\"Application\",\"Computer\":\"Chotu\",\"Correlation\":{},\"EventID\":{\"#text\":16384,\"@Qualifiers\":16384},\"EventRecordID\":33032,\"Execution\":{\"@ProcessID\":0,\"@ThreadID\":0},\"Keywords\":\"0x80000000000000\",\"Level\":4,\"Opcode\":0,\"Provider\":{\"@EventSourceName\":\"Software Protection Platform Service\",\"@Guid\":\"{E23B33B0-C8C9-472C-A5F9-F2BDFEA0F156}\",\"@Name\":\"Microsoft-Windows-Security-SPP\"},\"Security\":{},\"Task\":0,\"TimeCreated\":{\"@SystemTime\":\"2020-11-21T16:06:55.3298756Z\"},\"Version\":0}}}", "{\"Event\":{\"EventData\":{},\"System\":{\"Channel\":\"Application\",\"Computer\":\"Chotu\",\"Correlation\":{},\"EventID\":{\"#text\":16394,\"@Qualifiers\":49152},\"EventRecordID\":33033,\"Execution\":{\"@ProcessID\":0,\"@ThreadID\":0},\"Keywords\":\"0x80000000000000\",\"Level\":4,\"Opcode\":0,\"Provider\":{\"@EventSourceName\":\"Software Protection Platform Service\",\"@Guid\":\"{E23B33B0-C8C9-472C-A5F9-F2BDFEA0F156}\",\"@Name\":\"Microsoft-Windows-Security-SPP\"},\"Security\":{},\"Task\":0,\"TimeCreated\":{\"@SystemTime\":\"2020-11-21T16:07:09.3294347Z\"},\"Version\":0}}}", "{\"Event\":{\"EventData\":{\"Data\":[\"2020-11-21T17:56:41Z\",\"RulesEngine\"]},\"System\":{\"Channel\":\"Application\",\"Computer\":\"Chotu\",\"Correlation\":{},\"EventID\":{\"#text\":16384,\"@Qualifiers\":16384},\"EventRecordID\":33034,\"Execution\":{\"@ProcessID\":0,\"@ThreadID\":0},\"Keywords\":\"0x80000000000000\",\"Level\":4,\"Opcode\":0,\"Provider\":{\"@EventSourceName\":\"Software Protection Platform Service\",\"@Guid\":\"{E23B33B0-C8C9-472C-A5F9-F2BDFEA0F156}\",\"@Name\":\"Microsoft-Windows-Security-SPP\"},\"Security\":{},\"Task\":0,\"TimeCreated\":{\"@SystemTime\":\"2020-11-21T16:07:42.1628884Z\"},\"Version\":0}}}", "{\"Event\":{\"EventData\":{\"Data\":[\"Windows Defender\",\"SECURITY_PRODUCT_STATE_ON\"]},\"System\":{\"Channel\":\"Application\",\"Computer\":\"Chotu\",\"Correlation\":{},\"EventID\":{\"#text\":15,\"@Qualifiers\":0},\"EventRecordID\":33035,\"Execution\":{\"@ProcessID\":0,\"@ThreadID\":0},\"Keywords\":\"0x80000000000000\",\"Level\":4,\"Opcode\":0,\"Provider\":{\"@Name\":\"SecurityCenter\"},\"Security\":{},\"Task\":0,\"TimeCreated\":{\"@SystemTime\":\"2020-11-21T16:07:59.9904912Z\"},\"Version\":0}}}", "{\"Event\":{\"EventData\":{\"Data\":[\"Windows Defender\",\"SECURITY_PRODUCT_STATE_ON\"]},\"System\":{\"Channel\":\"Application\",\"Computer\":\"Chotu\",\"Correlation\":{},\"EventID\":{\"#text\":15,\"@Qualifiers\":0},\"EventRecordID\":33036,\"Execution\":{\"@ProcessID\":0,\"@ThreadID\":0},\"Keywords\":\"0x80000000000000\",\"Level\":4,\"Opcode\":0,\"Provider\":{\"@Name\":\"SecurityCenter\"},\"Security\":{},\"Task\":0,\"TimeCreated\":{\"@SystemTime\":\"2020-11-21T16:08:02.0216777Z\"},\"Version\":0}}}", "{\"Event\":{\"EventData\":{},\"System\":{\"Channel\":\"Application\",\"Computer\":\"Chotu\",\"Correlation\":{},\"EventID\":{\"#text\":16394,\"@Qualifiers\":49152},\"EventRecordID\":33037,\"Execution\":{\"@ProcessID\":0,\"@ThreadID\":0},\"Keywords\":\"0x80000000000000\",\"Level\":4,\"Opcode\":0,\"Provider\":{\"@EventSourceName\":\"Software Protection Platform Service\",\"@Guid\":\"{E23B33B0-C8C9-472C-A5F9-F2BDFEA0F156}\",\"@Name\":\"Microsoft-Windows-Security-SPP\"},\"Security\":{},\"Task\":0,\"TimeCreated\":{\"@SystemTime\":\"2020-11-21T16:10:42.4402721Z\"},\"Version\":0}}}", "{\"Event\":{\"EventData\":{\"Data\":[\"2020-11-21T17:57:13Z\",\"RulesEngine\"]},\"System\":{\"Channel\":\"Application\",\"Computer\":\"Chotu\",\"Correlation\":{},\"EventID\":{\"#text\":16384,\"@Qualifiers\":16384},\"EventRecordID\":33038,\"Execution\":{\"@ProcessID\":0,\"@ThreadID\":0},\"Keywords\":\"0x80000000000000\",\"Level\":4,\"Opcode\":0,\"Provider\":{\"@EventSourceName\":\"Software Protection Platform Service\",\"@Guid\":\"{E23B33B0-C8C9-472C-A5F9-F2BDFEA0F156}\",\"@Name\":\"Microsoft-Windows-Security-SPP\"},\"Security\":{},\"Task\":0,\"TimeCreated\":{\"@SystemTime\":\"2020-11-21T16:11:14.4705862Z\"},\"Version\":0}}}", "{\"Event\":{\"EventData\":{\"Data\":\"Service stopped\"},\"System\":{\"Channel\":\"Application\",\"Computer\":\"Chotu\",\"Correlation\":{},\"EventID\":{\"#text\":0,\"@Qualifiers\":0},\"EventRecordID\":33039,\"Execution\":{\"@ProcessID\":0,\"@ThreadID\":0},\"Keywords\":\"0x80000000000000\",\"Level\":4,\"Opcode\":0,\"Provider\":{\"@Name\":\"edgeupdate\"},\"Security\":{},\"Task\":0,\"TimeCreated\":{\"@SystemTime\":\"2020-11-21T16:12:56.9278096Z\"},\"Version\":0}}}", "{\"Event\":{\"EventData\":{\"Data\":[2287490971744204621,5,\"RADAR_PRE_LEAK_64\",\"Not available\",0,\"googledrivesync.exe\",\"3.51.3307.8076\",\"10.0.19042.2.0.0\",{},{},{},{},{},{},{},\"\\\\\\\\?\\\\C:\\\\Users\\\\huzail\\\\AppData\\\\Local\\\\Temp\\\\RDR8187.tmp\\\\empty.txt\\r\\n\\\\\\\\?\\\\C:\\\\ProgramData\\\\Microsoft\\\\Windows\\\\WER\\\\Temp\\\\WER8198.tmp.WERInternalMetadata.xml\\r\\n\\\\\\\\?\\\\C:\\\\ProgramData\\\\Microsoft\\\\Windows\\\\WER\\\\Temp\\\\WER8264.tmp.xml\\r\\n\\\\\\\\?\\\\C:\\\\ProgramData\\\\Microsoft\\\\Windows\\\\WER\\\\Temp\\\\WER8408.tmp.csv\\r\\n\\\\\\\\?\\\\C:\\\\ProgramData\\\\Microsoft\\\\Windows\\\\WER\\\\Temp\\\\WER85FD.tmp.txt\",{},{},0,\"fbeb550f-ec2b-433b-ae0d-964eb95f17ca\",268435456,\"52172019484a59983fbecceb4db9f74d\",0]},\"System\":{\"Channel\":\"Application\",\"Computer\":\"Chotu\",\"Correlation\":{},\"EventID\":{\"#text\":1001,\"@Qualifiers\":0},\"EventRecordID\":33040,\"Execution\":{\"@ProcessID\":0,\"@ThreadID\":0},\"Keywords\":\"0x80000000000000\",\"Level\":4,\"Opcode\":0,\"Provider\":{\"@Name\":\"Windows Error Reporting\"},\"Security\":{},\"Task\":0,\"TimeCreated\":{\"@SystemTime\":\"2020-11-21T16:16:22.5986126Z\"},\"Version\":0}}}", "{\"Event\":{\"EventData\":{\"Data\":\"GitHub credentials for \'https://github.com/\' successfully retrieved.\"},\"System\":{\"Channel\":\"Application\",\"Computer\":\"Chotu\",\"Correlation\":{},\"EventID\":{\"#text\":0,\"@Qualifiers\":0},\"EventRecordID\":33041,\"Execution\":{\"@ProcessID\":0,\"@ThreadID\":0},\"Keywords\":\"0xa0000000000000\",\"Level\":0,\"Opcode\":0,\"Provider\":{\"@Name\":\"Git Credential Manager\"},\"Security\":{},\"Task\":0,\"TimeCreated\":{\"@SystemTime\":\"2020-11-21T16:17:00.1274818Z\"},\"Version\":0}}}", "{\"Event\":{\"EventData\":{\"Data\":[\"Windows Defender\",\"SECURITY_PRODUCT_STATE_ON\"]},\"System\":{\"Channel\":\"Application\",\"Computer\":\"Chotu\",\"Correlation\":{},\"EventID\":{\"#text\":15,\"@Qualifiers\":0},\"EventRecordID\":33042,\"Execution\":{\"@ProcessID\":0,\"@ThreadID\":0},\"Keywords\":\"0x80000000000000\",\"Level\":4,\"Opcode\":0,\"Provider\":{\"@Name\":\"SecurityCenter\"},\"Security\":{},\"Task\":0,\"TimeCreated\":{\"@SystemTime\":\"2020-11-21T16:17:50.1812869Z\"},\"Version\":0}}}", "{\"Event\":{\"EventData\":{\"Data\":[\"Windows Defender\",\"SECURITY_PRODUCT_STATE_ON\"]},\"System\":{\"Channel\":\"Application\",\"Computer\":\"Chotu\",\"Correlation\":{},\"EventID\":{\"#text\":15,\"@Qualifiers\":0},\"EventRecordID\":33043,\"Execution\":{\"@ProcessID\":0,\"@ThreadID\":0},\"Keywords\":\"0x80000000000000\",\"Level\":4,\"Opcode\":0,\"Provider\":{\"@Name\":\"SecurityCenter\"},\"Security\":{},\"Task\":0,\"TimeCreated\":{\"@SystemTime\":\"2020-11-21T16:17:52.2929099Z\"},\"Version\":0}}}", "{\"Event\":{\"EventData\":{\"Data\":[\"Windows Defender\",\"SECURITY_PRODUCT_STATE_ON\"]},\"System\":{\"Channel\":\"Application\",\"Computer\":\"Chotu\",\"Correlation\":{},\"EventID\":{\"#text\":15,\"@Qualifiers\":0},\"EventRecordID\":33044,\"Execution\":{\"@ProcessID\":0,\"@ThreadID\":0},\"Keywords\":\"0x80000000000000\",\"Level\":4,\"Opcode\":0,\"Provider\":{\"@Name\":\"SecurityCenter\"},\"Security\":{},\"Task\":0,\"TimeCreated\":{\"@SystemTime\":\"2020-11-21T16:18:24.4817243Z\"},\"Version\":0}}}", "{\"Event\":{\"EventData\":{},\"System\":{\"Channel\":\"Application\",\"Computer\":\"Chotu\",\"Correlation\":{},\"EventID\":{\"#text\":16394,\"@Qualifiers\":49152},\"EventRecordID\":33045,\"Execution\":{\"@ProcessID\":0,\"@ThreadID\":0},\"Keywords\":\"0x80000000000000\",\"Level\":4,\"Opcode\":0,\"Provider\":{\"@EventSourceName\":\"Software Protection Platform Service\",\"@Guid\":\"{E23B33B0-C8C9-472C-A5F9-F2BDFEA0F156}\",\"@Name\":\"Microsoft-Windows-Security-SPP\"},\"Security\":{},\"Task\":0,\"TimeCreated\":{\"@SystemTime\":\"2020-11-21T16:21:36.7944808Z\"},\"Version\":0}}}", "{\"Event\":{\"EventData\":{\"Data\":\"GitHub credentials for \'https://github.com/\' successfully retrieved.\"},\"System\":{\"Channel\":\"Application\",\"Computer\":\"Chotu\",\"Correlation\":{},\"EventID\":{\"#text\":0,\"@Qualifiers\":0},\"EventRecordID\":33046,\"Execution\":{\"@ProcessID\":0,\"@ThreadID\":0},\"Keywords\":\"0xa0000000000000\",\"Level\":0,\"Opcode\":0,\"Provider\":{\"@Name\":\"Git Credential Manager\"},\"Security\":{},\"Task\":0,\"TimeCreated\":{\"@SystemTime\":\"2020-11-21T16:21:46.4263129Z\"},\"Version\":0}}}", "{\"Event\":{\"EventData\":{\"Data\":[\"2020-11-21T17:57:07Z\",\"RulesEngine\"]},\"System\":{\"Channel\":\"Application\",\"Computer\":\"Chotu\",\"Correlation\":{},\"EventID\":{\"#text\":16384,\"@Qualifiers\":16384},\"EventRecordID\":33047,\"Execution\":{\"@ProcessID\":0,\"@ThreadID\":0},\"Keywords\":\"0x80000000000000\",\"Level\":4,\"Opcode\":0,\"Provider\":{\"@EventSourceName\":\"Software Protection Platform Service\",\"@Guid\":\"{E23B33B0-C8C9-472C-A5F9-F2BDFEA0F156}\",\"@Name\":\"Microsoft-Windows-Security-SPP\"},\"Security\":{},\"Task\":0,\"TimeCreated\":{\"@SystemTime\":\"2020-11-21T16:22:08.0546890Z\"},\"Version\":0}}}", "{\"Event\":{\"EventData\":{\"Data\":\"GitHub credentials for \'https://github.com/\' successfully retrieved.\"},\"System\":{\"Channel\":\"Application\",\"Computer\":\"Chotu\",\"Correlation\":{},\"EventID\":{\"#text\":0,\"@Qualifiers\":0},\"EventRecordID\":33048,\"Execution\":{\"@ProcessID\":0,\"@ThreadID\":0},\"Keywords\":\"0xa0000000000000\",\"Level\":0,\"Opcode\":0,\"Provider\":{\"@Name\":\"Git Credential Manager\"},\"Security\":{},\"Task\":0,\"TimeCreated\":{\"@SystemTime\":\"2020-11-21T16:23:57.5403908Z\"},\"Version\":0}}}", "{\"Event\":{\"EventData\":{\"Data\":[\"Video.UI\",\"10448,P,98\",\"{EC3A64AD-AD65-401B-BFDF-90B56451522B}:\",0,10,0,19042,0]},\"System\":{\"Channel\":\"Application\",\"Computer\":\"Chotu\",\"Correlation\":{},\"EventID\":{\"#text\":102,\"@Qualifiers\":0},\"EventRecordID\":33049,\"Execution\":{\"@ProcessID\":0,\"@ThreadID\":0},\"Keywords\":\"0x80000000000000\",\"Level\":4,\"Opcode\":0,\"Provider\":{\"@Name\":\"ESENT\"},\"Security\":{},\"Task\":1,\"TimeCreated\":{\"@SystemTime\":\"2020-11-21T16:27:29.5270895Z\"},\"Version\":0}}}", "{\"Event\":{\"EventData\":{\"Data\":[\"Video.UI\",\"10448,R,98\",\"{EC3A64AD-AD65-401B-BFDF-90B56451522B}:\"]},\"System\":{\"Channel\":\"Application\",\"Computer\":\"Chotu\",\"Correlation\":{},\"EventID\":{\"#text\":300,\"@Qualifiers\":0},\"EventRecordID\":33050,\"Execution\":{\"@ProcessID\":0,\"@ThreadID\":0},\"Keywords\":\"0x80000000000000\",\"Level\":4,\"Opcode\":0,\"Provider\":{\"@Name\":\"ESENT\"},\"Security\":{},\"Task\":3,\"TimeCreated\":{\"@SystemTime\":\"2020-11-21T16:27:29.9778132Z\"},\"Version\":0}}}", "{\"Event\":{\"EventData\":{\"Data\":[\"Video.UI\",\"10448,R,98\",\"{EC3A64AD-AD65-401B-BFDF-90B56451522B}:\",\"0x410022D8 (8920 | JET_efvAllowHigherPersistedFormat)\",\"9180 (0x23dc)\",\"1568.20.0\"]},\"System\":{\"Channel\":\"Application\",\"Computer\":\"Chotu\",\"Correlation\":{},\"EventID\":{\"#text\":642,\"@Qualifiers\":0},\"EventRecordID\":33051,\"Execution\":{\"@ProcessID\":0,\"@ThreadID\":0},\"Keywords\":\"0x80000000000000\",\"Level\":3,\"Opcode\":0,\"Provider\":{\"@Name\":\"ESENT\"},\"Security\":{},\"Task\":1,\"TimeCreated\":{\"@SystemTime\":\"2020-11-21T16:27:30.4665124Z\"},\"Version\":0}}}", "{\"Event\":{\"EventData\":{\"Data\":[\"Video.UI\",\"10448,R,98\",\"{EC3A64AD-AD65-401B-BFDF-90B56451522B}:\",\"C:\\\\Users\\\\huzail\\\\AppData\\\\Local\\\\Packages\\\\Microsoft.ZuneVideo_8wekyb3d8bbwe\\\\LocalState\\\\Database\\\\2e76e513a7eaf3b4\\\\EntClientDb.edb\",\"0x410022D8 (8920 | JET_efvAllowHigherPersistedFormat)\",\"8920 (0x22d8)\",\"9180 (0x23dc)\"]},\"System\":{\"Channel\":\"Application\",\"Computer\":\"Chotu\",\"Correlation\":{},\"EventID\":{\"#text\":330,\"@Qualifiers\":0},\"EventRecordID\":33052,\"Execution\":{\"@ProcessID\":0,\"@ThreadID\":0},\"Keywords\":\"0x80000000000000\",\"Level\":4,\"Opcode\":0,\"Provider\":{\"@Name\":\"ESENT\"},\"Security\":{},\"Task\":1,\"TimeCreated\":{\"@SystemTime\":\"2020-11-21T16:27:30.4675131Z\"},\"Version\":0}}}", "{\"Event\":{\"EventData\":{\"Data\":[\"Video.UI\",\"10448,R,98\",\"{EC3A64AD-AD65-401B-BFDF-90B56451522B}:\",\"C:\\\\Users\\\\huzail\\\\AppData\\\\Local\\\\Packages\\\\Microsoft.ZuneVideo_8wekyb3d8bbwe\\\\LocalState\\\\Database\\\\2e76e513a7eaf3b4\\\\edb.log\",\"[1] 0.642226 -0.216444 (63) WT +J(CM:0, PgRf:0, Rd:0/0, Dy:0/0, Lg:653042/422) +M(C:0K, Fs:4140, WS:1136K # 1088K, PF:424K # 360K, P:424K).\",\"AttachDB\",50]},\"System\":{\"Channel\":\"Application\",\"Computer\":\"Chotu\",\"Correlation\":{},\"EventID\":{\"#text\":301,\"@Qualifiers\":0},\"EventRecordID\":33053,\"Execution\":{\"@ProcessID\":0,\"@ThreadID\":0},\"Keywords\":\"0x80000000000000\",\"Level\":4,\"Opcode\":0,\"Provider\":{\"@Name\":\"ESENT\"},\"Security\":{},\"Task\":3,\"TimeCreated\":{\"@SystemTime\":\"2020-11-21T16:27:30.7403449Z\"},\"Version\":0}}}", "{\"Event\":{\"EventData\":{\"Data\":[\"Video.UI\",\"10448,U,98\",\"{EC3A64AD-AD65-401B-BFDF-90B56451522B}:\"]},\"System\":{\"Channel\":\"Application\",\"Computer\":\"Chotu\",\"Correlation\":{},\"EventID\":{\"#text\":302,\"@Qualifiers\":0},\"EventRecordID\":33054,\"Execution\":{\"@ProcessID\":0,\"@ThreadID\":0},\"Keywords\":\"0x80000000000000\",\"Level\":4,\"Opcode\":0,\"Provider\":{\"@Name\":\"ESENT\"},\"Security\":{},\"Task\":3,\"TimeCreated\":{\"@SystemTime\":\"2020-11-21T16:27:31.5458478Z\"},\"Version\":0}}}", "{\"Event\":{\"EventData\":{\"Data\":[\"Video.UI\",\"10448,D,0\",\"{EC3A64AD-AD65-401B-BFDF-90B56451522B}:\",0,2,\"[1] 0.105856 +J(0) +M(C:0K, Fs:180, WS:684K # 684K, PF:2452K # 2528K, P:2452K)\\n[2] 0.000723 +J(0) +M(C:0K, Fs:101, WS:404K # 404K, PF:320K # 236K, P:320K)\\n[3] 0.000058 +J(0) +M(C:0K, Fs:5, WS:16K # 16K, PF:68K # 68K, P:68K)\\n[4] 0.007546 +J(0) +M(C:0K, Fs:32, WS:128K # 128K, PF:156K # 156K, P:156K)\\n[5] 0.007159 +J(0) +M(C:0K, Fs:8, WS:32K # 32K, PF:16K # 16K, P:16K)\\n[6] 0.004069 +J(0) +M(C:0K, Fs:21, WS:84K # 84K, PF:12K # 12K, P:12K)\\n[7] 0.402172 -0.397730 (9) WT +J(0) +M(C:0K, Fs:891, WS:3552K # 3552K, PF:2380K # 2380K, P:2380K)\\n[8] 0.807014 -0.292445 (67) WT +J(CM:0, PgRf:0, Rd:0/0, Dy:0/0, Lg:653042/422) +M(C:0K, Fs:4264, WS:1552K # 1556K, PF:748K # 756K, P:748K)\\n[9] 0.001109 +J(0) +M(C:0K, Fs:6, WS:24K # 20K, PF:0K # 0K, P:0K)\\n[10] 0.003874 -0.000016 (8) WT +J(0) +M(C:0K, Fs:0, WS:-2044K # 0K, PF:-2044K # 0K, P:-2044K)\\n[11] 0.000067 +J(CM:0, PgRf:0, Rd:0/0, Dy:0/0, Lg:49/1) +M(C:0K, Fs:2, WS:8K # 0K, PF:0K # 0K, P:0K)\\n[12] 0.011188 -0.011064 (2) WT +J(0) +M(C:0K, Fs:2, WS:8K # 0K, PF:0K # 0K, P:0K)\\n[13] 0.802455 -0.000881 (2) CM -0.608371 (28) WT +J(CM:2, PgRf:2, Rd:0/2, Dy:0/0, Lg:8759/5) +M(C:0K, Fs:589, WS:-28K # 0K, PF:-112K # 0K, P:-112K)\\n[14] 0.000042 +J(0)\\n[15] 0.000024 +J(0)\\n[16] 0.001499 -0.000002 (1) WT +J(0) +M(C:0K, Fs:2, WS:0K # 0K, PF:0K # 0K, P:0K).\",\"lgposV2[] = 00000002:0001:0000 - 00000002:00A2:03AF - 00000002:00A3:0000 - 00000002:00A3:0000 (00000000:0000:0000)\\ncReInits = 50\"]},\"System\":{\"Channel\":\"Application\",\"Computer\":\"Chotu\",\"Correlation\":{},\"EventID\":{\"#text\":105,\"@Qualifiers\":0},\"EventRecordID\":33055,\"Execution\":{\"@ProcessID\":0,\"@ThreadID\":0},\"Keywords\":\"0x80000000000000\",\"Level\":4,\"Opcode\":0,\"Provider\":{\"@Name\":\"ESENT\"},\"Security\":{},\"Task\":1,\"TimeCreated\":{\"@SystemTime\":\"2020-11-21T16:27:31.5608386Z\"},\"Version\":0}}}", "{\"Event\":{\"EventData\":{\"Data\":[\"Video.UI\",\"10448,D,50\",\"{EC3A64AD-AD65-401B-BFDF-90B56451522B}:\",\"0x410022D8 (8920 | JET_efvAllowHigherPersistedFormat)\",\"9180 (0x23dc)\",\"1568.20.0\"]},\"System\":{\"Channel\":\"Application\",\"Computer\":\"Chotu\",\"Correlation\":{},\"EventID\":{\"#text\":642,\"@Qualifiers\":0},\"EventRecordID\":33056,\"Execution\":{\"@ProcessID\":0,\"@ThreadID\":0},\"Keywords\":\"0x80000000000000\",\"Level\":3,\"Opcode\":0,\"Provider\":{\"@Name\":\"ESENT\"},\"Security\":{},\"Task\":1,\"TimeCreated\":{\"@SystemTime\":\"2020-11-21T16:27:31.5638380Z\"},\"Version\":0}}}", "{\"Event\":{\"EventData\":{\"Data\":[\"Video.UI\",\"10448,D,50\",\"{EC3A64AD-AD65-401B-BFDF-90B56451522B}:\",\"C:\\\\Users\\\\huzail\\\\AppData\\\\Local\\\\Packages\\\\Microsoft.ZuneVideo_8wekyb3d8bbwe\\\\LocalState\\\\Database\\\\2e76e513a7eaf3b4\\\\EntClientDb.edb\",\"0x410022D8 (8920 | JET_efvAllowHigherPersistedFormat)\",\"8920 (0x22d8)\",\"9180 (0x23dc)\"]},\"System\":{\"Channel\":\"Application\",\"Computer\":\"Chotu\",\"Correlation\":{},\"EventID\":{\"#text\":330,\"@Qualifiers\":0},\"EventRecordID\":33057,\"Execution\":{\"@ProcessID\":0,\"@ThreadID\":0},\"Keywords\":\"0x80000000000000\",\"Level\":4,\"Opcode\":0,\"Provider\":{\"@Name\":\"ESENT\"},\"Security\":{},\"Task\":1,\"TimeCreated\":{\"@SystemTime\":\"2020-11-21T16:27:31.6148051Z\"},\"Version\":0}}}", "{\"Event\":{\"EventData\":{\"Data\":[\"Video.UI\",\"10448,D,50\",\"{EC3A64AD-AD65-401B-BFDF-90B56451522B}:\",\"0x410022D8 (8920 | JET_efvAllowHigherPersistedFormat)\",\"8940 (0x22ec - 8.6.20)\",\"8.5.16\"]},\"System\":{\"Channel\":\"Application\",\"Computer\":\"Chotu\",\"Correlation\":{},\"EventID\":{\"#text\":641,\"@Qualifiers\":0},\"EventRecordID\":33058,\"Execution\":{\"@ProcessID\":0,\"@ThreadID\":0},\"Keywords\":\"0x80000000000000\",\"Level\":4,\"Opcode\":0,\"Provider\":{\"@Name\":\"ESENT\"},\"Security\":{},\"Task\":1,\"TimeCreated\":{\"@SystemTime\":\"2020-11-21T16:27:31.6158061Z\"},\"Version\":0}}}", "{\"Event\":{\"EventData\":{\"Data\":[\"Video.UI\",\"10448,D,50\",\"{EC3A64AD-AD65-401B-BFDF-90B56451522B}:\",1,\"C:\\\\Users\\\\huzail\\\\AppData\\\\Local\\\\Packages\\\\Microsoft.ZuneVideo_8wekyb3d8bbwe\\\\LocalState\\\\Database\\\\2e76e513a7eaf3b4\\\\EntClientDb.edb\",0,\"[1] 0.000008 +J(0)\\n[2] 0.001503 -0.000002 (1) WT +J(0) +M(C:0K, Fs:18, WS:8K # 0K, PF:8K # 0K, P:8K)\\n[3] 0.048278 -0.036974 (6) WT +J(CM:0, PgRf:0, Rd:0/0, Dy:0/0, Lg:3480/2) +M(C:0K, Fs:16, WS:56K # 0K, PF:28K # 0K, P:28K)\\n[4] 0.000843 +J(0) +M(C:0K, Fs:1, WS:4K # 0K, PF:0K # 0K, P:0K)\\n[5] -\\n[6] -\\n[7] -\\n[8] 0.003718 -0.000977 (2) CM +J(CM:2, PgRf:2, Rd:14/2, Dy:0/0, Lg:0/0) +M(C:0K, Fs:34, WS:128K # 0K, PF:208K # 0K, P:208K)\\n[9] 0.140715 -0.000929 (5) CM -0.138867 (1) WT +J(CM:5, PgRf:23, Rd:0/5, Dy:0/0, Lg:0/0) +M(C:0K, Fs:227, WS:896K # 0K, PF:520K # 0K, P:520K)\\n[10] 0.000401 -0.000023 (2) CM +J(CM:2, PgRf:40, Rd:0/2, Dy:0/0, Lg:0/0) +M(C:0K, Fs:7, WS:24K # 0K, PF:68K # 0K, P:68K)\\n[11] 0.000032 +J(CM:0, PgRf:1, Rd:0/0, Dy:0/0, Lg:0/0) +M(C:0K, Fs:1, WS:4K # 0K, PF:0K # 0K, P:0K)\\n[12] 0.000133 +J(CM:0, PgRf:42, Rd:0/0, Dy:0/0, Lg:0/0) +M(C:0K, Fs:3, WS:12K # 0K, PF:0K # 0K, P:0K)\\n[13] 0.000003 +J(0)\\n[14] 0.000002 +J(0)\\n[15] 0.000019 +J(CM:0, PgRf:1, Rd:0/0, Dy:0/0, Lg:0/0).\",\"0 0\",\"lgposAttach = 00000002:00A5:0268,\\ndbv = 1568.20.0\"]},\"System\":{\"Channel\":\"Application\",\"Computer\":\"Chotu\",\"Correlation\":{},\"EventID\":{\"#text\":326,\"@Qualifiers\":0},\"EventRecordID\":33059,\"Execution\":{\"@ProcessID\":0,\"@ThreadID\":0},\"Keywords\":\"0x80000000000000\",\"Level\":4,\"Opcode\":0,\"Provider\":{\"@Name\":\"ESENT\"},\"Security\":{},\"Task\":1,\"TimeCreated\":{\"@SystemTime\":\"2020-11-21T16:27:31.7577175Z\"},\"Version\":0}}}", "{\"Event\":{\"EventData\":{\"Data\":[\"Video.UI\",\"10448,D,12\",\"{EC3A64AD-AD65-401B-BFDF-90B56451522B}:\",\"0x410022D8 (8920 | JET_efvAllowHigherPersistedFormat)\",\"9080 (0x2378)\",\"1568.20.0\"]},\"System\":{\"Channel\":\"Application\",\"Computer\":\"Chotu\",\"Correlation\":{},\"EventID\":{\"#text\":642,\"@Qualifiers\":0},\"EventRecordID\":33060,\"Execution\":{\"@ProcessID\":0,\"@ThreadID\":0},\"Keywords\":\"0x80000000000000\",\"Level\":3,\"Opcode\":0,\"Provider\":{\"@Name\":\"ESENT\"},\"Security\":{},\"Task\":1,\"TimeCreated\":{\"@SystemTime\":\"2020-11-21T16:27:31.8216778Z\"},\"Version\":0}}}", "{\"Event\":{\"EventData\":{\"Data\":[\"Video.UI\",\"10448,D,2\",\"{EC3A64AD-AD65-401B-BFDF-90B56451522B}:\",\"C:\\\\Users\\\\huzail\\\\AppData\\\\Local\\\\Packages\\\\Microsoft.ZuneVideo_8wekyb3d8bbwe\\\\LocalState\\\\Database\\\\2e76e513a7eaf3b4\\\\tmp.edb\",\"0x410022D8 (8920 | JET_efvAllowHigherPersistedFormat)\",\"8920 (0x22d8)\",\"9180 (0x23dc)\"]},\"System\":{\"Channel\":\"Application\",\"Computer\":\"Chotu\",\"Correlation\":{},\"EventID\":{\"#text\":330,\"@Qualifiers\":0},\"EventRecordID\":33061,\"Execution\":{\"@ProcessID\":0,\"@ThreadID\":0},\"Keywords\":\"0x80000000000000\",\"Level\":4,\"Opcode\":0,\"Provider\":{\"@Name\":\"ESENT\"},\"Security\":{},\"Task\":1,\"TimeCreated\":{\"@SystemTime\":\"2020-11-21T16:27:32.0535366Z\"},\"Version\":0}}}", "{\"Event\":{\"EventData\":{\"Data\":[\"Video.UI\",\"10448,D,2\",\"{EC3A64AD-AD65-401B-BFDF-90B56451522B}:\",\"0x410022D8 (8920 | JET_efvAllowHigherPersistedFormat)\",\"9180 (0x23dc)\",\"1568.20.0\"]},\"System\":{\"Channel\":\"Application\",\"Computer\":\"Chotu\",\"Correlation\":{},\"EventID\":{\"#text\":642,\"@Qualifiers\":0},\"EventRecordID\":33062,\"Execution\":{\"@ProcessID\":0,\"@ThreadID\":0},\"Keywords\":\"0x80000000000000\",\"Level\":3,\"Opcode\":0,\"Provider\":{\"@Name\":\"ESENT\"},\"Security\":{},\"Task\":1,\"TimeCreated\":{\"@SystemTime\":\"2020-11-21T16:27:32.0535366Z\"},\"Version\":0}}}", "{\"Event\":{\"EventData\":{\"Data\":[\"Video.UI\",\"10448,D,2\",\"{EC3A64AD-AD65-401B-BFDF-90B56451522B}:\",\"0x410022D8 (8920 | JET_efvAllowHigherPersistedFormat)\",\"9080 (0x2378)\",\"1568.20.0\"]},\"System\":{\"Channel\":\"Application\",\"Computer\":\"Chotu\",\"Correlation\":{},\"EventID\":{\"#text\":642,\"@Qualifiers\":0},\"EventRecordID\":33063,\"Execution\":{\"@ProcessID\":0,\"@ThreadID\":0},\"Keywords\":\"0x80000000000000\",\"Level\":3,\"Opcode\":0,\"Provider\":{\"@Name\":\"ESENT\"},\"Security\":{},\"Task\":1,\"TimeCreated\":{\"@SystemTime\":\"2020-11-21T16:27:32.0545356Z\"},\"Version\":0}}}", "{\"Event\":{\"EventData\":{\"Data\":[\"Windows Defender\",\"SECURITY_PRODUCT_STATE_ON\"]},\"System\":{\"Channel\":\"Application\",\"Computer\":\"Chotu\",\"Correlation\":{},\"EventID\":{\"#text\":15,\"@Qualifiers\":0},\"EventRecordID\":33064,\"Execution\":{\"@ProcessID\":0,\"@ThreadID\":0},\"Keywords\":\"0x80000000000000\",\"Level\":4,\"Opcode\":0,\"Provider\":{\"@Name\":\"SecurityCenter\"},\"Security\":{},\"Task\":0,\"TimeCreated\":{\"@SystemTime\":\"2020-11-21T16:28:35.1437573Z\"},\"Version\":0}}}", "{\"Event\":{\"EventData\":{\"Data\":\"GitHub credentials for \'https://github.com/\' successfully retrieved.\"},\"System\":{\"Channel\":\"Application\",\"Computer\":\"Chotu\",\"Correlation\":{},\"EventID\":{\"#text\":0,\"@Qualifiers\":0},\"EventRecordID\":33065,\"Execution\":{\"@ProcessID\":0,\"@ThreadID\":0},\"Keywords\":\"0xa0000000000000\",\"Level\":0,\"Opcode\":0,\"Provider\":{\"@Name\":\"Git Credential Manager\"},\"Security\":{},\"Task\":0,\"TimeCreated\":{\"@SystemTime\":\"2020-11-21T16:32:45.5928133Z\"},\"Version\":0}}}", "{\"Event\":{\"EventData\":{},\"System\":{\"Channel\":\"Application\",\"Computer\":\"Chotu\",\"Correlation\":{},\"EventID\":{\"#text\":16394,\"@Qualifiers\":49152},\"EventRecordID\":33066,\"Execution\":{\"@ProcessID\":0,\"@ThreadID\":0},\"Keywords\":\"0x80000000000000\",\"Level\":4,\"Opcode\":0,\"Provider\":{\"@EventSourceName\":\"Software Protection Platform Service\",\"@Guid\":\"{E23B33B0-C8C9-472C-A5F9-F2BDFEA0F156}\",\"@Name\":\"Microsoft-Windows-Security-SPP\"},\"Security\":{},\"Task\":0,\"TimeCreated\":{\"@SystemTime\":\"2020-11-21T16:32:58.6377937Z\"},\"Version\":0}}}", "{\"Event\":{\"EventData\":{\"Data\":[\"2020-11-21T17:57:29Z\",\"RulesEngine\"]},\"System\":{\"Channel\":\"Application\",\"Computer\":\"Chotu\",\"Correlation\":{},\"EventID\":{\"#text\":16384,\"@Qualifiers\":16384},\"EventRecordID\":33067,\"Execution\":{\"@ProcessID\":0,\"@ThreadID\":0},\"Keywords\":\"0x80000000000000\",\"Level\":4,\"Opcode\":0,\"Provider\":{\"@EventSourceName\":\"Software Protection Platform Service\",\"@Guid\":\"{E23B33B0-C8C9-472C-A5F9-F2BDFEA0F156}\",\"@Name\":\"Microsoft-Windows-Security-SPP\"},\"Security\":{},\"Task\":0,\"TimeCreated\":{\"@SystemTime\":\"2020-11-21T16:33:34.0880037Z\"},\"Version\":0}}}", "{\"Event\":{\"EventData\":{\"Data\":[\"Windows Defender\",\"SECURITY_PRODUCT_STATE_ON\"]},\"System\":{\"Channel\":\"Application\",\"Computer\":\"Chotu\",\"Correlation\":{},\"EventID\":{\"#text\":15,\"@Qualifiers\":0},\"EventRecordID\":33068,\"Execution\":{\"@ProcessID\":0,\"@ThreadID\":0},\"Keywords\":\"0x80000000000000\",\"Level\":4,\"Opcode\":0,\"Provider\":{\"@Name\":\"SecurityCenter\"},\"Security\":{},\"Task\":0,\"TimeCreated\":{\"@SystemTime\":\"2020-11-21T16:34:41.7144355Z\"},\"Version\":0}}}", "{\"Event\":{\"EventData\":{\"Data\":[\"Windows Defender\",\"SECURITY_PRODUCT_STATE_ON\"]},\"System\":{\"Channel\":\"Application\",\"Computer\":\"Chotu\",\"Correlation\":{},\"EventID\":{\"#text\":15,\"@Qualifiers\":0},\"EventRecordID\":33069,\"Execution\":{\"@ProcessID\":0,\"@ThreadID\":0},\"Keywords\":\"0x80000000000000\",\"Level\":4,\"Opcode\":0,\"Provider\":{\"@Name\":\"SecurityCenter\"},\"Security\":{},\"Task\":0,\"TimeCreated\":{\"@SystemTime\":\"2020-11-21T16:34:43.7411910Z\"},\"Version\":0}}}", "{\"Event\":{\"EventData\":{\"Data\":\"GitHub credentials for \'https://github.com/\' successfully retrieved.\"},\"System\":{\"Channel\":\"Application\",\"Computer\":\"Chotu\",\"Correlation\":{},\"EventID\":{\"#text\":0,\"@Qualifiers\":0},\"EventRecordID\":33070,\"Execution\":{\"@ProcessID\":0,\"@ThreadID\":0},\"Keywords\":\"0xa0000000000000\",\"Level\":0,\"Opcode\":0,\"Provider\":{\"@Name\":\"Git Credential Manager\"},\"Security\":{},\"Task\":0,\"TimeCreated\":{\"@SystemTime\":\"2020-11-21T16:35:59.6225488Z\"},\"Version\":0}}}", "{\"Event\":{\"EventData\":{\"Data\":\"GitHub credentials for \'https://github.com/\' successfully retrieved.\"},\"System\":{\"Channel\":\"Application\",\"Computer\":\"Chotu\",\"Correlation\":{},\"EventID\":{\"#text\":0,\"@Qualifiers\":0},\"EventRecordID\":33071,\"Execution\":{\"@ProcessID\":0,\"@ThreadID\":0},\"Keywords\":\"0xa0000000000000\",\"Level\":0,\"Opcode\":0,\"Provider\":{\"@Name\":\"Git Credential Manager\"},\"Security\":{},\"Task\":0,\"TimeCreated\":{\"@SystemTime\":\"2020-11-21T16:39:05.6392162Z\"},\"Version\":0}}}", "{\"Event\":{\"EventData\":{\"Data\":\"GitHub credentials for \'https://github.com/\' successfully retrieved.\"},\"System\":{\"Channel\":\"Application\",\"Computer\":\"Chotu\",\"Correlation\":{},\"EventID\":{\"#text\":0,\"@Qualifiers\":0},\"EventRecordID\":33072,\"Execution\":{\"@ProcessID\":0,\"@ThreadID\":0},\"Keywords\":\"0xa0000000000000\",\"Level\":0,\"Opcode\":0,\"Provider\":{\"@Name\":\"Git Credential Manager\"},\"Security\":{},\"Task\":0,\"TimeCreated\":{\"@SystemTime\":\"2020-11-21T16:42:12.4104686Z\"},\"Version\":0}}}", "{\"Event\":{\"EventData\":{},\"System\":{\"Channel\":\"Application\",\"Computer\":\"Chotu\",\"Correlation\":{},\"EventID\":{\"#text\":16394,\"@Qualifiers\":49152},\"EventRecordID\":33073,\"Execution\":{\"@ProcessID\":0,\"@ThreadID\":0},\"Keywords\":\"0x80000000000000\",\"Level\":4,\"Opcode\":0,\"Provider\":{\"@EventSourceName\":\"Software Protection Platform Service\",\"@Guid\":\"{E23B33B0-C8C9-472C-A5F9-F2BDFEA0F156}\",\"@Name\":\"Microsoft-Windows-Security-SPP\"},\"Security\":{},\"Task\":0,\"TimeCreated\":{\"@SystemTime\":\"2020-11-21T16:43:53.3004933Z\"},\"Version\":0}}}", "{\"Event\":{\"EventData\":{\"Data\":[\"2020-11-21T17:57:23Z\",\"RulesEngine\"]},\"System\":{\"Channel\":\"Application\",\"Computer\":\"Chotu\",\"Correlation\":{},\"EventID\":{\"#text\":16384,\"@Qualifiers\":16384},\"EventRecordID\":33074,\"Execution\":{\"@ProcessID\":0,\"@ThreadID\":0},\"Keywords\":\"0x80000000000000\",\"Level\":4,\"Opcode\":0,\"Provider\":{\"@EventSourceName\":\"Software Protection Platform Service\",\"@Guid\":\"{E23B33B0-C8C9-472C-A5F9-F2BDFEA0F156}\",\"@Name\":\"Microsoft-Windows-Security-SPP\"},\"Security\":{},\"Task\":0,\"TimeCreated\":{\"@SystemTime\":\"2020-11-21T16:44:23.9959639Z\"},\"Version\":0}}}", "{\"Event\":{\"EventData\":{\"Data\":[\"Windows Defender\",\"SECURITY_PRODUCT_STATE_ON\"]},\"System\":{\"Channel\":\"Application\",\"Computer\":\"Chotu\",\"Correlation\":{},\"EventID\":{\"#text\":15,\"@Qualifiers\":0},\"EventRecordID\":33075,\"Execution\":{\"@ProcessID\":0,\"@ThreadID\":0},\"Keywords\":\"0x80000000000000\",\"Level\":4,\"Opcode\":0,\"Provider\":{\"@Name\":\"SecurityCenter\"},\"Security\":{},\"Task\":0,\"TimeCreated\":{\"@SystemTime\":\"2020-11-21T16:44:41.9131455Z\"},\"Version\":0}}}", "{\"Event\":{\"EventData\":{\"Data\":\"GitHub credentials for \'https://github.com/\' successfully retrieved.\"},\"System\":{\"Channel\":\"Application\",\"Computer\":\"Chotu\",\"Correlation\":{},\"EventID\":{\"#text\":0,\"@Qualifiers\":0},\"EventRecordID\":33076,\"Execution\":{\"@ProcessID\":0,\"@ThreadID\":0},\"Keywords\":\"0xa0000000000000\",\"Level\":0,\"Opcode\":0,\"Provider\":{\"@Name\":\"Git Credential Manager\"},\"Security\":{},\"Task\":0,\"TimeCreated\":{\"@SystemTime\":\"2020-11-21T16:45:17.9441141Z\"},\"Version\":0}}}", "{\"Event\":{\"EventData\":{\"Data\":\"GitHub credentials for \'https://github.com/\' successfully retrieved.\"},\"System\":{\"Channel\":\"Application\",\"Computer\":\"Chotu\",\"Correlation\":{},\"EventID\":{\"#text\":0,\"@Qualifiers\":0},\"EventRecordID\":33077,\"Execution\":{\"@ProcessID\":0,\"@ThreadID\":0},\"Keywords\":\"0xa0000000000000\",\"Level\":0,\"Opcode\":0,\"Provider\":{\"@Name\":\"Git Credential Manager\"},\"Security\":{},\"Task\":0,\"TimeCreated\":{\"@SystemTime\":\"2020-11-21T16:47:47.1090513Z\"},\"Version\":0}}}", "{\"Event\":{\"EventData\":{\"Data\":\"GitHub credentials for \'https://github.com/\' successfully retrieved.\"},\"System\":{\"Channel\":\"Application\",\"Computer\":\"Chotu\",\"Correlation\":{},\"EventID\":{\"#text\":0,\"@Qualifiers\":0},\"EventRecordID\":33078,\"Execution\":{\"@ProcessID\":0,\"@ThreadID\":0},\"Keywords\":\"0xa0000000000000\",\"Level\":0,\"Opcode\":0,\"Provider\":{\"@Name\":\"Git Credential Manager\"},\"Security\":{},\"Task\":0,\"TimeCreated\":{\"@SystemTime\":\"2020-11-21T16:48:23.9384399Z\"},\"Version\":0}}}", "{\"Event\":{\"EventData\":{\"Data\":\"GitHub credentials for \'https://github.com/\' successfully retrieved.\"},\"System\":{\"Channel\":\"Application\",\"Computer\":\"Chotu\",\"Correlation\":{},\"EventID\":{\"#text\":0,\"@Qualifiers\":0},\"EventRecordID\":33079,\"Execution\":{\"@ProcessID\":0,\"@ThreadID\":0},\"Keywords\":\"0xa0000000000000\",\"Level\":0,\"Opcode\":0,\"Provider\":{\"@Name\":\"Git Credential Manager\"},\"Security\":{},\"Task\":0,\"TimeCreated\":{\"@SystemTime\":\"2020-11-21T16:51:29.8570008Z\"},\"Version\":0}}}", "{\"Event\":{\"EventData\":{},\"System\":{\"Channel\":\"Application\",\"Computer\":\"Chotu\",\"Correlation\":{},\"EventID\":{\"#text\":16394,\"@Qualifiers\":49152},\