"EventRecordID\":33535,\"Execution\":{\"@ProcessID\":0,\"@ThreadID\":0},\"Keywords\":\"0x80000000000000\",\"Level\":4,\"Opcode\":0,\"Provider\":{\"@EventSourceName\":\"Software Protection Platform Service\",\"@Guid\":\"{E23B33B0-C8C9-472C-A5F9-F2BDFEA0F156}\",\"@Name\":\"Microsoft-Windows-Security-SPP\"},\"Security\":{},\"Task\":0,\"TimeCreated\":{\"@SystemTime\":\"2020-11-26T09:15:05.4374137Z\"},\"Version\":0}}}", "{\"Event\":{\"EventData\":{\"Data\":[\"55c92734-d682-4d71-983e-d6ec3f16059f\",\"1: 040fa323-92b1-4baf-97a2-5b67feaefddb, 1, 0 [(0 [0xC004F014, 0, 0], [(?)(?)(?)(?)(?)(?)(?)(?)])(1 )(2 )(3 )]\\n2: 0724cb7d-3437-4cb7-93cb-830375d0079d, 1, 0 [(0 [0xC004F014, 0, 0], [(?)(?)(?)(?)(?)(?)(?)(?)])(1 )(2 )(3 )]\\n3: 0ad2ac98-7bb9-4201-8d92-312299201369, 1, 0 [(0 [0xC004F014, 0, 0], [(?)(?)(?)(?)(?)(?)(?)(?)])(1 )(2 )(3 )]\\n4: 1a9a717a-cf13-4ba5-83c3-0fe25fa868d5, 1, 0 [(0 [0xC004F014, 0, 0], [(?)(?)(?)(?)(?)(?)(?)(?)])(1 )(2 )(3 )]\\n5: 221a02da-e2a1-4b75-864c-0a4410a33fdf, 1, 0 [(0 [0xC004F014, 0, 0], [(?)(?)(?)(?)(?)(?)(?)(?)])(1 )(2 )(3 )]\\n6: 291ece0e-9c38-40ca-a9e1-32cc7ec19507, 1, 0 [(0 [0xC004F014, 0, 0], [(?)(?)(?)(?)(?)(?)(?)(?)])(1 )(2 )(3 )]\\n7: 2936d1d2-913a-4542-b54e-ce5a602a2a38, 1, 0 [(0 [0xC004F014, 0, 0], [(?)(?)(?)(?)(?)(?)(?)(?)])(1 )(2 )(3 )]\\n8: 2c293c26-a45a-4a2a-a350-c69a67097529, 1, 0 [(0 [0xC004F014, 0, 0], [(?)(?)(?)(?)(?)(?)(?)(?)])(1 )(2 )(3 )]\\n9: 2de67392-b7a7-462a-b1ca-108dd189f588, 1, 1 [(0 [0x00000000, 1, 0], [(?)( 1 0x00000000)(?)( 2 0x00000000 0 0 msft:rm/algorithm/volume/1.0 0x00000000 259146)(?)(?)( 10 0x00000000 msft:rm/algorithm/flags/1.0)(?)])(1 )(2 )(3 )]\\n10: 2ffd8952-423e-4903-b993-72a1aa44cf82, 1, 0 [(0 [0xC004F014, 0, 0], [(?)(?)(?)(?)(?)(?)(?)(?)])(1 )(2 )(3 )]\\n11: 30a42c86-b7a0-4a34-8c90-ff177cb2acb7, 1, 0 [(0 [0xC004F014, 0, 0], [(?)(?)(?)(?)(?)(?)(?)(?)])(1 )(2 )(3 )]\\n12: 345a5db0-d94f-4e3b-a0c0-7c42f7bc3ebf, 1, 0 [(0 [0xC004F014, 0, 0], [(?)(?)(?)(?)(?)(?)(?)(?)])(1 )(2 )(3 )]\\n13: 3502365a-f88a-4ba4-822a-5769d3073b65, 1, 0 [(0 [0xC004F014, 0, 0], [(?)(?)(?)(?)(?)(?)(?)(?)])(1 )(2 )(3 )]\\n14: 377333b1-8b5d-48d6-9679-1225c872d37c, 1, 0 [(0 [0xC004F014, 0, 0], [(?)(?)(?)(?)(?)(?)(?)(?)])(1 )(2 )(3 )]\\n15: 3df374ef-d444-4494-a5a1-4b0d9fd0e203, 1, 0 [(0 [0xC004F014, 0, 0], [(?)(?)(?)(?)(?)(?)(?)(?)])(1 )(2 )(3 )]\\n16: 3f1afc82-f8ac-4f6c-8005-1d233e606eee, 1, 0 [(0 [0xC004F014, 0, 0], [(?)(?)(?)(?)(?)(?)(?)(?)])(1 )(2 )(3 )]\\n17: 49cd895b-53b2-4dc4-a5f7-b18aa019ad37, 1, 0 [(0 [0xC004F014, 0, 0], [(?)(?)(?)(?)(?)(?)(?)(?)])(1 )(2 )(3 )]\\n18: 4de7cb65-cdf1-4de9-8ae8-e3cce27b9f2c, 1, 0 [(0 [0xC004F014, 0, 0], [(?)(?)(?)(?)(?)(?)(?)(?)])(1 )(2 )(3 )]\\n19: 4f3da0d2-271d-4508-ae81-626b60809a38, 1, 0 [(0 [0xC004F014, 0, 0], [(?)(?)(?)(?)(?)(?)(?)(?)])(1 )(2 )(3 )]\\n20: 60b3ec1b-9545-4921-821f-311b129dd6f6, 1, 0 [(0 [0xC004F014, 0, 0], [(?)(?)(?)(?)(?)(?)(?)(?)])(1 )(2 )(3 )]\\n21: 613d217f-7f13-4268-9907-1662339531cd, 1, 0 [(0 [0xC004F014, 0, 0], [(?)(?)(?)(?)(?)(?)(?)(?)])(1 )(2 )(3 )]\\n22: 62f0c100-9c53-4e02-b886-a3528ddfe7f6, 1, 0 [(0 [0xC004F014, 0, 0], [(?)(?)(?)(?)(?)(?)(?)(?)])(1 )(2 )(3 )]\\n23: 6365275e-368d-46ca-a0ef-fc0404119333, 1, 0 [(0 [0xC004F014, 0, 0], [(?)(?)(?)(?)(?)(?)(?)(?)])(1 )(2 )(3 )]\\n24: 721f9237-9341-4453-a661-09e8baa6cca5, 1, 0 [(0 [0xC004F014, 0, 0], [(?)(?)(?)(?)(?)(?)(?)(?)])(1 )(2 )(3 )]\\n25: 73111121-5638-40f6-bc11-f1d7b0d64300, 1, 0 [(0 [0xC004F014, 0, 0], [(?)(?)(?)(?)(?)(?)(?)(?)])(1 )(2 )(3 )]\\n26: 7a802526-4c94-4bd1-ba14-835a1aca2120, 1, 0 [(0 [0xC004F014, 0, 0], [(?)(?)(?)(?)(?)(?)(?)(?)])(1 )(2 )(3 )]\\n27: 7cb546c0-c7d5-44d8-9a5c-69ecdd782b69, 1, 0 [(0 [0xC004F014, 0, 0], [(?)(?)(?)(?)(?)(?)(?)(?)])(1 )(2 )(3 )]\\n28: 82bbc092-bc50-4e16-8e18-b74fc486aec3, 1, 0 [(0 [0xC004F014, 0, 0], [(?)(?)(?)(?)(?)(?)(?)(?)])(1 )(2 )(3 )]\\n29: 8ab9bdd1-1f67-4997-82d9-8878520837d9, 1, 0 [(0 [0xC004F014, 0, 0], [(?)(?)(?)(?)(?)(?)(?)(?)])(1 )(2 )(3 )]\\n30: 8b351c9c-f398-4515-9900-09df49427262, 1, 0 [(0 [0xC004F014, 0, 0], [(?)(?)(?)(?)(?)(?)(?)(?)])(1 )(2 )(3 )]\\n31: 90da7373-1c51-430b-bf26-c97e9c5cdc31, 1, 0 [(0 [0xC004F014, 0, 0], [(?)(?)(?)(?)(?)(?)(?)(?)])(1 )(2 )(3 )]\\n32: 95dca82f-385d-4d39-b85b-5c73fa285d6f, 1, 0 [(0 [0xC004F014, 0, 0], [(?)(?)(?)(?)(?)(?)(?)(?)])(1 )(2 )(3 )]\\n33: a48938aa-62fa-4966-9d44-9f04da3f72f2, 1, 0 [(0 [0xC004F014, 0, 0], [(?)(?)(?)(?)(?)(?)(?)(?)])(1 )(2 )(3 )]\\n34: b0773a15-df3a-4312-9ad2-83d69648e356, 1, 0 [(0 [0xC004F014, 0, 0], [(?)(?)(?)(?)(?)(?)(?)(?)])(1 )(2 )(3 )]\\n35: b4bfe195-541e-4e64-ad23-6177f19e395e, 1, 0 [(0 [0xC004F014, 0, 0], [(?)(?)(?)(?)(?)(?)(?)(?)])(1 )(2 )(3 )]\\n36: b68e61d2-68ca-4757-be45-0cc2f3e68eee, 1, 0 [(0 [0xC004F014, 0, 0], [(?)(?)(?)(?)(?)(?)(?)(?)])(1 )(2 )(3 )]\\n37: bd3762d7-270d-4760-8fb3-d829ca45278a, 1, 0 [(0 [0xC004F014, 0, 0], [(?)(?)(?)(?)(?)(?)(?)(?)])(1 )(2 )(3 )]\\n38: c86d5194-4840-4dae-9c1c-0301003a5ab0, 1, 0 [(0 [0xC004F014, 0, 0], [(?)(?)(?)(?)(?)(?)(?)(?)])(1 )(2 )(3 )]\\n39: d552befb-48cc-4327-8f39-47d2d94f987c, 1, 0 [(0 [0xC004F014, 0, 0], [(?)(?)(?)(?)(?)(?)(?)(?)])(1 )(2 )(3 )]\\n40: d6eadb3b-5ca8-4a6b-986e-35b550756111, 1, 0 [(0 [0xC004F014, 0, 0], [(?)(?)(?)(?)(?)(?)(?)(?)])(1 )(2 )(3 )]\\n41: df96023b-dcd9-4be2-afa0-c6c871159ebe, 1, 0 [(0 [0xC004F014, 0, 0], [(?)(?)(?)(?)(?)(?)(?)(?)])(1 )(2 )(3 )]\\n42: e0c42288-980c-4788-a014-c080d2e1926e, 1, 0 [(0 [0xC004F014, 0, 0], [(?)(?)(?)(?)(?)(?)(?)(?)])(1 )(2 )(3 )]\\n43: e4db50ea-bda1-4566-b047-0ca50abc6f07, 1, 0 [(0 [0xC004F014, 0, 0], [(?)(?)(?)(?)(?)(?)(?)(?)])(1 )(2 )(3 )]\\n44: e558417a-5123-4f6f-91e7-385c1c7ca9d4, 1, 0 [(0 [0xC004F014, 0, 0], [(?)(?)(?)(?)(?)(?)(?)(?)])(1 )(2 )(3 )]\\n45: e7a950a2-e548-4f10-bf16-02ec848e0643, 1, 0 [(0 [0xC004F014, 0, 0], [(?)(?)(?)(?)(?)(?)(?)(?)])(1 )(2 )(3 )]\\n46: eb6d346f-1c60-4643-b960-40ec31596c45, 1, 0 [(0 [0xC004F014, 0, 0], [(?)(?)(?)(?)(?)(?)(?)(?)])(1 )(2 )(3 )]\\n47: ec868e65-fadf-4759-b23e-93fe37f2cc29, 1, 0 [(0 [0xC004F014, 0, 0], [(?)(?)(?)(?)(?)(?)(?)(?)])(1 )(2 )(3 )]\\n48: ef51e000-2659-4f25-8345-3de70a9cf4c4, 1, 0 [(0 [0xC004F014, 0, 0], [(?)(?)(?)(?)(?)(?)(?)(?)])(1 )(2 )(3 )]\\n49: f7af7d09-40e4-419c-a49b-eae366689ebd, 1, 0 [(0 [0xC004F014, 0, 0], [(?)(?)(?)(?)(?)(?)(?)(?)])(1 )(2 )(3 )]\\n50: fa755fe6-6739-40b9-8d84-6d0ea3b6d1ab, 1, 0 [(0 [0xC004F014, 0, 0], [(?)(?)(?)(?)(?)(?)(?)(?)])(1 )(2 )(3 )]\\n51: fe74f55b-0338-41d6-b267-4a201abe7285, 1, 0 [(0 [0xC004F014, 0, 0], [(?)(?)(?)(?)(?)(?)(?)(?)])(1 )(2 )(3 )]\"]},\"System\":{\"Channel\":\"Application\",\"Computer\":\"Chotu\",\"Correlation\":{},\"EventID\":{\"#text\":1003,\"@Qualifiers\":16384},\"EventRecordID\":33536,\"Execution\":{\"@ProcessID\":0,\"@ThreadID\":0},\"Keywords\":\"0x80000000000000\",\"Level\":4,\"Opcode\":0,\"Provider\":{\"@EventSourceName\":\"Software Protection Platform Service\",\"@Guid\":\"{E23B33B0-C8C9-472C-A5F9-F2BDFEA0F156}\",\"@Name\":\"Microsoft-Windows-Security-SPP\"},\"Security\":{},\"Task\":0,\"TimeCreated\":{\"@SystemTime\":\"2020-11-26T09:15:05.9998715Z\"},\"Version\":0}}}", "{\"Event\":{\"EventData\":{\"Data\":\"10.0.19041.546\"},\"System\":{\"Channel\":\"Application\",\"Computer\":\"Chotu\",\"Correlation\":{},\"EventID\":{\"#text\":902,\"@Qualifiers\":16384},\"EventRecordID\":33537,\"Execution\":{\"@ProcessID\":0,\"@ThreadID\":0},\"Keywords\":\"0x80000000000000\",\"Level\":0,\"Opcode\":0,\"Provider\":{\"@EventSourceName\":\"Software Protection Platform Service\",\"@Guid\":\"{E23B33B0-C8C9-472C-A5F9-F2BDFEA0F156}\",\"@Name\":\"Microsoft-Windows-Security-SPP\"},\"Security\":{},\"Task\":0,\"TimeCreated\":{\"@SystemTime\":\"2020-11-26T09:15:06.1404945Z\"},\"Version\":0}}}", "{\"Event\":{\"EventData\":{\"Data\":[\"SynTPEnhService\",\"Session Changed User Log on\"]},\"System\":{\"Channel\":\"Application\",\"Computer\":\"Chotu\",\"Correlation\":{},\"EventID\":{\"#text\":0,\"@Qualifiers\":0},\"EventRecordID\":33538,\"Execution\":{\"@ProcessID\":0,\"@ThreadID\":0},\"Keywords\":\"0x80000000000000\",\"Level\":4,\"Opcode\":0,\"Provider\":{\"@Name\":\"SynTPEnhService\"},\"Security\":{},\"Task\":0,\"TimeCreated\":{\"@SystemTime\":\"2020-11-26T09:15:26.1555465Z\"},\"Version\":0}}}", "{\"Event\":{\"EventData\":{\"Data\":[\"SynTPEnhService\",\"Log on New Session:1 Launch Enh\"]},\"System\":{\"Channel\":\"Application\",\"Computer\":\"Chotu\",\"Correlation\":{},\"EventID\":{\"#text\":0,\"@Qualifiers\":0},\"EventRecordID\":33539,\"Execution\":{\"@ProcessID\":0,\"@ThreadID\":0},\"Keywords\":\"0x80000000000000\",\"Level\":4,\"Opcode\":0,\"Provider\":{\"@Name\":\"SynTPEnhService\"},\"Security\":{},\"Task\":0,\"TimeCreated\":{\"@SystemTime\":\"2020-11-26T09:15:26.1555465Z\"},\"Version\":0}}}", "{\"Event\":{\"EventData\":{\"Binary\":\"D9060000\",\"Data\":\"SessionEnv\"},\"System\":{\"Channel\":\"Application\",\"Computer\":\"Chotu\",\"Correlation\":{},\"EventID\":{\"#text\":6000,\"@Qualifiers\":32768},\"EventRecordID\":33540,\"Execution\":{\"@ProcessID\":0,\"@ThreadID\":0},\"Keywords\":\"0x80000000000000\",\"Level\":4,\"Opcode\":0,\"Provider\":{\"@EventSourceName\":\"Wlclntfy\",\"@Guid\":\"{DBE9B383-7CF3-4331-91CC-A3CB16A3B538}\",\"@Name\":\"Microsoft-Windows-Winlogon\"},\"Security\":{},\"Task\":0,\"TimeCreated\":{\"@SystemTime\":\"2020-11-26T09:15:26.2492940Z\"},\"Version\":0}}}", "{\"Event\":{\"EventData\":{\"Data\":[\"SynTPEnhService\",\"CEnhanceCallerService::Update: Message1: 26, Message2:28\"]},\"System\":{\"Channel\":\"Application\",\"Computer\":\"Chotu\",\"Correlation\":{},\"EventID\":{\"#text\":0,\"@Qualifiers\":0},\"EventRecordID\":33541,\"Execution\":{\"@ProcessID\":0,\"@ThreadID\":0},\"Keywords\":\"0x80000000000000\",\"Level\":4,\"Opcode\":0,\"Provider\":{\"@Name\":\"SynTPEnhService\"},\"Security\":{},\"Task\":0,\"TimeCreated\":{\"@SystemTime\":\"2020-11-26T09:15:30.9522908Z\"},\"Version\":0}}}", "{\"Event\":{\"EventData\":{\"Data\":[\"SynTPEnhService\",\"CEnhanceCallerService::Update: SessionID: 1\"]},\"System\":{\"Channel\":\"Application\",\"Computer\":\"Chotu\",\"Correlation\":{},\"EventID\":{\"#text\":0,\"@Qualifiers\":0},\"EventRecordID\":33542,\"Execution\":{\"@ProcessID\":0,\"@ThreadID\":0},\"Keywords\":\"0x80000000000000\",\"Level\":4,\"Opcode\":0,\"Provider\":{\"@Name\":\"SynTPEnhService\"},\"Security\":{},\"Task\":0,\"TimeCreated\":{\"@SystemTime\":\"2020-11-26T09:15:30.9522908Z\"},\"Version\":0}}}", "{\"Event\":{\"EventData\":{\"Data\":[\"SearchIndexer\",\"784,P,98\",\"Windows:\",0,10,0,19042,0]},\"System\":{\"Channel\":\"Application\",\"Computer\":\"Chotu\",\"Correlation\":{},\"EventID\":{\"#text\":102,\"@Qualifiers\":0},\"EventRecordID\":33543,\"Execution\":{\"@ProcessID\":0,\"@ThreadID\":0},\"Keywords\":\"0x80000000000000\",\"Level\":4,\"Opcode\":0,\"Provider\":{\"@Name\":\"ESENT\"},\"Security\":{},\"Task\":1,\"TimeCreated\":{\"@SystemTime\":\"2020-11-26T09:15:51.0155948Z\"},\"Version\":0}}}", "{\"Event\":{\"EventData\":{\"Data\":[\"SearchIndexer\",\"784,D,0\",\"Windows:\",0,1,\"[1] 0.001382 +J(0) +M(C:0K, Fs:188, WS:736K # 736K, PF:5084K # 5084K, P:5084K)\\n[2] 0.000654 +J(0) +M(C:0K, Fs:170, WS:676K # 676K, PF:408K # 408K, P:408K)\\n[3] 0.000089 +J(0) +M(C:0K, Fs:12, WS:44K # 44K, PF:68K # 68K, P:68K)\\n[4] 0.000249 +J(0) +M(C:0K, Fs:27, WS:108K # 108K, PF:356K # 356K, P:356K)\\n[5] 0.002219 +J(0) +M(C:0K, Fs:11, WS:44K # 44K, PF:24K # 32K, P:24K)\\n[6] 0.212790 +J(0) +M(C:0K, Fs:38, WS:152K # 152K, PF:88K # 80K, P:88K)\\n[7] 0.350287 -0.000007 (2) WT +J(0) +M(C:0K, Fs:271, WS:1084K # 1084K, PF:1024K # 1024K, P:1024K)\\n[8] -\\n[9] -\\n[10] -\\n[11] -\\n[12] -\\n[13] 1.057896 -0.000002 (2) WT +J(CM:0, PgRf:0, Rd:0/0, Dy:0/0, Lg:616/1) +M(C:0K, Fs:9, WS:-1000K # 24K, PF:-1020K # 16K, P:-1020K)\\n[14] 0.000055 +J(0)\\n[15] 0.000447 +J(0) +M(C:0K, Fs:64, WS:256K # 0K, PF:64K # 0K, P:64K)\\n[16] 0.000520 -0.000002 (1) WT +J(0) +M(C:0K, Fs:2, WS:0K # 0K, PF:0K # 0K, P:0K).\",{}]},\"System\":{\"Channel\":\"Application\",\"Computer\":\"Chotu\",\"Correlation\":{},\"EventID\":{\"#text\":105,\"@Qualifiers\":0},\"EventRecordID\":33544,\"Execution\":{\"@ProcessID\":0,\"@ThreadID\":0},\"Keywords\":\"0x80000000000000\",\"Level\":4,\"Opcode\":0,\"Provider\":{\"@Name\":\"ESENT\"},\"Security\":{},\"Task\":1,\"TimeCreated\":{\"@SystemTime\":\"2020-11-26T09:15:52.6249267Z\"},\"Version\":0}}}", "{\"Event\":{\"EventData\":{\"Data\":[\"SearchIndexer\",\"784,D,50\",\"Windows:\",1,\"C:\\\\ProgramData\\\\Microsoft\\\\Search\\\\Data\\\\Applications\\\\Windows\\\\Windows.edb\",1,\"[1] 0.000025 +J(0) +M(C:0K, Fs:1, WS:4K # 0K, PF:0K # 0K, P:0K)\\n[2] 0.168694 -0.167810 (1) WT +J(0) +M(C:0K, Fs:24, WS:32K # 0K, PF:32K # 0K, P:32K)\\n[3] 0.063231 -0.002462 (6) WT +J(CM:0, PgRf:0, Rd:0/0, Dy:0/0, Lg:3480/2) +M(C:0K, Fs:42, WS:128K # 0K, PF:148K # 0K, P:148K)\\n[4] 0.000183 +J(0) +M(C:0K, Fs:1, WS:4K # 0K, PF:0K # 0K, P:0K)\\n[5] -\\n[6] -\\n[7] -\\n[8] 0.426499 -0.425865 (2) CM +J(CM:2, PgRf:2, Rd:14/2, Dy:0/0, Lg:54/1) +M(C:0K, Fs:45, WS:176K # 0K, PF:664K # 0K, P:664K)\\n[9] 0.341665 -0.034113 (5) CM -0.306501 (1) WT +J(CM:5, PgRf:23, Rd:0/5, Dy:0/0, Lg:0/0) +M(C:0K, Fs:72, WS:288K # 0K, PF:288K # 164K, P:288K)\\n[10] 0.000638 -0.000375 (1) CM +J(CM:1, PgRf:40, Rd:0/1, Dy:0/0, Lg:0/0) +M(C:0K, Fs:11, WS:44K # 0K, PF:96K # 96K, P:96K)\\n[11] 0.000025 +J(CM:0, PgRf:1, Rd:0/0, Dy:0/0, Lg:0/0) +M(C:0K, Fs:1, WS:4K # 0K, PF:0K # 0K, P:0K)\\n[12] 0.000104 +J(CM:0, PgRf:42, Rd:0/0, Dy:0/0, Lg:0/0) +M(C:0K, Fs:3, WS:12K # 12K, PF:0K # 0K, P:0K)\\n[13] 0.000002 +J(0)\\n[14] 0.000001 +J(0)\\n[15] 0.000014 +J(CM:0, PgRf:1, Rd:0/0, Dy:0/0, Lg:0/0).\",\"0 0\",\"lgposAttach = 00000A9C:0026:0268,\\ndbv = 1568.110.240\"]},\"System\":{\"Channel\":\"Application\",\"Computer\":\"Chotu\",\"Correlation\":{},\"EventID\":{\"#text\":326,\"@Qualifiers\":0},\"EventRecordID\":33545,\"Execution\":{\"@ProcessID\":0,\"@ThreadID\":0},\"Keywords\":\"0x80000000000000\",\"Level\":4,\"Opcode\":0,\"Provider\":{\"@Name\":\"ESENT\"},\"Security\":{},\"Task\":1,\"TimeCreated\":{\"@SystemTime\":\"2020-11-26T09:15:53.6405217Z\"},\"Version\":0}}}", "{\"Event\":{\"EventData\":{\"Data\":{\"@Name\":\"ExtraInfo\"}},\"System\":{\"Channel\":\"Application\",\"Computer\":\"Chotu\",\"Correlation\":{},\"EventID\":{\"#text\":1003,\"@Qualifiers\":16384},\"EventRecordID\":33546,\"Execution\":{\"@ProcessID\":0,\"@ThreadID\":0},\"Keywords\":\"0x80000000000000\",\"Level\":4,\"Opcode\":0,\"Provider\":{\"@EventSourceName\":\"Windows Search Service\",\"@Guid\":\"{CA4E628D-8567-4896-AB6B-835B221F373F}\",\"@Name\":\"Microsoft-Windows-Search\"},\"Security\":{},\"Task\":1,\"TimeCreated\":{\"@SystemTime\":\"2020-11-26T09:16:02.3566987Z\"},\"Version\":0}}}", "{\"Event\":{\"EventData\":{\"Data\":[\"Catalog Database\",\"3120,D,12\",\"Catalog Database:\",\"0x410022D8 (8920 | JET_efvAllowHigherPersistedFormat)\",\"9080 (0x2378)\",\"1568.20.0\"]},\"System\":{\"Channel\":\"Application\",\"Computer\":\"Chotu\",\"Correlation\":{},\"EventID\":{\"#text\":642,\"@Qualifiers\":0},\"EventRecordID\":33547,\"Execution\":{\"@ProcessID\":0,\"@ThreadID\":0},\"Keywords\":\"0x80000000000000\",\"Level\":3,\"Opcode\":0,\"Provider\":{\"@Name\":\"ESENT\"},\"Security\":{},\"Task\":1,\"TimeCreated\":{\"@SystemTime\":\"2020-11-26T09:16:16.4656454Z\"},\"Version\":0}}}", "{\"Event\":{\"EventData\":{\"Data\":[\"Catalog Database\",\"3120,D,12\",\"Catalog Database:\",\"0x410022D8 (8920 | JET_efvAllowHigherPersistedFormat)\",\"9080 (0x2378)\",\"1568.20.0\"]},\"System\":{\"Channel\":\"Application\",\"Computer\":\"Chotu\",\"Correlation\":{},\"EventID\":{\"#text\":642,\"@Qualifiers\":0},\"EventRecordID\":33548,\"Execution\":{\"@ProcessID\":0,\"@ThreadID\":0},\"Keywords\":\"0x80000000000000\",\"Level\":3,\"Opcode\":0,\"Provider\":{\"@Name\":\"ESENT\"},\"Security\":{},\"Task\":1,\"TimeCreated\":{\"@SystemTime\":\"2020-11-26T09:16:19.8562005Z\"},\"Version\":0}}}", "{\"Event\":{\"EventData\":{\"Data\":\"Security-SPP-Action-StateData (REG_SZ) =AppId=55c92734-d682-4d71-983e-d6ec3f16059f;GraceEndDate=2021/05/25:08:21:21;LastConsumptionReason=0x00000000;LastNotificationId=Cleanup;LicenseState=SL_LICENSING_STATUS_LICENSED;PartialProductKey=T83GX;ProductKeyType=Volume:GVLK;SkuId=2de67392-b7a7-462a-b1ca-108dd189f588;ruleId=379cccfb-d4e0-48fe-b0f2-0136097be147;uxDifferentiator=ENVIRONMENT;volumeActivationOrder=normal\"},\"System\":{\"Channel\":\"Application\",\"Computer\":\"Chotu\",\"Correlation\":{},\"EventID\":{\"#text\":8230,\"@Qualifiers\":16384},\"EventRecordID\":33549,\"Execution\":{\"@ProcessID\":0,\"@ThreadID\":0},\"Keywords\":\"0x80000000000000\",\"Level\":4,\"Opcode\":0,\"Provider\":{\"@EventSourceName\":\"Software Protection Platform Service\",\"@Guid\":\"{E23B33B0-C8C9-472C-A5F9-F2BDFEA0F156}\",\"@Name\":\"Microsoft-Windows-Security-SPP\"},\"Security\":{},\"Task\":0,\"TimeCreated\":{\"@SystemTime\":\"2020-11-26T09:16:42.9038028Z\"},\"Version\":0}}}", "{\"Event\":{\"EventData\":{\"Data\":[\"0x8007007B\",\"0ff1ce15-a989-479d-af46-f275c6370663\",\"d450596f-894d-49e0-966a-fd39ed4c4c64\",\"NetworkAvailable\"]},\"System\":{\"Channel\":\"Application\",\"Computer\":\"Chotu\",\"Correlation\":{},\"EventID\":{\"#text\":8233,\"@Qualifiers\":16384},\"EventRecordID\":33550,\"Execution\":{\"@ProcessID\":0,\"@ThreadID\":0},\"Keywords\":\"0x80000000000000\",\"Level\":3,\"Opcode\":0,\"Provider\":{\"@EventSourceName\":\"Software Protection Platform Service\",\"@Guid\":\"{E23B33B0-C8C9-472C-A5F9-F2BDFEA0F156}\",\"@Name\":\"Microsoft-Windows-Security-SPP\"},\"Security\":{},\"Task\":0,\"TimeCreated\":{\"@SystemTime\":\"2020-11-26T09:16:46.0131194Z\"},\"Version\":0}}}", "{\"Event\":{\"EventData\":{\"Data\":\"Security-SPP-Action-StateData (REG_SZ) =AppId=55c92734-d682-4d71-983e-d6ec3f16059f;GraceEndDate=2021/05/25:08:21:49;LastConsumptionReason=0x00000000;LastNotificationId=Cleanup;LicenseState=SL_LICENSING_STATUS_LICENSED;PartialProductKey=T83GX;ProductKeyType=Volume:GVLK;SkuId=2de67392-b7a7-462a-b1ca-108dd189f588;ruleId=379cccfb-d4e0-48fe-b0f2-0136097be147;uxDifferentiator=ENVIRONMENT;volumeActivationOrder=normal\"},\"System\":{\"Channel\":\"Application\",\"Computer\":\"Chotu\",\"Correlation\":{},\"EventID\":{\"#text\":8230,\"@Qualifiers\":16384},\"EventRecordID\":33551,\"Execution\":{\"@ProcessID\":0,\"@ThreadID\":0},\"Keywords\":\"0x80000000000000\",\"Level\":4,\"Opcode\":0,\"Provider\":{\"@EventSourceName\":\"Software Protection Platform Service\",\"@Guid\":\"{E23B33B0-C8C9-472C-A5F9-F2BDFEA0F156}\",\"@Name\":\"Microsoft-Windows-Security-SPP\"},\"Security\":{},\"Task\":0,\"TimeCreated\":{\"@SystemTime\":\"2020-11-26T09:16:50.4348403Z\"},\"Version\":0}}}", "{\"Event\":{\"EventData\":{\"Data\":[\"0x8007007B\",\"0ff1ce15-a989-479d-af46-f275c6370663\",\"d450596f-894d-49e0-966a-fd39ed4c4c64\",\"UserLogon(1)\"]},\"System\":{\"Channel\":\"Application\",\"Computer\":\"Chotu\",\"Correlation\":{},\"EventID\":{\"#text\":8233,\"@Qualifiers\":16384},\"EventRecordID\":33552,\"Execution\":{\"@ProcessID\":0,\"@ThreadID\":0},\"Keywords\":\"0x80000000000000\",\"Level\":3,\"Opcode\":0,\"Provider\":{\"@EventSourceName\":\"Software Protection Platform Service\",\"@Guid\":\"{E23B33B0-C8C9-472C-A5F9-F2BDFEA0F156}\",\"@Name\":\"Microsoft-Windows-Security-SPP\"},\"Security\":{},\"Task\":0,\"TimeCreated\":{\"@SystemTime\":\"2020-11-26T09:16:52.9660162Z\"},\"Version\":0}}}", "{\"Event\":{\"EventData\":{\"Data\":\"Service stopped\"},\"System\":{\"Channel\":\"Application\",\"Computer\":\"Chotu\",\"Correlation\":{},\"EventID\":{\"#text\":0,\"@Qualifiers\":0},\"EventRecordID\":33553,\"Execution\":{\"@ProcessID\":0,\"@ThreadID\":0},\"Keywords\":\"0x80000000000000\",\"Level\":4,\"Opcode\":0,\"Provider\":{\"@Name\":\"edgeupdate\"},\"Security\":{},\"Task\":0,\"TimeCreated\":{\"@SystemTime\":\"2020-11-26T09:16:53.9191371Z\"},\"Version\":0}}}", "{\"Event\":{\"EventData\":{},\"System\":{\"Channel\":\"Application\",\"Computer\":\"Chotu\",\"Correlation\":{},\"EventID\":{\"#text\":1,\"@Qualifiers\":0},\"EventRecordID\":33554,\"Execution\":{\"@ProcessID\":0,\"@ThreadID\":0},\"Keywords\":\"0x80000000000000\",\"Level\":4,\"Opcode\":0,\"Provider\":{\"@Name\":\"SecurityCenter\"},\"Security\":{},\"Task\":0,\"TimeCreated\":{\"@SystemTime\":\"2020-11-26T09:17:16.5939099Z\"},\"Version\":0}}}", "{\"Event\":{\"EventData\":{\"Data\":[\"Windows Defender\",\"SECURITY_PRODUCT_STATE_ON\"]},\"System\":{\"Channel\":\"Application\",\"Computer\":\"Chotu\",\"Correlation\":{},\"EventID\":{\"#text\":15,\"@Qualifiers\":0},\"EventRecordID\":33555,\"Execution\":{\"@ProcessID\":0,\"@ThreadID\":0},\"Keywords\":\"0x80000000000000\",\"Level\":4,\"Opcode\":0,\"Provider\":{\"@Name\":\"SecurityCenter\"},\"Security\":{},\"Task\":0,\"TimeCreated\":{\"@SystemTime\":\"2020-11-26T09:17:41.1088591Z\"},\"Version\":0}}}", "{\"Event\":{\"EventData\":{\"Data\":[\"Windows Defender\",\"SECURITY_PRODUCT_STATE_ON\"]},\"System\":{\"Channel\":\"Application\",\"Computer\":\"Chotu\",\"Correlation\":{},\"EventID\":{\"#text\":15,\"@Qualifiers\":0},\"EventRecordID\":33556,\"Execution\":{\"@ProcessID\":0,\"@ThreadID\":0},\"Keywords\":\"0x80000000000000\",\"Level\":4,\"Opcode\":0,\"Provider\":{\"@Name\":\"SecurityCenter\"},\"Security\":{},\"Task\":0,\"TimeCreated\":{\"@SystemTime\":\"2020-11-26T09:17:43.1556840Z\"},\"Version\":0}}}", "{\"Event\":{\"EventData\":{\"Data\":[\"Windows Defender\",\"SECURITY_PRODUCT_STATE_ON\"]},\"System\":{\"Channel\":\"Application\",\"Computer\":\"Chotu\",\"Correlation\":{},\"EventID\":{\"#text\":15,\"@Qualifiers\":0},\"EventRecordID\":33557,\"Execution\":{\"@ProcessID\":0,\"@ThreadID\":0},\"Keywords\":\"0x80000000000000\",\"Level\":4,\"Opcode\":0,\"Provider\":{\"@Name\":\"SecurityCenter\"},\"Security\":{},\"Task\":0,\"TimeCreated\":{\"@SystemTime\":\"2020-11-26T09:17:45.2024999Z\"},\"Version\":0}}}", "{\"Event\":{\"EventData\":{\"Data\":[\"Windows Defender\",\"SECURITY_PRODUCT_STATE_ON\"]},\"System\":{\"Channel\":\"Application\",\"Computer\":\"Chotu\",\"Correlation\":{},\"EventID\":{\"#text\":15,\"@Qualifiers\":0},\"EventRecordID\":33558,\"Execution\":{\"@ProcessID\":0,\"@ThreadID\":0},\"Keywords\":\"0x80000000000000\",\"Level\":4,\"Opcode\":0,\"Provider\":{\"@Name\":\"SecurityCenter\"},\"Security\":{},\"Task\":0,\"TimeCreated\":{\"@SystemTime\":\"2020-11-26T09:17:47.2336713Z\"},\"Version\":0}}}", "{\"Event\":{\"EventData\":{\"Data\":[\"Windows Defender\",\"SECURITY_PRODUCT_STATE_ON\"]},\"System\":{\"Channel\":\"Application\",\"Computer\":\"Chotu\",\"Correlation\":{},\"EventID\":{\"#text\":15,\"@Qualifiers\":0},\"EventRecordID\":33559,\"Execution\":{\"@ProcessID\":0,\"@ThreadID\":0},\"Keywords\":\"0x80000000000000\",\"Level\":4,\"Opcode\":0,\"Provider\":{\"@Name\":\"SecurityCenter\"},\"Security\":{},\"Task\":0,\"TimeCreated\":{\"@SystemTime\":\"2020-11-26T09:17:49.2648837Z\"},\"Version\":0}}}", "{\"Event\":{\"EventData\":{\"Data\":[\"2020-11-26T11:15:52Z\",\"RulesEngine\"]},\"System\":{\"Channel\":\"Application\",\"Computer\":\"Chotu\",\"Correlation\":{},\"EventID\":{\"#text\":16384,\"@Qualifiers\":16384},\"EventRecordID\":33560,\"Execution\":{\"@ProcessID\":0,\"@ThreadID\":0},\"Keywords\":\"0x80000000000000\",\"Level\":4,\"Opcode\":0,\"Provider\":{\"@EventSourceName\":\"Software Protection Platform Service\",\"@Guid\":\"{E23B33B0-C8C9-472C-A5F9-F2BDFEA0F156}\",\"@Name\":\"Microsoft-Windows-Security-SPP\"},\"Security\":{},\"Task\":0,\"TimeCreated\":{\"@SystemTime\":\"2020-11-26T09:17:53.0005827Z\"},\"Version\":0}}}", "{\"Event\":{\"EventData\":{},\"System\":{\"Channel\":\"Application\",\"Computer\":\"Chotu\",\"Correlation\":{},\"EventID\":{\"#text\":903,\"@Qualifiers\":16384},\"EventRecordID\":33561,\"Execution\":{\"@ProcessID\":0,\"@ThreadID\":0},\"Keywords\":\"0x80000000000000\",\"Level\":0,\"Opcode\":0,\"Provider\":{\"@EventSourceName\":\"Software Protection Platform Service\",\"@Guid\":\"{E23B33B0-C8C9-472C-A5F9-F2BDFEA0F156}\",\"@Name\":\"Microsoft-Windows-Security-SPP\"},\"Security\":{},\"Task\":0,\"TimeCreated\":{\"@SystemTime\":\"2020-11-26T09:17:53.0318387Z\"},\"Version\":0}}}", "{\"Event\":{\"EventData\":{},\"System\":{\"Channel\":\"Application\",\"Computer\":\"Chotu\",\"Correlation\":{},\"EventID\":{\"#text\":16394,\"@Qualifiers\":49152},\"EventRecordID\":33562,\"Execution\":{\"@ProcessID\":0,\"@ThreadID\":0},\"Keywords\":\"0x80000000000000\",\"Level\":4,\"Opcode\":0,\"Provider\":{\"@EventSourceName\":\"Software Protection Platform Service\",\"@Guid\":\"{E23B33B0-C8C9-472C-A5F9-F2BDFEA0F156}\",\"@Name\":\"Microsoft-Windows-Security-SPP\"},\"Security\":{},\"Task\":0,\"TimeCreated\":{\"@SystemTime\":\"2020-11-26T09:23:59.6864778Z\"},\"Version\":0}}}", "{\"Event\":{\"EventData\":{\"Binary\":\"5E0000000A00300000000100010001000100000002000000030001000000BCE9CE6E1C41760036C55C815CC3E2D4BE8B60CF24EAB0F50D0001000101000201000301000401000500000601000700000801000901000A01000B00000C0100320000000100010001000100000002000000040001000000BCE9CE6E1C41760036C55C815CC3E2D4BE8B60CF24EA22F7B0F5\",\"Data\":[\"55c92734-d682-4d71-983e-d6ec3f16059f\",\"2de67392-b7a7-462a-b1ca-108dd189f588\"]},\"System\":{\"Channel\":\"Application\",\"Computer\":\"Chotu\",\"Correlation\":{},\"EventID\":{\"#text\":1040,\"@Qualifiers\":16384},\"EventRecordID\":33563,\"Execution\":{\"@ProcessID\":0,\"@ThreadID\":0},\"Keywords\":\"0x80000000000000\",\"Level\":4,\"Opcode\":0,\"Provider\":{\"@EventSourceName\":\"Software Protection Platform Service\",\"@Guid\":\"{E23B33B0-C8C9-472C-A5F9-F2BDFEA0F156}\",\"@Name\":\"Microsoft-Windows-Security-SPP\"},\"Security\":{},\"Task\":0,\"TimeCreated\":{\"@SystemTime\":\"2020-11-26T09:24:00.3570859Z\"},\"Version\":0}}}", "{\"Event\":{\"EventData\":{\"Binary\":\"5E0000000A00300000000100010001000100000002000000030001000000BCE9CE6E1C41760036C55C815CC3E2D4BE8B60CF24EAB0F50D0001000101000201000301000401000500000601000700000801000901000A01000B00000C0100320000000100010001000100000002000000040001000000BCE9CE6E1C41760036C55C815CC3E2D4BE8B60CF24EA22F7B0F5\",\"Data\":[\"55c92734-d682-4d71-983e-d6ec3f16059f\",\"2de67392-b7a7-462a-b1ca-108dd189f588\"]},\"System\":{\"Channel\":\"Application\",\"Computer\":\"Chotu\",\"Correlation\":{},\"EventID\":{\"#text\":1040,\"@Qualifiers\":16384},\"EventRecordID\":33564,\"Execution\":{\"@ProcessID\":0,\"@ThreadID\":0},\"Keywords\":\"0x80000000000000\",\"Level\":4,\"Opcode\":0,\"Provider\":{\"@EventSourceName\":\"Software Protection Platform Service\",\"@Guid\":\"{E23B33B0-C8C9-472C-A5F9-F2BDFEA0F156}\",\"@Name\":\"Microsoft-Windows-Security-SPP\"},\"Security\":{},\"Task\":0,\"TimeCreated\":{\"@SystemTime\":\"2020-11-26T09:24:00.3570859Z\"},\"Version\":0}}}", "{\"Event\":{\"EventData\":{\"Data\":[\"2020-11-26T11:16:31Z\",\"RulesEngine\"]},\"System\":{\"Channel\":\"Application\",\"Computer\":\"Chotu\",\"Correlation\":{},\"EventID\":{\"#text\":16384,\"@Qualifiers\":16384},\"EventRecordID\":33565,\"Execution\":{\"@ProcessID\":0,\"@ThreadID\":0},\"Keywords\":\"0x80000000000000\",\"Level\":4,\"Opcode\":0,\"Provider\":{\"@EventSourceName\":\"Software Protection Platform Service\",\"@Guid\":\"{E23B33B0-C8C9-472C-A5F9-F2BDFEA0F156}\",\"@Name\":\"Microsoft-Windows-Security-SPP\"},\"Security\":{},\"Task\":0,\"TimeCreated\":{\"@SystemTime\":\"2020-11-26T09:24:31.1637610Z\"},\"Version\":0}}}", "{\"Event\":{\"EventData\":{},\"System\":{\"Channel\":\"Application\",\"Computer\":\"Chotu\",\"Correlation\":{},\"EventID\":{\"#text\":16394,\"@Qualifiers\":49152},\"EventRecordID\":33566,\"Execution\":{\"@ProcessID\":0,\"@ThreadID\":0},\"Keywords\":\"0x80000000000000\",\"Level\":4,\"Opcode\":0,\"Provider\":{\"@EventSourceName\":\"Software Protection Platform Service\",\"@Guid\":\"{E23B33B0-C8C9-472C-A5F9-F2BDFEA0F156}\",\"@Name\":\"Microsoft-Windows-Security-SPP\"},\"Security\":{},\"Task\":0,\"TimeCreated\":{\"@SystemTime\":\"2020-11-26T09:24:37.6227885Z\"},\"Version\":0}}}", "{\"Event\":{\"EventData\":{\"Data\":[\"2020-11-26T11:16:08Z\",\"RulesEngine\"]},\"System\":{\"Channel\":\"Application\",\"Computer\":\"Chotu\",\"Correlation\":{},\"EventID\":{\"#text\":16384,\"@Qualifiers\":16384},\"EventRecordID\":33567,\"Execution\":{\"@ProcessID\":0,\"@ThreadID\":0},\"Keywords\":\"0x80000000000000\",\"Level\":4,\"Opcode\":0,\"Provider\":{\"@EventSourceName\":\"Software Protection Platform Service\",\"@Guid\":\"{E23B33B0-C8C9-472C-A5F9-F2BDFEA0F156}\",\"@Name\":\"Microsoft-Windows-Security-SPP\"},\"Security\":{},\"Task\":0,\"TimeCreated\":{\"@SystemTime\":\"2020-11-26T09:25:08.6965377Z\"},\"Version\":0}}}", "{\"Event\":{\"EventData\":{\"Data\":\"GitHub credentials for \'https://github.com/\' successfully retrieved.\"},\"System\":{\"Channel\":\"Application\",\"Computer\":\"Chotu\",\"Correlation\":{},\"EventID\":{\"#text\":0,\"@Qualifiers\":0},\"EventRecordID\":33568,\"Execution\":{\"@ProcessID\":0,\"@ThreadID\":0},\"Keywords\":\"0xa0000000000000\",\"Level\":0,\"Opcode\":0,\"Provider\":{\"@Name\":\"Git Credential Manager\"},\"Security\":{},\"Task\":0,\"TimeCreated\":{\"@SystemTime\":\"2020-11-26T09:26:17.8794995Z\"},\"Version\":0}}}", "{\"Event\":{\"EventData\":{\"Data\":[\"Windows Defender\",\"SECURITY_PRODUCT_STATE_ON\"]},\"System\":{\"Channel\":\"Application\",\"Computer\":\"Chotu\",\"Correlation\":{},\"EventID\":{\"#text\":15,\"@Qualifiers\":0},\"EventRecordID\":33569,\"Execution\":{\"@ProcessID\":0,\"@ThreadID\":0},\"Keywords\":\"0x80000000000000\",\"Level\":4,\"Opcode\":0,\"Provider\":{\"@Name\":\"SecurityCenter\"},\"Security\":{},\"Task\":0,\"TimeCreated\":{\"@SystemTime\":\"2020-11-26T09:26:20.1341196Z\"},\"Version\":0}}}", "{\"Event\":{\"EventData\":{},\"System\":{\"Channel\":\"Application\",\"Computer\":\"Chotu\",\"Correlation\":{},\"EventID\":{\"#text\":16394,\"@Qualifiers\":49152},\"EventRecordID\":33570,\"Execution\":{\"@ProcessID\":0,\"@ThreadID\":0},\"Keywords\":\"0x80000000000000\",\"Level\":4,\"Opcode\":0,\"Provider\":{\"@EventSourceName\":\"Software Protection Platform Service\",\"@Guid\":\"{E23B33B0-C8C9-472C-A5F9-F2BDFEA0F156}\",\"@Name\":\"Microsoft-Windows-Security-SPP\"},\"Security\":{},\"Task\":0,\"TimeCreated\":{\"@SystemTime\":\"2020-11-26T09:26:33.9559259Z\"},\"Version\":0}}}", "{\"Event\":{\"EventData\":{\"Data\":[\"2020-11-26T11:16:04Z\",\"RulesEngine\"]},\"System\":{\"Channel\":\"Application\",\"Computer\":\"Chotu\",\"Correlation\":{},\"EventID\":{\"#text\":16384,\"@Qualifiers\":16384},\"EventRecordID\":33571,\"Execution\":{\"@ProcessID\":0,\"@ThreadID\":0},\"Keywords\":\"0x80000000000000\",\"Level\":4,\"Opcode\":0,\"Provider\":{\"@EventSourceName\":\"Software Protection Platform Service\",\"@Guid\":\"{E23B33B0-C8C9-472C-A5F9-F2BDFEA0F156}\",\"@Name\":\"Microsoft-Windows-Security-SPP\"},\"Security\":{},\"Task\":0,\"TimeCreated\":{\"@SystemTime\":\"2020-11-26T09:27:05.0828223Z\"},\"Version\":0}}}", "{\"Event\":{\"EventData\":{},\"System\":{\"Channel\":\"Application\",\"Computer\":\"Chotu\",\"Correlation\":{},\"EventID\":{\"#text\":16394,\"@Qualifiers\":49152},\"EventRecordID\":33572,\"Execution\":{\"@ProcessID\":0,\"@ThreadID\":0},\"Keywords\":\"0x80000000000000\",\"Level\":4,\"Opcode\":0,\"Provider\":{\"@EventSourceName\":\"Software Protection Platform Service\",\"@Guid\":\"{E23B33B0-C8C9-472C-A5F9-F2BDFEA0F156}\",\"@Name\":\"Microsoft-Windows-Security-SPP\"},\"Security\":{},\"Task\":0,\"TimeCreated\":{\"@SystemTime\":\"2020-11-26T09:33:13.0071475Z\"},\"Version\":0}}}", "{\"Event\":{\"EventData\":{\"Binary\":\"600000000A00320000000100010001000100000002000000040001000000BCE9CE6E1C41760036C55C815CC3E2D4BE8B60CF24EA22F7B0F50D0001000101000201000301000401000500000601000700000801000901000A01000B00000C0100300000000100010001000100000002000000030001000000BCE9CE6E1C41760036C55C815CC3E2D4BE8B60CF24EAB0F5\",\"Data\":[\"55c92734-d682-4d71-983e-d6ec3f16059f\",\"2de67392-b7a7-462a-b1ca-108dd189f588\"]},\"System\":{\"Channel\":\"Application\",\"Computer\":\"Chotu\",\"Correlation\":{},\"EventID\":{\"#text\":1040,\"@Qualifiers\":16384},\"EventRecordID\":33573,\"Execution\":{\"@ProcessID\":0,\"@ThreadID\":0},\"Keywords\":\"0x80000000000000\",\"Level\":4,\"Opcode\":0,\"Provider\":{\"@EventSourceName\":\"Software Protection Platform Service\",\"@Guid\":\"{E23B33B0-C8C9-472C-A5F9-F2BDFEA0F156}\",\"@Name\":\"Microsoft-Windows-Security-SPP\"},\"Security\":{},\"Task\":0,\"TimeCreated\":{\"@SystemTime\":\"2020-11-26T09:33:14.7011051Z\"},\"Version\":0}}}", "{\"Event\":{\"EventData\":{\"Data\":\"Security-SPP-Action-StateData (REG_SZ) =AppId=55c92734-d682-4d71-983e-d6ec3f16059f;GraceEndDate=2021/05/25:08:21:19;LastConsumptionReason=0x00000000;LastNotificationId=Cleanup;LicenseState=SL_LICENSING_STATUS_LICENSED;PartialProductKey=T83GX;ProductKeyType=Volume:GVLK;SkuId=2de67392-b7a7-462a-b1ca-108dd189f588;ruleId=379cccfb-d4e0-48fe-b0f2-0136097be147;uxDifferentiator=ENVIRONMENT;volumeActivationOrder=normal\"},\"System\":{\"Channel\":\"Application\",\"Computer\":\"Chotu\",\"Correlation\":{},\"EventID\":{\"#text\":8230,\"@Qualifiers\":16384},\"EventRecordID\":33574,\"Execution\":{\"@ProcessID\":0,\"@ThreadID\":0},\"Keywords\":\"0x80000000000000\",\"Level\":4,\"Opcode\":0,\"Provider\":{\"@EventSourceName\":\"Software Protection Platform Service\",\"@Guid\":\"{E23B33B0-C8C9-472C-A5F9-F2BDFEA0F156}\",\"@Name\":\"Microsoft-Windows-Security-SPP\"},\"Security\":{},\"Task\":0,\"TimeCreated\":{\"@SystemTime\":\"2020-11-26T09:33:20.7823740Z\"},\"Version\":0}}}", "{\"Event\":{\"EventData\":{\"Data\":[\"0x8007267C\",\"0ff1ce15-a989-479d-af46-f275c6370663\",\"d450596f-894d-49e0-966a-fd39ed4c4c64\",\"NetworkAvailable\"]},\"System\":{\"Channel\":\"Application\",\"Computer\":\"Chotu\",\"Correlation\":{},\"EventID\":{\"#text\":8233,\"@Qualifiers\":16384},\"EventRecordID\":33575,\"Execution\":{\"@ProcessID\":0,\"@ThreadID\":0},\"Keywords\":\"0x80000000000000\",\"Level\":3,\"Opcode\":0,\"Provider\":{\"@EventSourceName\":\"Software Protection Platform Service\",\"@Guid\":\"{E23B33B0-C8C9-472C-A5F9-F2BDFEA0F156}\",\"@Name\":\"Microsoft-Windows-Security-SPP\"},\"Security\":{},\"Task\":0,\"TimeCreated\":{\"@SystemTime\":\"2020-11-26T09:33:21.2440915Z\"},\"Version\":0}}}", "{\"Event\":{\"EventData\":{\"Data\":[\"2020-11-26T11:32:51Z\",\"RulesEngine\"]},\"System\":{\"Channel\":\"Application\",\"Computer\":\"Chotu\",\"Correlation\":{},\"EventID\":{\"#text\":16384,\"@Qualifiers\":16384},\"EventRecordID\":33576,\"Execution\":{\"@ProcessID\":0,\"@ThreadID\":0},\"Keywords\":\"0x80000000000000\",\"Level\":4,\"Opcode\":0,\"Provider\":{\"@EventSourceName\":\"Software Protection Platform Service\",\"@Guid\":\"{E23B33B0-C8C9-472C-A5F9-F2BDFEA0F156}\",\"@Name\":\"Microsoft-Windows-Security-SPP\"},\"Security\":{},\"Task\":0,\"TimeCreated\":{\"@SystemTime\":\"2020-11-26T09:33:52.2240739Z\"},\"Version\":0}}}", "{\"Event\":{\"EventData\":{},\"System\":{\"Channel\":\"Application\",\"Computer\":\"Chotu\",\"Correlation\":{},\"EventID\":{\"#text\":16394,\"@Qualifiers\":49152},\"EventRecordID\":33577,\"Execution\":{\"@ProcessID\":0,\"@ThreadID\":0},\"Keywords\":\"0x80000000000000\",\"Level\":4,\"Opcode\":0,\"Provider\":{\"@EventSourceName\":\"Software Protection Platform Service\",\"@Guid\":\"{E23B33B0-C8C9-472C-A5F9-F2BDFEA0F156}\",\"@Name\":\"Microsoft-Windows-Security-SPP\"},\"Security\":{},\"Task\":0,\"TimeCreated\":{\"@SystemTime\":\"2020-11-26T09:34:25.0109513Z\"},\"Version\":0}}}", "{\"Event\":{\"EventData\":{\"Data\":\"Security-SPP-Action-StateData (REG_SZ) =AppId=55c92734-d682-4d71-983e-d6ec3f16059f;GraceEndDate=2021/05/25:08:21:32;LastConsumptionReason=0x00000000;LastNotificationId=Cleanup;LicenseState=SL_LICENSING_STATUS_LICENSED;PartialProductKey=T83GX;ProductKeyType=Volume:GVLK;SkuId=2de67392-b7a7-462a-b1ca-108dd189f588;ruleId=379cccfb-d4e0-48fe-b0f2-0136097be147;uxDifferentiator=ENVIRONMENT;volumeActivationOrder=normal\"},\"System\":{\"Channel\":\"Application\",\"Computer\":\"Chotu\",\"Correlation\":{},\"EventID\":{\"#text\":8230,\"@Qualifiers\":16384},\"EventRecordID\":33578,\"Execution\":{\"@ProcessID\":0,\"@ThreadID\":0},\"Keywords\":\"0x80000000000000\",\"Level\":4,\"Opcode\":0,\"Provider\":{\"@EventSourceName\":\"Software Protection Platform Service\",\"@Guid\":\"{E23B33B0-C8C9-472C-A5F9-F2BDFEA0F156}\",\"@Name\":\"Microsoft-Windows-Security-SPP\"},\"Security\":{},\"Task\":0,\"TimeCreated\":{\"@SystemTime\":\"2020-11-26T09:34:33.2918662Z\"},\"Version\":0}}}", "{\"Event\":{\"EventData\":{\"Data\":[\"0x8007007B\",\"0ff1ce15-a989-479d-af46-f275c6370663\",\"d450596f-894d-49e0-966a-fd39ed4c4c64\",\"NetworkAvailable\"]},\"System\":{\"Channel\":\"Application\",\"Computer\":\"Chotu\",\"Correlation\":{},\"EventID\":{\"#text\":8233,\"@Qualifiers\":16384},\"EventRecordID\":33579,\"Execution\":{\"@ProcessID\":0,\"@ThreadID\":0},\"Keywords\":\"0x80000000000000\",\"Level\":3,\"Opcode\":0,\"Provider\":{\"@EventSourceName\":\"Software Protection Platform Service\",\"@Guid\":\"{E23B33B0-C8C9-472C-A5F9-F2BDFEA0F156}\",\"@Name\":\"Microsoft-Windows-Security-SPP\"},\"Security\":{},\"Task\":0,\"TimeCreated\":{\"@SystemTime\":\"2020-11-26T09:34:35.9252521Z\"},\"Version\":0}}}", "{\"Event\":{\"EventData\":{\"Data\":[\"2020-11-26T11:34:06Z\",\"RulesEngine\"]},\"System\":{\"Channel\":\"Application\",\"Computer\":\"Chotu\",\"Correlation\":{},\"EventID\":{\"#text\":16384,\"@Qualifiers\":16384},\"EventRecordID\":33580,\"Execution\":{\"@ProcessID\":0,\"@ThreadID\":0},\"Keywords\":\"0x80000000000000\",\"Level\":4,\"Opcode\":0,\"Provider\":{\"@EventSourceName\":\"Software Protection Platform Service\",\"@Guid\":\"{E23B33B0-C8C9-472C-A5F9-F2BDFEA0F156}\",\"@Name\":\"Microsoft-Windows-Security-SPP\"},\"Security\":{},\"Task\":0,\"TimeCreated\":{\"@SystemTime\":\"2020-11-26T09:35:06.6164120Z\"},\"Version\":0}}}", "{\"Event\":{\"EventData\":{},\"System\":{\"Channel\":\"Application\",\"Computer\":\"Chotu\",\"Correlation\":{},\"EventID\":{\"#text\":16394,\"@Qualifiers\":49152},\"EventRecordID\":33581,\"Execution\":{\"@ProcessID\":0,\"@ThreadID\":0},\"Keywords\":\"0x80000000000000\",\"Level\":4,\"Opcode\":0,\"Provider\":{\"@EventSourceName\":\"Software Protection Platform Service\",\"@Guid\":\"{E23B33B0-C8C9-472C-A5F9-F2BDFEA0F156}\",\"@Name\":\"Microsoft-Windows-Security-SPP\"},\"Security\":{},\"Task\":0,\"TimeCreated\":{\"@SystemTime\":\"2020-11-26T09:39:03.1583916Z\"},\"Version\":0}}}", "{\"Event\":{\"EventData\":{\"Binary\":\"5E0000000A00300000000100010001000100000002000000030001000000BCE9CE6E1C41760036C55C815CC3E2D4BE8B60CF24EAB0F50D0001000101000201000301000401000500000601000700000801000901000A01000B00000C0100320000000100010001000100000002000000040001000000BCE9CE6E1C41760036C55C815CC3E2D4BE8B60CF24EA22F7B0F5\",\"Data\":[\"55c92734-d682-4d71-983e-d6ec3f16059f\",\"2de67392-b7a7-462a-b1ca-108dd189f588\"]},\"System\":{\"Channel\":\"Application\",\"Computer\":\"Chotu\",\"Correlation\":{},\"EventID\":{\"#text\":1040,\"@Qualifiers\":16384},\"EventRecordID\":33582,\"Execution\":{\"@ProcessID\":0,\"@ThreadID\":0},\"Keywords\":\"0x80000000000000\",\"Level\":4,\"Opcode\":0,\"Provider\":{\"@EventSourceName\":\"Software Protection Platform Service\",\"@Guid\":\"{E23B33B0-C8C9-472C-A5F9-F2BDFEA0F156}\",\"@Name\":\"Microsoft-Windows-Security-SPP\"},\"Security\":{},\"Task\":0,\"TimeCreated\":{\"@SystemTime\":\"2020-11-26T09:39:03.9199260Z\"},\"Version\":0}}}", "{\"Event\":{\"EventData\":{\"Data\":[\"2020-11-26T11:33:35Z\",\"RulesEngine\"]},\"System\":{\"Channel\":\"Application\",\"Computer\":\"Chotu\",\"Correlation\":{},\"EventID\":{\"#text\":16384,\"@Qualifiers\":16384},\"EventRecordID\":33583,\"Execution\":{\"@ProcessID\":0,\"@ThreadID\":0},\"Keywords\":\"0x80000000000000\",\"Level\":4,\"Opcode\":0,\"Provider\":{\"@EventSourceName\":\"Software Protection Platform Service\",\"@Guid\":\"{E23B33B0-C8C9-472C-A5F9-F2BDFEA0F156}\",\"@Name\":\"Microsoft-Windows-Security-SPP\"},\"Security\":{},\"Task\":0,\"TimeCreated\":{\"@SystemTime\":\"2020-11-26T09:39:35.5575058Z\"},\"Version\":0}}}", "{\"Event\":{\"EventData\":{\"Data\":[\"Video.UI\",\"6380,P,98\",\"{6C8B0C89-27B5-4177-A7F0-62E2E72B4C08}:\",0,10,0,19042,0]},\"System\":{\"Channel\":\"Application\",\"Computer\":\"Chotu\",\"Correlation\":{},\"EventID\":{\"#text\":102,\"@Qualifiers\":0},\"EventRecordID\":33584,\"Execution\":{\"@ProcessID\":0,\"@ThreadID\":0},\"Keywords\":\"0x80000000000000\",\"Level\":4,\"Opcode\":0,\"Provider\":{\"@Name\":\"ESENT\"},\"Security\":{},\"Task\":1,\"TimeCreated\":{\"@SystemTime\":\"2020-11-26T09:45:39.0434486Z\"},\"Version\":0}}}", "{\"Event\":{\"EventData\":{\"Data\":[\"Video.UI\",\"6380,R,98\",\"{6C8B0C89-27B5-4177-A7F0-62E2E72B4C08}:\"]},\"System\":{\"Channel\":\"Application\",\"Computer\":\"Chotu\",\"Correlation\":{},\"EventID\":{\"#text\":300,\"@Qualifiers\":0},\"EventRecordID\":33585,\"Execution\":{\"@ProcessID\":0,\"@ThreadID\":0},\"Keywords\":\"0x80000000000000\",\"Level\":4,\"Opcode\":0,\"Provider\":{\"@Name\":\"ESENT\"},\"Security\":{},\"Task\":3,\"TimeCreated\":{\"@SystemTime\":\"2020-11-26T09:45:39.1663719Z\"},\"Version\":0}}}", "{\"Event\":{\"EventData\":{\"Data\":[\"Video.UI\",\"6380,R,98\",\"{6C8B0C89-27B5-4177-A7F0-62E2E72B4C08}:\",\"0x410022D8 (8920 | JET_efvAllowHigherPersistedFormat)\",\"9180 (0x23dc)\",\"1568.20.0\"]},\"System\":{\"Channel\":\"Application\",\"Computer\":\"Chotu\",\"Correlation\":{},\"EventID\":{\"#text\":642,\"@Qualifiers\":0},\"EventRecordID\":33586,\"Execution\":{\"@ProcessID\":0,\"@ThreadID\":0},\"Keywords\":\"0x80000000000000\",\"Level\":3,\"Opcode\":0,\"Provider\":{\"@Name\":\"ESENT\"},\"Security\":{},\"Task\":1,\"TimeCreated\":{\"@SystemTime\":\"2020-11-26T09:45:39.2613105Z\"},\"Version\":0}}}", "{\"Event\":{\"EventData\":{\"Data\":[\"Video.UI\",\"6380,R,98\",\"{6C8B0C89-27B5-4177-A7F0-62E2E72B4C08}:\",\"C:\\\\Users\\\\huzail\\\\AppData\\\\Local\\\\Packages\\\\Microsoft.ZuneVideo_8wekyb3d8bbwe\\\\LocalState\\\\Database\\\\2e76e513a7eaf3b4\\\\EntClientDb.edb\",\"0x410022D8 (8920 | JET_efvAllowHigherPersistedFormat)\",\"8920 (0x22d8)\",\"9180 (0x23dc)\"]},\"System\":{\"Channel\":\"Application\",\"Computer\":\"Chotu\",\"Correlation\":{},\"EventID\":{\"#text\":330,\"@Qualifiers\":0},\"EventRecordID\":33587,\"Execution\":{\"@ProcessID\":0,\"@ThreadID\":0},\"Keywords\":\"0x80000000000000\",\"Level\":4,\"Opcode\":0,\"Provider\":{\"@Name\":\"ESENT\"},\"Security\":{},\"Task\":1,\"TimeCreated\":{\"@SystemTime\":\"2020-11-26T09:45:39.2623140Z\"},\"Version\":0}}}", "{\"Event\":{\"EventData\":{\"Data\":[\"Video.UI\",\"6380,R,98\",\"{6C8B0C89-27B5-4177-A7F0-62E2E72B4C08}:\",\"C:\\\\Users\\\\huzail\\\\AppData\\\\Local\\\\Packages\\\\Microsoft.ZuneVideo_8wekyb3d8bbwe\\\\LocalState\\\\Database\\\\2e76e513a7eaf3b4\\\\edb.log\",\"[1] 0.074569 -0.015876 (66) WT +J(CM:0, PgRf:0, Rd:0/0, Dy:0/0, Lg:689546/446) +M(C:0K, Fs:4305, WS:872K # 824K, PF:348K # 284K, P:348K).\",\"AttachDB\",53]},\"System\":{\"Channel\":\"Application\",\"Computer\":\"Chotu\",\"Correlation\":{},\"EventID\":{\"#text\":301,\"@Qualifiers\":0},\"EventRecordID\":33588,\"Execution\":{\"@ProcessID\":0,\"@ThreadID\":0},\"Keywords\":\"0x80000000000000\",\"Level\":4,\"Opcode\":0,\"Provider\":{\"@Name\":\"ESENT\"},\"Security\":{},\"Task\":3,\"TimeCreated\":{\"@SystemTime\":\"2020-11-26T09:45:39.2852991Z\"},\"Version\":0}}}", "{\"Event\":{\"EventData\":{\"Data\":[\"Video.UI\",\"6380,U,98\",\"{6C8B0C89-27B5-4177-A7F0-62E2E72B4C08}:\"]},\"System\":{\"Channel\":\"Application\",\"Computer\":\"Chotu\",\"Correlation\":{},\"EventID\":{\"#text\":302,\"@Qualifiers\":0},\"EventRecordID\":33589,\"Execution\":{\"@ProcessID\":0,\"@ThreadID\":0},\"Keywords\":\"0x80000000000000\",\"Level\":4,\"Opcode\":0,\"Provider\":{\"@Name\":\"ESENT\"},\"Security\":{},\"Task\":3,\"TimeCreated\":{\"@SystemTime\":\"2020-11-26T09:45:39.3252743Z\"},\"Version\":0}}}", "{\"Event\":{\"EventData\":{\"Data\":[\"Video.UI\",\"6380,D,0\",\"{6C8B0C89-27B5-4177-A7F0-62E2E72B4C08}:\",0,0,\"[1] 0.087519 +J(0) +M(C:0K, Fs:253, WS:964K # 964K, PF:2500K # 2584K, P:2500K)\\n[2] 0.000444 +J(0) +M(C:0K, Fs:98, WS:388K # 388K, PF:308K # 224K, P:308K)\\n[3] 0.000032 +J(0) +M(C:0K, Fs:5, WS:16K # 16K, PF:68K # 68K, P:68K)\\n[4] 0.000211 +J(0) +M(C:0K, Fs:34, WS:136K # 136K, PF:164K # 164K, P:164K)\\n[5] 0.003113 +J(0) +M(C:0K, Fs:8, WS:32K # 32K, PF:16K # 16K, P:16K)\\n[6] 0.002508 +J(0) +M(C:0K, Fs:21, WS:84K # 84K, PF:12K # 12K, P:12K)\\n[7] 0.109886 -0.107026 (9) WT +J(0) +M(C:0K, Fs:872, WS:3268K # 3268K, PF:2264K # 2264K, P:2264K)\\n[8] 0.130371 -0.066457 (70) WT +J(CM:0, PgRf:0, Rd:0/0, Dy:0/0, Lg:689546/446) +M(C:0K, Fs:4488, WS:1520K # 1524K, PF:680K # 688K, P:680K)\\n[9] 0.000956 +J(0) +M(C:0K, Fs:6, WS:24K # 20K, PF:0K # 0K, P:0K)\\n[10] 0.002781 -0.000009 (8) WT +J(0) +M(C:0K, Fs:0, WS:-2044K # 0K, PF:-2044K # 0K, P:-2044K)\\n[11] 0.000042 +J(CM:0, PgRf:0, Rd:0/0, Dy:0/0, Lg:49/1) +M(C:0K, Fs:2, WS:8K # 0K, PF:0K # 0K, P:0K)\\n[12] 0.012800 -0.012734 (2) WT +J(0) +M(C:0K, Fs:9, WS:36K # 0K, PF:0K # 0K, P:0K)\\n[13] 0.029892 -0.000450 (2) CM -0.015088 (28) WT +J(CM:2, PgRf:2, Rd:0/2, Dy:0/0, Lg:8759/5) +M(C:0K, Fs:572, WS:-84K # 0K, PF:-112K # 0K, P:-112K)\\n[14] 0.000022 +J(0)\\n[15] 0.000014 +J(0)\\n[16] 0.000836 -0.000001 (1) WT +J(0) +M(C:0K, Fs:2, WS:0K # 0K, PF:0K # 0K, P:0K).\",\"lgposV2[] = 00000002:0001:0000 - 00000002:00AB:03AF - 00000002:00AC:0000 - 00000002:00AC:0000 (00000000:0000:0000)\\ncReInits = 53\"]},\"System\":{\"Channel\":\"Application\",\"Computer\":\"Chotu\",\"Correlation\":{},\"EventID\":{\"#text\":105,\"@Qualifiers\":0},\"EventRecordID\":33590,\"Execution\":{\"@ProcessID\":0,\"@ThreadID\":0},\"Keywords\":\"0x80000000000000\",\"Level\":4,\"Opcode\":0,\"Provider\":{\"@Name\":\"ESENT\"},\"Security\":{},\"Task\":1,\"TimeCreated\":{\"@SystemTime\":\"2020-11-26T09:45:39.3332664Z\"},\"Version\":0}}}", "{\"Event\":{\"EventData\":{\"Data\":[\"Video.UI\",\"6380,D,50\",\"{6C8B0C89-27B5-4177-A7F0-62E2E72B4C08}:\",\"0x410022D8 (8920 | JET_efvAllowHigherPersistedFormat)\",\"9180 (0x23dc)\",\"1568.20.0\"]},\"System\":{\"Channel\":\"Application\",\"Computer\":\"Chotu\",\"Correlation\":{},\"EventID\":{\"#text\":642,\"@Qualifiers\":0},\"EventRecordID\":33591,\"Execution\":{\"@ProcessID\":0,\"@ThreadID\":0},\"Keywords\":\"0x80000000000000\",\"Level\":3,\"Opcode\":0,\"Provider\":{\"@Name\":\"ESENT\"},\"Security\":{},\"Task\":1,\"TimeCreated\":{\"@SystemTime\":\"2020-11-26T09:45:39.3362680Z\"},\"Version\":0}}}", "{\"Event\":{\"EventData\":{\"Data\":[\"Video.UI\",\"6380,D,50\",\"{6C8B0C89-27B5-4177-A7F0-62E2E72B4C08}:\",\"C:\\\\Users\\\\huzail\\\\AppData\\\\Local\\\\Packages\\\\Microsoft.ZuneVideo_8wekyb3d8bbwe\\\\LocalState\\\\Database\\\\2e76e513a7eaf3b4\\\\EntClientDb.edb\",\"0x410022D8 (8920 | JET_efvAllowHigherPersistedFormat)\",\"8920 (0x22d8)\",\"9180 (0x23dc)\"]},\"System\":{\"Channel\":\"Application\",\"Computer\":\"Chotu\",\"Correlation\":{},\"EventID\":{\"#text\":330,\"@Qualifiers\":0},\"EventRecordID\":33592,\"Execution\":{\"@ProcessID\":0,\"@ThreadID\":0},\"Keywords\":\"0x80000000000000\",\"Level\":4,\"Opcode\":0,\"Provider\":{\"@Name\":\"ESENT\"},\"Security\":{},\"Task\":1,\"TimeCreated\":{\"@SystemTime\":\"2020-11-26T09:45:39.3652488Z\"},\"Version\":0}}}", "{\"Event\":{\"EventData\":{\"Data\":[\"Video.UI\",\"6380,D,50\",\"{6C8B0C89-27B5-4177-A7F0-62E2E72B4C08}:\",\"0x410022D8 (8920 | JET_efvAllowHigherPersistedFormat)\",\"8940 (0x22ec - 8.6.20)\",\"8.5.16\"]},\"System\":{\"Channel\":\"Application\",\"Computer\":\"Chotu\",\"Correlation\":{},\"EventID\":{\"#text\":641,\"@Qualifiers\":0},\"EventRecordID\":33593,\"Execution\":{\"@ProcessID\":0,\"@ThreadID\":0},\"Keywords\":\"0x80000000000000\",\"Level\":4,\"Opcode\":0,\"Provider\":{\"@Name\":\"ESENT\"},\"Security\":{},\"Task\":1,\"TimeCreated\":{\"@SystemTime\":\"2020-11-26T09:45:39.3662497Z\"},\"Version\":0}}}", "{\"Event\":{\"EventData\":{\"Data\":[\"Video.UI\",\"6380,D,50\",\"{6C8B0C89-27B5-4177-A7F0-62E2E72B4C08}:\",1,\"C:\\\\Users\\\\huzail\\\\AppData\\\\Local\\\\Packages\\\\Microsoft.ZuneVideo_8wekyb3d8bbwe\\\\LocalState\\\\Database\\\\2e76e513a7eaf3b4\\\\EntClientDb.edb\",0,\"[1] 0.000004 +J(0)\\n[2] 0.001346 -0.000002 (1) WT +J(0) +M(C:0K, Fs:18, WS:8K # 0K, PF:8K # 0K, P:8K)\\n[3] 0.028497 -0.001139 (6) WT +J(CM:0, PgRf:0, Rd:0/0, Dy:0/0, Lg:3480/2) +M(C:0K, Fs:24, WS:72K # 0K, PF:72K # 0K, P:72K)\\n[4] 0.000632 +J(0)\\n[5] -\\n[6] -\\n[7] -\\n[8] 0.002168 -0.000663 (2) CM +J(CM:2, PgRf:2, Rd:14/2, Dy:0/0, Lg:0/0) +M(C:0K, Fs:13, WS:44K # 0K, PF:140K # 0K, P:140K)\\n[9] 0.035167 -0.001137 (5) CM -0.033420 (2) WT +J(CM:5, PgRf:23, Rd:0/5, Dy:0/0, Lg:0/0) +M(C:0K, Fs:111, WS:436K # 0K, PF:204K # 0K, P:204K)\\n[10] 0.000236 -0.000011 (2) CM +J(CM:2, PgRf:40, Rd:0/2, Dy:0/0, Lg:0/0) +M(C:0K, Fs:7, WS:24K # 0K, PF:68K # 0K, P:68K)\\n[11] 0.000018 +J(CM:0, PgRf:1, Rd:0/0, Dy:0/0, Lg:0/0) +M(C:0K, Fs:1, WS:4K # 0K, PF:0K # 0K, P:0K)\\n[12] 0.000062 +J(CM:0, PgRf:42, Rd:0/0, Dy:0/0, Lg:0/0) +M(C:0K, Fs:3, WS:12K # 0K, PF:0K # 0K, P:0K)\\n[13] 0.000001 +J(0)\\n[14] 0.000001 +J(0)\\n[15] 0.000009 +J(CM:0, PgRf:1, Rd:0/0, Dy:0/0, Lg:0/0).\",\"0 0\",\"lgposAttach = 00000002:00AE:0268,\\ndbv = 1568.20.0\"]},\"System\":{\"Channel\":\"Application\",\"Computer\":\"Chotu\",\"Correlation\":{},\"EventID\":{\"#text\":326,\"@Qualifiers\":0},\"EventRecordID\":33594,\"Execution\":{\"@ProcessID\":0,\"@ThreadID\":0},\"Keywords\":\"0x80000000000000\",\"Level\":4,\"Opcode\":0,\"Provider\":{\"@Name\":\"ESENT\"},\"Security\":{},\"Task\":1,\"TimeCreated\":{\"@SystemTime\":\"2020-11-26T09:45:39.4022273Z\"},\"Version\":0}}}", "{\"Event\":{\"EventData\":{\"Data\":[\"Video.UI\",\"6380,D,12\",\"{6C8B0C89-27B5-4177-A7F0-62E2E72B4C08}:\",\"0x410022D8 (8920 | JET_efvAllowHigherPersistedFormat)\",\"9080 (0x2378)\",\"1568.20.0\"]},\"System\":{\"Channel\":\"Application\",\"Computer\":\"Chotu\",\"Correlation\":{},\"EventID\":{\"#text\":642,\"@Qualifiers\":0},\